24/11/2020 00:51:21 Reaparece MonsterDraG: Faren
24/11/2020 02:04:09 Reaparece MonsterDraG: Bursol
24/11/2020 02:04:09 Reaparece MonsterDraG: Faren
24/11/2020 03:48:26 Reaparece MonsterDraG: Faren
24/11/2020 03:48:26 Reaparece MonsterDraG: Lostel
24/11/2020 04:04:21 Reaparece MonsterDraG: Bursol
24/11/2020 04:04:21 Reaparece MonsterDraG: Faren
24/11/2020 04:04:21 Reaparece MonsterDraG: Colossus
24/11/2020 04:04:21 Reaparece MonsterDraG: Lostel
24/11/2020 16:27:19 Reaparece MonsterDraG: Bursol
9/12/2020 10:46:22 Reaparece MonsterDraG: Lostel
10/12/2020 22:58:14 Reaparece MonsterDraG: Bursol
10/12/2020 22:58:14 Reaparece MonsterDraG: Colossus
11/12/2020 14:55:34 Reaparece MonsterDraG: Faren
11/12/2020 17:56:07 Reaparece MonsterDraG: Lostel
11/12/2020 20:57:05 Reaparece MonsterDraG: Bursol
14/12/2020 03:20:20 Reaparece MonsterDraG: Lostel
14/12/2020 14:36:24 Reaparece MonsterDraG: Lostel
14/12/2020 16:59:40 Reaparece MonsterDraG: Mirgan
14/12/2020 16:59:40 Reaparece MonsterDraG: Lostel
14/12/2020 18:55:15 Reaparece MonsterDraG: Mirgan
15/12/2020 13:56:48 Reaparece MonsterDraG: Faren
15/12/2020 16:57:32 Reaparece MonsterDraG: Bursol
15/12/2020 19:58:14 Reaparece MonsterDraG: Lostel
15/12/2020 22:59:01 Reaparece MonsterDraG: Mirgan
15/12/2020 22:59:01 Reaparece MonsterDraG: Colossus
17/12/2020 12:49:37 Reaparece MonsterDraG: Bursol
17/12/2020 12:49:37 Reaparece MonsterDraG: Faren
27/12/2020 22:03:00 Reaparece MonsterDraG: Faren
29/12/2020 12:17:10 Reaparece MonsterDraG: Lostel
4/1/2021 21:59:02 Reaparece MonsterDraG: Bursol
4/1/2021 21:59:02 Reaparece MonsterDraG: Faren
4/1/2021 21:59:02 Reaparece MonsterDraG: Mirgan
5/1/2021 11:36:29 Reaparece MonsterDraG: Colossus
5/1/2021 12:49:41 Reaparece MonsterDraG: Colossus
9/1/2021 02:10:33 Reaparece MonsterDraG: Mirgan
18/1/2021 11:30:47 Reaparece MonsterDraG: Colossus
19/1/2021 02:55:02 Reaparece MonsterDraG: Mirgan
19/1/2021 03:48:38 Reaparece MonsterDraG: Bursol
19/1/2021 03:48:38 Reaparece MonsterDraG: Faren
19/1/2021 04:06:47 Reaparece MonsterDraG: Bursol
20/1/2021 09:36:51 Reaparece MonsterDraG: Bursol
23/1/2021 00:21:33 Reaparece MonsterDraG: Bursol
25/1/2021 22:34:51 Reaparece MonsterDraG: Mirgan
25/1/2021 23:14:43 Reaparece MonsterDraG: Mirgan
26/1/2021 09:29:45 Reaparece MonsterDraG: Mirgan
26/1/2021 09:29:45 Reaparece MonsterDraG: Colossus
26/1/2021 09:29:45 Reaparece MonsterDraG: Lostel
13/2/2021 01:41:36 Reaparece MonsterDraG: Mirgan
13/2/2021 01:41:36 Reaparece MonsterDraG: Lostel
13/2/2021 04:41:49 Reaparece MonsterDraG: Faren
13/2/2021 07:42:03 Reaparece MonsterDraG: Bursol
24/02/2021 13:28:47 Reaparece MonsterDraG: Faren
24/02/2021 13:28:47 Reaparece MonsterDraG: Colossus
2/3/2021 19:07:25 Reaparece MonsterDraG: Faren
2/3/2021 19:07:25 Reaparece MonsterDraG: Lostel
3/3/2021 13:17:31 Reaparece MonsterDraG: Mirgan
3/3/2021 13:17:31 Reaparece MonsterDraG: Lostel
10/3/2021 22:07:31 Reaparece MonsterDraG: Bursol
11/3/2021 00:10:28 Reaparece MonsterDraG: Lostel
13/3/2021 00:43:59 Reaparece MonsterDraG: Faren
13/3/2021 00:43:59 Reaparece MonsterDraG: Mirgan
13/3/2021 00:43:59 Reaparece MonsterDraG: Lostel
13/3/2021 00:53:41 Reaparece MonsterDraG: Faren
13/3/2021 17:57:26 Reaparece MonsterDraG: Lostel
13/3/2021 18:09:56 Reaparece MonsterDraG: Colossus
13/3/2021 18:24:32 Reaparece MonsterDraG: Colossus
17/3/2021 09:19:23 Reaparece MonsterDraG: Lostel
17/3/2021 10:10:06 Reaparece MonsterDraG: Lostel
17/3/2021 13:38:36 Reaparece MonsterDraG: Mirgan
17/3/2021 13:38:36 Reaparece MonsterDraG: Colossus
23/3/2021 10:05:04 Reaparece MonsterDraG: Faren
23/3/2021 10:17:01 Reaparece MonsterDraG: Faren
23/3/2021 10:17:01 Reaparece MonsterDraG: Colossus
28/03/2021 9:40:03 Reaparece MonsterDraG: Colossus
28/03/2021 10:09:25 Reaparece MonsterDraG: Faren
28/03/2021 13:00:06 Reaparece MonsterDraG: Mirgan
28/3/2021 22:45:29 Reaparece MonsterDraG: Mirgan
28/3/2021 23:53:18 Reaparece MonsterDraG: Colossus
28/3/2021 23:53:18 Reaparece MonsterDraG: Lostel
15/12/2021 20:15:43 Reaparece MonsterDraG: Faren
15/12/2021 20:15:43 Reaparece MonsterDraG: Mirgan
