3/3/2021 12:48:10 Mas de 80 iteraciones en SpawnNpc Mapa:88 Index:Banquero
10/3/2021 19:11:21 Mas de 80 iteraciones en SpawnNpc Mapa:160 Index:Serpiente
10/3/2021 22:07:31 Mas de 80 iteraciones en SpawnNpc Mapa:160 Index:Serpiente
11/3/2021 00:05:28 Mas de 80 iteraciones en SpawnNpc Mapa:48 Index:Serpiente
13/3/2021 00:48:40 Mas de 80 iteraciones en SpawnNpc Mapa:110 Index:Gallo salvaje
13/3/2021 00:48:41 Mas de 80 iteraciones en SpawnNpc Mapa:92 Index:Serpiente
13/03/2021 1:10:19 Mas de 80 iteraciones en SpawnNpc Mapa:160 Index:Serpiente
13/3/2021 17:52:25 Mas de 80 iteraciones en SpawnNpc Mapa:86 Index:Imp
13/3/2021 17:52:25 Mas de 80 iteraciones en SpawnNpc Mapa:201 Index:Serpiente
13/3/2021 17:52:25 Mas de 80 iteraciones en SpawnNpc Mapa:201 Index:Banquero
13/3/2021 17:52:25 Mas de 80 iteraciones en SpawnNpc Mapa:88 Index:Tabernero
13/3/2021 17:52:26 Mas de 80 iteraciones en SpawnNpc Mapa:48 Index:Tabernero
13/3/2021 17:57:26 Mas de 80 iteraciones en SpawnNpc Mapa:160 Index:Serpiente
13/3/2021 18:19:32 Mas de 80 iteraciones en SpawnNpc Mapa:140 Index:Imp
13/3/2021 18:19:32 Mas de 80 iteraciones en SpawnNpc Mapa:190 Index:Banquero
14/3/2021 12:05:10 Mas de 80 iteraciones en SpawnNpc Mapa:88 Index:Banquero
16/3/2021 10:39:23 Mas de 80 iteraciones en SpawnNpc Mapa:48 Index:Banquero
16/3/2021 10:39:23 Mas de 80 iteraciones en SpawnNpc Mapa:146 Index:Hechizera
17/3/2021 09:06:30 Mas de 80 iteraciones en SpawnNpc Mapa:139 Index:Imp
17/3/2021 09:06:31 Mas de 80 iteraciones en SpawnNpc Mapa:139 Index:Gallo salvaje
17/3/2021 09:06:31 Mas de 80 iteraciones en SpawnNpc Mapa:140 Index:Tabernero
17/3/2021 10:05:06 Mas de 80 iteraciones en SpawnNpc Mapa:88 Index:Gallo salvaje >> Mejorado <<
17/3/2021 13:32:46 Mas de 80 iteraciones en SpawnNpc Mapa:88 Index:Gallo salvaje
17/3/2021 13:33:36 Mas de 80 iteraciones en SpawnNpc Mapa:145 Index:Imp
17/3/2021 13:33:36 Mas de 80 iteraciones en SpawnNpc Mapa:92 Index:Tabernero
23/3/2021 10:00:04 Mas de 80 iteraciones en SpawnNpc Mapa:88 Index:Imp
23/3/2021 10:12:01 Mas de 80 iteraciones en SpawnNpc Mapa:92 Index:Hechizera
23/3/2021 10:17:01 Mas de 80 iteraciones en SpawnNpc Mapa:160 Index:Serpiente
28/03/2021 9:35:03 Mas de 80 iteraciones en SpawnNpc Mapa:88 Index:Banquero
28/3/2021 22:40:29 Mas de 80 iteraciones en SpawnNpc Mapa:143 Index:Banquero
28/3/2021 23:48:17 Mas de 80 iteraciones en SpawnNpc Mapa:48 Index:Imp
28/3/2021 23:48:17 Mas de 80 iteraciones en SpawnNpc Mapa:139 Index:Gallo salvaje
28/3/2021 23:48:17 Mas de 80 iteraciones en SpawnNpc Mapa:139 Index:Gallo salvaje
28/3/2021 23:48:17 Mas de 80 iteraciones en SpawnNpc Mapa:142 Index:Serpiente
28/3/2021 23:48:18 Mas de 80 iteraciones en SpawnNpc Mapa:146 Index:Hechizera
28/3/2021 23:48:18 Mas de 80 iteraciones en SpawnNpc Mapa:146 Index:Leñador
29/3/2021 02:53:33 Mas de 80 iteraciones en SpawnNpc Mapa:160 Index:Serpiente
12/4/2021 10:09:39 MAIN10048 D: Dirección en uso
