10/12/2020 23:05:12 Se conecto con ip:127.0.0.1 SE: 673456161
10/12/2020 23:06:14 Se conecto con ip:127.0.0.1 SE: 673456161
10/12/2020 23:06:52 Transporto a Magistral hacia Mapa34 X:50 Y:50
10/12/2020 23:09:20 Se conecto con ip:127.0.0.1 SE: 673456161
10/12/2020 23:13:06 /CC  Map:35 X:31 Y:77
10/12/2020 23:14:21 Se conecto con ip:127.0.0.1 SE: 673456161
11/12/2020 0:06:30 Se conecto con ip:127.0.0.1 SE: 673456161
11/12/2020 0:06:35 Transporto a Magistral hacia Mapa182 X:50 Y:50
11/12/2020 0:09:23 Transporto a Magistral hacia Mapa34 X:50 Y:50
11/12/2020 0:09:45 /CC  Map:34 X:32 Y:69
11/12/2020 0:09:50 Sumoneo Gollum
11/12/2020 0:09:55 /MATA NPC SIN INICIAR
11/12/2020 0:11:34 Se conecto con ip:127.0.0.1 SE: 673456161
11/12/2020 0:12:20 Mensaje Broadcast:Hola
11/12/2020 19:52:24 Se conecto con ip:127.0.0.1 SE: 673456161
11/12/2020 19:52:28 /TELEPLOC a x:36 Y:89 Map:34
11/12/2020 19:52:28 /TELEPLOC a x:36 Y:89 Map:34
11/12/2020 19:52:28 /TELEPLOC a x:36 Y:89 Map:34
11/12/2020 19:52:29 /TELEPLOC a x:36 Y:89 Map:34
11/12/2020 19:52:30 /TELEPLOC a x:38 Y:86 Map:34
11/12/2020 19:52:30 /TELEPLOC a x:37 Y:82 Map:34
11/12/2020 19:52:30 /TELEPLOC a x:36 Y:78 Map:34
11/12/2020 19:52:30 /TELEPLOC a x:35 Y:75 Map:34
11/12/2020 19:52:31 /TELEPLOC a x:35 Y:73 Map:34
11/12/2020 19:52:31 /TELEPLOC a x:34 Y:73 Map:34
11/12/2020 19:52:31 /TELEPLOC a x:31 Y:73 Map:34
11/12/2020 19:52:31 /TELEPLOC a x:29 Y:73 Map:34
11/12/2020 19:52:31 /TELEPLOC a x:28 Y:73 Map:34
11/12/2020 19:52:32 /TELEPLOC a x:29 Y:71 Map:34
11/12/2020 19:52:53 CAMBIO CLAVE: c@c.c
11/12/2020 20:02:10 /mod dinax exp 44444444
11/12/2020 20:02:11 /mod dinax exp 44444444
11/12/2020 20:02:11 /mod dinax exp 44444444
11/12/2020 20:02:23 /mod dinax exp 44444444
11/12/2020 20:02:24 /mod dinax exp 44444444
11/12/2020 20:02:24 /mod dinax exp 44444444
11/12/2020 20:02:24 /mod dinax exp 44444444
11/12/2020 20:03:21 /mod dinax exp 44444444
11/12/2020 20:03:21 /mod dinax exp 44444444
11/12/2020 20:03:23 /mod dinax exp 44444444
11/12/2020 20:07:58 /mod dinax exp 44444444
11/12/2020 20:07:58 /mod dinax exp 44444444
11/12/2020 20:07:59 /mod dinax exp 44444444
11/12/2020 20:07:59 /mod dinax exp 44444444
11/12/2020 20:07:59 /mod dinax exp 44444444
11/12/2020 20:08:00 /mod dinax exp 44444444
11/12/2020 20:08:00 /mod dinax exp 44444444
11/12/2020 20:08:01 /mod dinax exp 44444444
11/12/2020 20:08:01 /mod dinax exp 44444444
11/12/2020 20:08:02 /mod dinax exp 44444444
11/12/2020 20:08:03 /mod dinax exp 44444444
11/12/2020 20:08:32 /mod dinax exp 44444444
11/12/2020 20:08:32 /mod dinax exp 44444444
11/12/2020 20:08:36 /mod dinax exp 444444445
11/12/2020 20:08:36 /mod dinax exp 444444445
11/12/2020 20:08:36 /mod dinax exp 444444445
11/12/2020 20:08:37 /mod dinax exp 444444445
11/12/2020 20:08:37 /mod dinax exp 444444445
11/12/2020 20:08:38 /mod dinax exp 444444445
11/12/2020 20:08:38 /mod dinax exp 444444445
11/12/2020 20:08:38 /mod dinax exp 444444445
11/12/2020 20:08:42 /mod dinax exp 444444445
11/12/2020 20:08:42 /mod dinax exp 444444445
11/12/2020 20:08:43 /mod dinax exp 4444444455
11/12/2020 20:08:44 /mod dinax exp 444444445
11/12/2020 20:08:44 /mod dinax exp 444444445
11/12/2020 20:08:45 /mod dinax exp 444444445
11/12/2020 20:08:45 /mod dinax exp 444444445
11/12/2020 20:08:46 /mod dinax exp 444444445
11/12/2020 20:08:46 /mod dinax exp 444444445
11/12/2020 20:08:46 /mod dinax exp 444444445
11/12/2020 20:08:47 /mod dinax exp 444444445
11/12/2020 20:08:47 /mod dinax exp 444444445
11/12/2020 20:08:48 /mod dinax exp 444444445
11/12/2020 20:08:48 /mod dinax exp 444444445
11/12/2020 20:08:48 /mod dinax exp 444444445
11/12/2020 20:08:49 /mod dinax exp 444444445
11/12/2020 20:08:49 /mod dinax exp 444444445
11/12/2020 20:08:53 /mod dinax exp 444444445
11/12/2020 20:08:54 /mod dinax exp 444444445
11/12/2020 20:14:34 /mod dinax oro 95000
11/12/2020 22:26:08 /mod dinax exp 555555555
11/12/2020 22:26:08 /mod dinax exp 555555555
11/12/2020 22:26:08 /mod dinax exp 555555555
11/12/2020 22:26:10 /mod dinax exp 555555555
11/12/2020 22:26:10 /mod dinax exp 555555555
11/12/2020 22:26:12 /mod dinax exp 555555555
11/12/2020 22:26:12 /mod dinax exp 555555555
11/12/2020 22:26:13 /mod dinax exp 555555555
11/12/2020 22:26:13 /mod dinax exp 555555555
11/12/2020 22:26:14 /mod dinax exp 555555555
11/12/2020 22:26:14 /mod dinax exp 555555555
11/12/2020 22:26:15 /mod dinax exp 555555555
11/12/2020 22:26:15 /mod dinax exp 555555555
11/12/2020 22:26:15 /mod dinax exp 555555555
11/12/2020 22:26:16 /mod dinax exp 555555555
11/12/2020 22:26:16 /mod dinax exp 555555555
11/12/2020 22:26:17 /mod dinax exp 555555555
11/12/2020 22:26:29 /mod dinax exp 555555555
11/12/2020 22:26:30 /mod dinax exp 555555555
11/12/2020 22:26:30 /mod dinax exp 555555555
11/12/2020 22:26:31 /mod dinax exp 555555555
11/12/2020 22:26:31 /mod dinax exp 555555555
11/12/2020 22:26:33 /mod dinax exp 555555555
11/12/2020 22:26:34 /mod dinax exp 555555555
11/12/2020 22:26:35 /mod dinax exp 555555555
11/12/2020 22:26:36 /mod dinax exp 555555555
11/12/2020 22:26:36 /mod dinax exp 555555555
11/12/2020 22:26:37 /mod dinax exp 555555555
11/12/2020 22:26:37 /mod dinax exp 555555555
11/12/2020 22:26:38 /mod dinax exp 555555555
11/12/2020 22:26:38 /mod dinax exp 555555555
11/12/2020 22:26:38 /mod dinax exp 555555555
11/12/2020 22:26:40 /mod dinax exp 555555555
11/12/2020 22:26:40 /mod dinax exp 555555555
11/12/2020 22:26:41 /mod dinax exp 555555555
11/12/2020 22:26:41 /mod dinax exp 555555555
11/12/2020 22:26:42 /mod dinax exp 555555555
11/12/2020 22:26:42 /mod dinax exp 555555555
11/12/2020 22:28:34 /mod dinax exp 555555555
11/12/2020 22:28:35 /mod dinax exp 555555555
11/12/2020 22:28:35 /mod dinax exp 555555555
11/12/2020 22:28:36 /mod dinax exp 555555555
11/12/2020 22:28:37 /mod dinax exp 555555555
11/12/2020 22:28:38 /mod dinax exp 555555555
11/12/2020 22:28:38 /mod dinax exp 555555555
11/12/2020 22:28:39 /mod dinax exp 555555555
11/12/2020 22:28:39 /mod dinax exp 555555555
11/12/2020 22:28:40 /mod dinax exp 555555555
11/12/2020 22:28:41 /mod dinax exp 555555555
11/12/2020 22:28:43 /mod dinax exp 555555555
11/12/2020 22:28:44 /mod dinax exp 555555555
11/12/2020 22:28:45 /mod dinax exp 555555555
11/12/2020 22:28:45 /mod dinax exp 555555555
11/12/2020 22:28:46 /mod dinax exp 555555555
11/12/2020 22:34:17 /mod gandalf exp 555555555
11/12/2020 22:34:18 /mod gandalf exp 555555555
11/12/2020 22:34:18 /mod gandalf exp 555555555
11/12/2020 22:34:19 /mod gandalf exp 555555555
11/12/2020 22:34:20 /mod gandalf exp 555555555
11/12/2020 22:34:20 /mod gandalf exp 555555555
11/12/2020 22:34:21 /mod gandalf exp 555555555
11/12/2020 22:34:21 /mod gandalf exp 555555555
11/12/2020 22:34:22 /mod gandalf exp 555555555
11/12/2020 22:34:22 /mod gandalf exp 555555555
11/12/2020 22:34:23 /mod gandalf exp 555555555
11/12/2020 22:34:23 /mod gandalf exp 555555555
11/12/2020 22:34:24 /mod gandalf exp 555555555
11/12/2020 22:34:24 /mod gandalf exp 555555555
11/12/2020 22:34:25 /mod gandalf exp 555555555
11/12/2020 22:34:25 /mod gandalf exp 555555555
11/12/2020 22:34:28 /mod gandalf exp 555555555
11/12/2020 22:34:29 /mod gandalf exp 555555555
11/12/2020 22:34:29 /mod gandalf exp 555555555
11/12/2020 22:34:31 /mod gandalf exp 555555555
11/12/2020 22:35:17 /SUM Gandalf Map:34 X:29 Y:69
11/12/2020 22:35:23 /mod gandalf level 55
11/12/2020 22:38:33 /mod gandalf exp 5555555555
11/12/2020 22:38:33 /mod gandalf exp 5555555555
11/12/2020 22:38:36 /mod gandalf exp 555555555
11/12/2020 22:38:37 /mod gandalf exp 555555555
11/12/2020 22:38:37 /mod gandalf exp 555555555
11/12/2020 22:38:38 /mod gandalf exp 555555555
11/12/2020 22:38:38 /mod gandalf exp 555555555
11/12/2020 22:38:38 /mod gandalf exp 555555555
11/12/2020 22:38:39 /mod gandalf exp 555555555
11/12/2020 22:38:39 /mod gandalf exp 555555555
11/12/2020 22:38:40 /mod gandalf exp 555555555
11/12/2020 22:38:40 /mod gandalf exp 555555555
11/12/2020 22:38:40 /mod gandalf exp 555555555
11/12/2020 22:38:41 /mod gandalf exp 555555555
11/12/2020 22:38:42 /mod gandalf exp 555555555
11/12/2020 22:38:42 /mod gandalf exp 555555555
11/12/2020 22:38:43 /mod gandalf exp 555555555
11/12/2020 22:38:44 /mod gandalf exp 555555555
11/12/2020 22:38:44 /mod gandalf exp 555555555
11/12/2020 22:38:44 /mod gandalf exp 555555555
11/12/2020 22:38:45 /mod gandalf exp 555555555
11/12/2020 22:38:45 /mod gandalf exp 555555555
11/12/2020 22:38:46 /mod gandalf exp 555555555
11/12/2020 22:38:46 /mod gandalf exp 555555555
11/12/2020 22:38:47 /mod gandalf exp 555555555
11/12/2020 22:38:47 /mod gandalf exp 555555555
11/12/2020 22:38:47 /mod gandalf exp 555555555
11/12/2020 22:38:48 /mod gandalf exp 555555555
11/12/2020 22:38:48 /mod gandalf exp 555555555
11/12/2020 22:38:49 /mod gandalf exp 555555555
11/12/2020 22:38:50 /mod gandalf exp 555555555
11/12/2020 22:38:51 /mod gandalf exp 555555555
11/12/2020 22:38:51 /mod gandalf exp 555555555
11/12/2020 22:38:52 /mod gandalf exp 555555555
11/12/2020 22:38:52 /mod gandalf exp 555555555
11/12/2020 22:38:53 /mod gandalf exp 555555555
11/12/2020 22:38:53 /mod gandalf exp 555555555
11/12/2020 22:38:54 /mod gandalf exp 555555555
11/12/2020 22:38:54 /mod gandalf exp 555555555
11/12/2020 22:38:55 /mod gandalf exp 555555555
11/12/2020 22:38:55 /mod gandalf exp 555555555
11/12/2020 22:38:55 /mod gandalf exp 555555555
11/12/2020 22:38:56 /mod gandalf exp 555555555
11/12/2020 22:38:56 /mod gandalf exp 555555555
11/12/2020 22:38:57 /mod gandalf exp 555555555
11/12/2020 22:38:57 /mod gandalf exp 555555555
11/12/2020 22:38:58 /mod gandalf exp 555555555
11/12/2020 22:38:58 /mod gandalf exp 555555555
11/12/2020 22:38:59 /mod gandalf exp 555555555
11/12/2020 22:38:59 /mod gandalf exp 555555555
11/12/2020 22:39:00 /mod gandalf exp 555555555
11/12/2020 22:39:00 /mod gandalf exp 555555555
11/12/2020 22:39:00 /mod gandalf exp 555555555
11/12/2020 22:39:01 /mod gandalf exp 555555555
11/12/2020 22:39:01 /mod gandalf exp 555555555
11/12/2020 22:39:02 /mod gandalf exp 555555555
11/12/2020 22:39:02 /mod gandalf exp 555555555
11/12/2020 22:39:33 /mod gandalf oro 95000
11/12/2020 22:43:18 /IRA Dinax Mapa:35 X:55 Y:38
11/12/2020 22:43:27 /SUM Gandalf Map:35 X:55 Y:39
11/12/2020 22:46:53 Resucito a Dinax
11/12/2020 22:48:36 Transporto a Magistral hacia Mapa34 X:50 Y:50
11/12/2020 22:48:47 /SUM Gandalf Map:34 X:47 Y:59
11/12/2020 22:49:05 /IRA Dinax Mapa:35 X:59 Y:38
11/12/2020 22:49:12 /SUM Gandalf Map:35 X:59 Y:39
15/12/2020 14:11:01 Se conecto con ip:127.0.0.1 SE: 673456161
15/12/2020 14:11:04 Transporto a Magistral hacia Mapa34 X:34 Y:79
15/12/2020 14:11:04 Transporto a Magistral hacia Mapa34 X:34 Y:74
15/12/2020 14:11:04 Transporto a Magistral hacia Mapa34 X:34 Y:69
15/12/2020 14:11:05 Transporto a Magistral hacia Mapa34 X:34 Y:64
15/12/2020 14:11:05 Transporto a Magistral hacia Mapa34 X:34 Y:60
15/12/2020 14:11:05 Transporto a Magistral hacia Mapa34 X:34 Y:54
15/12/2020 14:11:09 Transporto a Magistral hacia Mapa34 X:27 Y:52
15/12/2020 14:11:09 Transporto a Magistral hacia Mapa34 X:21 Y:51
15/12/2020 14:11:10 Transporto a Magistral hacia Mapa34 X:21 Y:54
15/12/2020 14:11:10 Transporto a Magistral hacia Mapa34 X:21 Y:58
15/12/2020 14:11:11 Transporto a Magistral hacia Mapa34 X:18 Y:58
15/12/2020 14:11:11 Transporto a Magistral hacia Mapa34 X:16 Y:57
15/12/2020 14:11:11 Transporto a Magistral hacia Mapa34 X:18 Y:60
15/12/2020 14:11:11 Transporto a Magistral hacia Mapa34 X:22 Y:62
15/12/2020 14:11:12 Transporto a Magistral hacia Mapa34 X:26 Y:64
15/12/2020 14:11:12 Transporto a Magistral hacia Mapa34 X:30 Y:64
15/12/2020 14:11:12 Transporto a Magistral hacia Mapa34 X:28 Y:61
15/12/2020 14:11:12 Transporto a Magistral hacia Mapa34 X:24 Y:60
15/12/2020 14:11:13 Transporto a Magistral hacia Mapa34 X:21 Y:60
15/12/2020 14:11:13 Transporto a Magistral hacia Mapa34 X:23 Y:59
15/12/2020 14:11:14 Transporto a Magistral hacia Mapa34 X:25 Y:58
15/12/2020 14:11:14 Transporto a Magistral hacia Mapa34 X:27 Y:57
15/12/2020 14:11:14 Transporto a Magistral hacia Mapa34 X:26 Y:58
15/12/2020 14:11:15 Transporto a Magistral hacia Mapa34 X:29 Y:59
15/12/2020 14:11:15 Transporto a Magistral hacia Mapa34 X:32 Y:60
15/12/2020 14:11:15 Transporto a Magistral hacia Mapa34 X:34 Y:62
15/12/2020 14:11:15 Transporto a Magistral hacia Mapa34 X:33 Y:67
15/12/2020 14:11:16 Transporto a Magistral hacia Mapa34 X:31 Y:70
15/12/2020 14:11:16 Transporto a Magistral hacia Mapa34 X:30 Y:72
15/12/2020 14:11:16 Transporto a Magistral hacia Mapa34 X:30 Y:71
15/12/2020 14:11:17 Transporto a Magistral hacia Mapa34 X:31 Y:71
15/12/2020 14:11:17 Transporto a Magistral hacia Mapa34 X:31 Y:71
15/12/2020 14:11:17 Transporto a Magistral hacia Mapa34 X:30 Y:71
15/12/2020 14:11:53 Transporto a Magistral hacia Mapa34 X:33 Y:52
15/12/2020 14:11:53 Transporto a Magistral hacia Mapa34 X:35 Y:48
15/12/2020 14:11:53 Transporto a Magistral hacia Mapa34 X:35 Y:45
15/12/2020 14:11:54 Transporto a Magistral hacia Mapa34 X:34 Y:48
15/12/2020 14:11:54 Transporto a Magistral hacia Mapa34 X:33 Y:53
15/12/2020 14:11:55 Transporto a Magistral hacia Mapa34 X:32 Y:58
15/12/2020 14:12:19 Se conecto con ip:127.0.0.1 SE: 673456161
15/12/2020 14:13:52 Transporto a Magistral hacia Mapa34 X:38 Y:69
15/12/2020 14:13:53 Transporto a Magistral hacia Mapa34 X:44 Y:71
15/12/2020 14:13:53 Transporto a Magistral hacia Mapa34 X:50 Y:72
15/12/2020 14:13:53 Transporto a Magistral hacia Mapa34 X:57 Y:73
15/12/2020 14:13:53 Transporto a Magistral hacia Mapa34 X:61 Y:77
15/12/2020 14:13:53 Transporto a Magistral hacia Mapa34 X:64 Y:81
15/12/2020 14:13:54 Transporto a Magistral hacia Mapa34 X:66 Y:85
15/12/2020 14:13:55 Transporto a Magistral hacia Mapa34 X:63 Y:86
15/12/2020 14:19:37 Se conecto con ip:127.0.0.1 SE: 673456161
15/12/2020 14:19:39 Transporto a Magistral hacia Mapa34 X:36 Y:85
15/12/2020 14:19:39 Transporto a Magistral hacia Mapa34 X:43 Y:84
15/12/2020 14:19:39 Transporto a Magistral hacia Mapa34 X:49 Y:83
15/12/2020 14:19:40 Transporto a Magistral hacia Mapa34 X:54 Y:82
15/12/2020 14:19:40 Transporto a Magistral hacia Mapa34 X:58 Y:80
15/12/2020 14:19:41 Transporto a Magistral hacia Mapa34 X:65 Y:79
15/12/2020 14:19:41 Transporto a Magistral hacia Mapa34 X:69 Y:78
15/12/2020 14:19:44 Transporto a Magistral hacia Mapa59 X:47 Y:44
15/12/2020 14:19:44 Transporto a Magistral hacia Mapa59 X:47 Y:37
15/12/2020 14:19:45 Transporto a Magistral hacia Mapa59 X:47 Y:33
15/12/2020 14:19:48 Transporto a Magistral hacia Mapa34 X:58 Y:57
15/12/2020 14:19:49 Transporto a Magistral hacia Mapa34 X:66 Y:63
15/12/2020 14:19:49 Transporto a Magistral hacia Mapa34 X:71 Y:68
15/12/2020 14:19:49 Transporto a Magistral hacia Mapa34 X:72 Y:72
15/12/2020 14:19:50 Transporto a Magistral hacia Mapa34 X:73 Y:76
15/12/2020 14:20:09 Transporto a Magistral hacia Mapa170 X:34 Y:27
15/12/2020 14:20:10 Transporto a Magistral hacia Mapa170 X:34 Y:33
15/12/2020 14:20:10 Transporto a Magistral hacia Mapa170 X:34 Y:38
15/12/2020 14:20:11 Transporto a Magistral hacia Mapa170 X:35 Y:47
15/12/2020 14:20:12 Transporto a Magistral hacia Mapa170 X:40 Y:52
15/12/2020 14:20:12 Transporto a Magistral hacia Mapa170 X:45 Y:54
15/12/2020 14:20:13 Transporto a Magistral hacia Mapa170 X:48 Y:58
15/12/2020 14:20:13 Transporto a Magistral hacia Mapa170 X:49 Y:62
15/12/2020 14:20:13 Transporto a Magistral hacia Mapa170 X:48 Y:67
15/12/2020 14:20:13 Transporto a Magistral hacia Mapa170 X:45 Y:70
15/12/2020 14:20:13 Transporto a Magistral hacia Mapa170 X:42 Y:74
15/12/2020 14:20:14 Transporto a Magistral hacia Mapa170 X:39 Y:78
15/12/2020 14:20:14 Transporto a Magistral hacia Mapa170 X:37 Y:76
15/12/2020 14:20:14 Transporto a Magistral hacia Mapa170 X:34 Y:74
15/12/2020 14:20:15 Transporto a Magistral hacia Mapa170 X:32 Y:73
15/12/2020 14:20:16 Transporto a Magistral hacia Mapa170 X:32 Y:71
15/12/2020 14:20:16 Transporto a Magistral hacia Mapa170 X:33 Y:67
15/12/2020 14:20:16 Transporto a Magistral hacia Mapa170 X:34 Y:64
15/12/2020 14:20:17 Transporto a Magistral hacia Mapa170 X:33 Y:59
15/12/2020 14:20:18 Transporto a Magistral hacia Mapa170 X:34 Y:61
15/12/2020 14:20:19 Transporto a Magistral hacia Mapa170 X:32 Y:54
15/12/2020 14:20:19 Transporto a Magistral hacia Mapa170 X:31 Y:49
15/12/2020 14:20:19 Transporto a Magistral hacia Mapa170 X:31 Y:45
15/12/2020 14:20:20 Transporto a Magistral hacia Mapa170 X:31 Y:41
15/12/2020 14:20:20 Transporto a Magistral hacia Mapa170 X:32 Y:37
15/12/2020 14:20:20 Transporto a Magistral hacia Mapa170 X:33 Y:33
15/12/2020 14:20:20 Transporto a Magistral hacia Mapa170 X:36 Y:31
15/12/2020 14:20:20 Transporto a Magistral hacia Mapa170 X:40 Y:31
15/12/2020 14:20:21 Transporto a Magistral hacia Mapa170 X:45 Y:30
15/12/2020 14:20:21 Transporto a Magistral hacia Mapa170 X:50 Y:31
15/12/2020 14:20:21 Transporto a Magistral hacia Mapa170 X:56 Y:32
15/12/2020 14:20:21 Transporto a Magistral hacia Mapa170 X:62 Y:33
15/12/2020 14:20:22 Transporto a Magistral hacia Mapa170 X:69 Y:34
15/12/2020 14:20:22 Transporto a Magistral hacia Mapa170 X:74 Y:37
15/12/2020 14:20:22 Transporto a Magistral hacia Mapa170 X:78 Y:40
15/12/2020 14:20:22 Transporto a Magistral hacia Mapa170 X:81 Y:43
15/12/2020 14:20:22 Transporto a Magistral hacia Mapa170 X:82 Y:48
15/12/2020 14:20:23 Transporto a Magistral hacia Mapa170 X:82 Y:53
15/12/2020 14:20:23 Transporto a Magistral hacia Mapa170 X:81 Y:57
15/12/2020 14:20:23 Transporto a Magistral hacia Mapa170 X:80 Y:60
15/12/2020 14:20:23 Transporto a Magistral hacia Mapa170 X:86 Y:54
15/12/2020 14:20:24 Transporto a Magistral hacia Mapa170 X:88 Y:47
15/12/2020 14:20:24 Transporto a Magistral hacia Mapa170 X:88 Y:44
15/12/2020 14:20:24 Transporto a Magistral hacia Mapa39 X:15 Y:37
15/12/2020 14:20:25 Transporto a Magistral hacia Mapa39 X:13 Y:32
15/12/2020 14:20:26 Transporto a Magistral hacia Mapa170 X:82 Y:27
15/12/2020 14:20:26 Transporto a Magistral hacia Mapa170 X:80 Y:24
15/12/2020 14:20:27 Transporto a Magistral hacia Mapa170 X:78 Y:21
15/12/2020 14:20:27 Transporto a Magistral hacia Mapa170 X:72 Y:18
15/12/2020 14:20:28 Transporto a Magistral hacia Mapa170 X:68 Y:16
15/12/2020 14:20:28 Transporto a Magistral hacia Mapa170 X:63 Y:15
15/12/2020 14:20:28 Transporto a Magistral hacia Mapa170 X:57 Y:15
15/12/2020 14:20:28 Transporto a Magistral hacia Mapa170 X:52 Y:16
15/12/2020 14:20:28 Transporto a Magistral hacia Mapa170 X:48 Y:18
15/12/2020 14:20:29 Transporto a Magistral hacia Mapa170 X:45 Y:21
15/12/2020 14:20:29 Transporto a Magistral hacia Mapa170 X:41 Y:25
15/12/2020 14:20:29 Transporto a Magistral hacia Mapa170 X:38 Y:29
15/12/2020 14:20:29 Transporto a Magistral hacia Mapa170 X:38 Y:33
15/12/2020 14:20:29 Transporto a Magistral hacia Mapa170 X:40 Y:37
15/12/2020 14:20:29 Transporto a Magistral hacia Mapa170 X:42 Y:41
15/12/2020 14:20:30 Transporto a Magistral hacia Mapa170 X:44 Y:45
15/12/2020 14:20:30 Transporto a Magistral hacia Mapa170 X:42 Y:49
15/12/2020 14:20:30 Transporto a Magistral hacia Mapa170 X:39 Y:54
15/12/2020 14:20:30 Transporto a Magistral hacia Mapa170 X:37 Y:59
15/12/2020 14:20:30 Transporto a Magistral hacia Mapa170 X:35 Y:64
15/12/2020 14:20:31 Transporto a Magistral hacia Mapa170 X:33 Y:68
15/12/2020 14:20:31 Transporto a Magistral hacia Mapa170 X:32 Y:75
15/12/2020 14:20:34 Transporto a Magistral hacia Mapa170 X:30 Y:76
15/12/2020 14:20:34 Transporto a Magistral hacia Mapa170 X:27 Y:76
15/12/2020 14:20:34 Transporto a Magistral hacia Mapa170 X:26 Y:75
15/12/2020 14:20:35 Transporto a Magistral hacia Mapa170 X:25 Y:79
15/12/2020 14:20:54 Se conecto con ip:127.0.0.1 SE: 673456161
15/12/2020 14:23:46 /SUM Gandalf Map:81 X:36 Y:58
15/12/2020 14:29:30 Se conecto con ip:127.0.0.1 SE: 673456161
15/12/2020 14:33:42 Transporto a Magistral hacia Mapa81 X:30 Y:78
15/12/2020 14:33:42 Transporto a Magistral hacia Mapa81 X:30 Y:81
15/12/2020 14:33:42 Transporto a Magistral hacia Mapa81 X:29 Y:83
15/12/2020 14:34:09 Transporto a Magistral hacia Mapa81 X:31 Y:84
15/12/2020 14:34:09 Transporto a Magistral hacia Mapa81 X:33 Y:81
15/12/2020 14:34:09 Transporto a Magistral hacia Mapa81 X:34 Y:77
15/12/2020 14:34:10 Transporto a Magistral hacia Mapa81 X:35 Y:73
15/12/2020 14:34:10 Transporto a Magistral hacia Mapa81 X:36 Y:71
15/12/2020 14:34:10 Transporto a Magistral hacia Mapa81 X:37 Y:68
15/12/2020 14:34:11 Transporto a Magistral hacia Mapa81 X:41 Y:65
15/12/2020 14:34:11 Transporto a Magistral hacia Mapa81 X:45 Y:61
15/12/2020 14:34:12 Transporto a Magistral hacia Mapa81 X:48 Y:57
15/12/2020 14:34:12 Transporto a Magistral hacia Mapa81 X:49 Y:54
15/12/2020 14:34:12 Transporto a Magistral hacia Mapa81 X:48 Y:51
15/12/2020 14:34:12 Transporto a Magistral hacia Mapa81 X:47 Y:49
15/12/2020 14:34:13 Transporto a Magistral hacia Mapa81 X:44 Y:48
15/12/2020 14:34:13 Transporto a Magistral hacia Mapa81 X:40 Y:47
15/12/2020 14:34:13 Transporto a Magistral hacia Mapa81 X:36 Y:46
15/12/2020 14:34:18 Transporto a Magistral hacia Mapa1 X:50 Y:50
15/12/2020 14:34:19 Transporto a Magistral hacia Mapa1 X:52 Y:51
15/12/2020 14:34:19 Transporto a Magistral hacia Mapa1 X:55 Y:52
15/12/2020 14:34:19 Transporto a Magistral hacia Mapa1 X:54 Y:54
15/12/2020 14:34:19 Transporto a Magistral hacia Mapa1 X:52 Y:57
15/12/2020 14:34:20 Transporto a Magistral hacia Mapa1 X:50 Y:60
15/12/2020 14:34:20 Transporto a Magistral hacia Mapa1 X:49 Y:55
15/12/2020 14:34:20 Transporto a Magistral hacia Mapa1 X:48 Y:51
15/12/2020 14:34:22 Transporto a Magistral hacia Mapa1 X:51 Y:51
15/12/2020 14:34:22 Transporto a Magistral hacia Mapa1 X:54 Y:51
15/12/2020 14:34:22 Transporto a Magistral hacia Mapa1 X:57 Y:52
15/12/2020 14:34:23 Transporto a Magistral hacia Mapa1 X:59 Y:54
15/12/2020 14:34:23 Transporto a Magistral hacia Mapa1 X:61 Y:57
15/12/2020 14:34:23 Transporto a Magistral hacia Mapa1 X:62 Y:57
15/12/2020 14:34:23 Transporto a Magistral hacia Mapa1 X:63 Y:55
15/12/2020 14:34:24 Transporto a Magistral hacia Mapa1 X:63 Y:53
15/12/2020 14:34:24 Transporto a Magistral hacia Mapa1 X:63 Y:51
15/12/2020 14:34:24 Transporto a Magistral hacia Mapa1 X:63 Y:49
15/12/2020 14:34:25 Transporto a Magistral hacia Mapa1 X:62 Y:49
15/12/2020 14:34:28 Transporto a Magistral hacia Mapa166 X:50 Y:50
15/12/2020 14:35:08 Se conecto con ip:127.0.0.1 SE: 673456161
15/12/2020 14:35:12 Transporto a Magistral hacia Mapa166 X:40 Y:78
15/12/2020 14:35:12 Transporto a Magistral hacia Mapa166 X:40 Y:75
15/12/2020 14:35:14 Transporto a Magistral hacia Mapa166 X:40 Y:65
15/12/2020 14:35:14 Transporto a Magistral hacia Mapa166 X:40 Y:61
15/12/2020 14:35:14 Transporto a Magistral hacia Mapa166 X:40 Y:56
15/12/2020 14:35:15 Transporto a Magistral hacia Mapa166 X:42 Y:53
15/12/2020 14:36:24 Se conecto con ip:127.0.0.1 SE: 673456161
15/12/2020 14:36:31 Transporto a Magistral hacia Mapa176 X:50 Y:50
15/12/2020 14:36:36 Transporto a Magistral hacia Mapa179 X:50 Y:50
15/12/2020 14:36:41 Transporto a Magistral hacia Mapa102 X:50 Y:50
15/12/2020 14:36:42 Transporto a Magistral hacia Mapa102 X:47 Y:49
15/12/2020 14:36:43 Transporto a Magistral hacia Mapa102 X:45 Y:47
15/12/2020 14:36:44 Transporto a Magistral hacia Mapa102 X:43 Y:46
15/12/2020 14:36:47 Transporto a Magistral hacia Mapa279 X:62 Y:87
15/12/2020 14:36:47 Transporto a Magistral hacia Mapa279 X:64 Y:83
17/12/2020 12:59:03 Se conecto con ip:127.0.0.1 SE: 673456161
17/12/2020 12:59:31 Se conecto con ip:127.0.0.1 SE: 673456161
17/12/2020 13:00:53 Se conecto con ip:127.0.0.1 SE: 673456161
17/12/2020 13:02:07 Tiro cantidad:1 Objeto:Excalibur (Armada Real) Ónice
17/12/2020 13:02:08 Agarro:1 Objeto:Excalibur (Armada Real) Ónice
17/12/2020 13:02:31 Tiro cantidad:1 Objeto:Espada del Reino (Armada Real)
17/12/2020 13:02:32 Agarro:1 Objeto:Espada del Reino (Armada Real)
17/12/2020 13:03:16 Tiro cantidad:99 Objeto:Vino
17/12/2020 13:03:18 Agarro:99 Objeto:Vino
17/12/2020 13:03:56 Se conecto con ip:127.0.0.1 SE: 673456161
17/12/2020 13:03:57 Transporto a Magistral hacia Mapa34 X:30 Y:85
17/12/2020 13:03:57 Transporto a Magistral hacia Mapa34 X:31 Y:81
17/12/2020 13:03:57 Transporto a Magistral hacia Mapa34 X:32 Y:77
17/12/2020 13:03:58 Transporto a Magistral hacia Mapa34 X:33 Y:73
17/12/2020 13:03:58 Transporto a Magistral hacia Mapa34 X:34 Y:69
17/12/2020 13:03:58 Transporto a Magistral hacia Mapa34 X:35 Y:65
17/12/2020 13:03:58 Transporto a Magistral hacia Mapa34 X:36 Y:61
17/12/2020 13:03:59 Transporto a Magistral hacia Mapa34 X:36 Y:57
17/12/2020 13:03:59 Transporto a Magistral hacia Mapa34 X:36 Y:53
17/12/2020 13:03:59 Transporto a Magistral hacia Mapa34 X:36 Y:49
17/12/2020 13:03:59 Transporto a Magistral hacia Mapa34 X:36 Y:45
17/12/2020 13:03:59 Transporto a Magistral hacia Mapa34 X:36 Y:42
17/12/2020 13:04:00 Transporto a Magistral hacia Mapa34 X:38 Y:40
17/12/2020 13:04:00 Transporto a Magistral hacia Mapa34 X:40 Y:37
17/12/2020 13:04:01 Transporto a Magistral hacia Mapa34 X:41 Y:34
17/12/2020 13:04:02 Transporto a Magistral hacia Mapa34 X:42 Y:32
17/12/2020 13:04:24 Tiro cantidad:1 Objeto:Excalibur (Armada Real) Ónice
17/12/2020 13:04:25 Agarro:1 Objeto:Excalibur (Armada Real) Ónice
17/12/2020 13:04:28 Tiro cantidad:1 Objeto:Espada del Reino (Armada Real)
17/12/2020 13:04:29 Agarro:1 Objeto:Espada del Reino (Armada Real)
17/12/2020 13:04:32 Transporto a Magistral hacia Mapa34 X:49 Y:40
17/12/2020 13:04:33 Transporto a Magistral hacia Mapa34 X:52 Y:42
17/12/2020 13:04:43 Tiro cantidad:100 Objeto:Poción Azul
17/12/2020 13:04:44 Agarro:100 Objeto:Poción Azul
