24/11/2020 02:10:24 Se conecto con ip:127.0.0.1 SE: 1157263925
24/11/2020 02:21:54 Se conecto con ip:127.0.0.1 SE: 1157263925
24/11/2020 02:31:24 Se conecto con ip:127.0.0.1 SE: 1157263925
24/11/2020 03:47:35 Se conecto con ip:127.0.0.1 SE: 1157263925
24/11/2020 03:50:49 Se conecto con ip:127.0.0.1 SE: 1157263925
24/11/2020 03:51:08 /INVISIBLE
24/11/2020 03:51:21 /INVISIBLE
24/11/2020 03:52:18 Se conecto con ip:127.0.0.1 SE: 1157263925
24/11/2020 04:01:54 Se conecto con ip:127.0.0.1 SE: 1157263925
24/11/2020 04:03:56 /TELEPLOC a x:14 Y:75 Map:34
24/11/2020 04:04:04 /TELEPLOC a x:16 Y:72 Map:34
24/11/2020 04:12:40 Se conecto con ip:127.0.0.1 SE: 1157263925
24/11/2020 04:23:10 Se conecto con ip:127.0.0.1 SE: 1157263925
24/11/2020 04:27:38 Se conecto con ip:127.0.0.1 SE: 1157263925
24/11/2020 18:50:12 Se conecto con ip:127.0.0.1 SE: 1157263925
24/11/2020 18:54:05 Se conecto con ip:127.0.0.1 SE: 1157263925
24/11/2020 18:58:29 Se conecto con ip:127.0.0.1 SE: 1157263925
24/11/2020 19:01:42 Se conecto con ip:127.0.0.1 SE: 1157263925
24/11/2020 19:06:36 Se conecto con ip:127.0.0.1 SE: 1157263925
24/11/2020 19:08:21 Se conecto con ip:127.0.0.1 SE: 1157263925
24/11/2020 19:10:33 Se conecto con ip:127.0.0.1 SE: 1157263925
24/11/2020 19:11:08 Se conecto con ip:127.0.0.1 SE: 1157263925
24/11/2020 19:13:50 Se conecto con ip:127.0.0.1 SE: 1157263925
24/11/2020 19:14:22 Se conecto con ip:127.0.0.1 SE: 1157263925
24/11/2020 19:17:58 Se conecto con ip:127.0.0.1 SE: 1157263925
24/11/2020 19:21:42 Se conecto con ip:127.0.0.1 SE: 1157263925
14/12/2020 03:31:53 Se conecto con ip:127.0.0.1 SE: 1157263925
14/12/2020 03:38:13 Se conecto con ip:127.0.0.1 SE: 1157263925
14/12/2020 03:40:47 Se conecto con ip:127.0.0.1 SE: 1157263925
14/12/2020 03:51:40 Se conecto con ip:127.0.0.1 SE: 1157263925
14/12/2020 03:53:48 Transporto a moas hacia Mapa1 X:50 Y:50
14/12/2020 03:54:17 Transporto a moas hacia Mapa1 X:50 Y:50
14/12/2020 03:54:36 Transporto a moas hacia Mapa1 X:50 Y:80
14/12/2020 03:54:56 Transporto a moas hacia Mapa1 X:50 Y:60
14/12/2020 04:23:33 Se conecto con ip:127.0.0.1 SE: 1157263925
14/12/2020 04:31:54 Se conecto con ip:127.0.0.1 SE: 1157263925
14/12/2020 04:41:03 Se conecto con ip:127.0.0.1 SE: 1157263925
14/12/2020 04:43:00 Se conecto con ip:127.0.0.1 SE: 1157263925
14/12/2020 04:48:23 Se conecto con ip:127.0.0.1 SE: 1157263925
14/12/2020 04:53:23 Se conecto con ip:127.0.0.1 SE: 1157263925
14/12/2020 05:02:57 Se conecto con ip:127.0.0.1 SE: 1157263925
14/12/2020 05:11:39 Se conecto con ip:127.0.0.1 SE: 1157263925
14/12/2020 05:16:31 Se conecto con ip:127.0.0.1 SE: 1157263925
14/12/2020 05:18:37 Se conecto con ip:127.0.0.1 SE: 1157263925
14/12/2020 05:20:55 Se conecto con ip:127.0.0.1 SE: 1157263925
14/12/2020 05:28:26 Se conecto con ip:127.0.0.1 SE: 1157263925
14/12/2020 05:32:11 Se conecto con ip:127.0.0.1 SE: 1157263925
14/12/2020 05:45:59 Se conecto con ip:127.0.0.1 SE: 1157263925
14/12/2020 05:50:25 Se conecto con ip:127.0.0.1 SE: 1157263925
14/12/2020 16:49:37 Se conecto con ip:127.0.0.1 SE: 1157263925
14/12/2020 16:50:58 /mod yo oro 5000000
14/12/2020 16:51:04 /mod yo oro 95000
14/12/2020 16:57:35 Se conecto con ip:127.0.0.1 SE: 1157263925
14/12/2020 17:18:29 Se conecto con ip:127.0.0.1 SE: 1157263925
14/12/2020 17:24:31 Se conecto con ip:127.0.0.1 SE: 1157263925
14/12/2020 18:44:46 Se conecto con ip:127.0.0.1 SE: 1157263925
14/12/2020 18:46:41 Transporto a moas hacia Mapa1 X:50 Y:50
14/12/2020 18:59:47 Se conecto con ip:127.0.0.1 SE: 1157263925
14/12/2020 18:59:56 Tiro cantidad:76 Objeto:Manzana Roja (Newbies)
14/12/2020 18:59:59 Agarro:76 Objeto:Manzana Roja (Newbies)
14/12/2020 19:00:15 Tiro cantidad:76 Objeto:Manzana Roja (Newbies)
14/12/2020 19:01:20 Tiro cantidad:1 Objeto:Vestimentas Comunes (Newbies)
14/12/2020 19:01:22 Agarro:1 Objeto:Vestimentas Comunes (Newbies)
14/12/2020 19:01:23 Agarro:76 Objeto:Manzana Roja (Newbies)
14/12/2020 19:01:41 Tiro cantidad:1 Objeto:Vestimentas Comunes (Newbies)
14/12/2020 19:01:45 Tiro cantidad:76 Objeto:Manzana Roja (Newbies)
14/12/2020 19:01:46 Agarro:76 Objeto:Manzana Roja (Newbies)
14/12/2020 19:01:47 Agarro:1 Objeto:Vestimentas Comunes (Newbies)
14/12/2020 19:38:58 Se conecto con ip:127.0.0.1 SE: 1157263925
14/12/2020 19:38:59 Transporto a moas hacia Mapa1 X:34 Y:72
14/12/2020 19:39:00 Transporto a moas hacia Mapa1 X:29 Y:70
14/12/2020 19:39:01 Transporto a moas hacia Mapa1 X:25 Y:67
14/12/2020 19:39:01 Transporto a moas hacia Mapa1 X:22 Y:64
14/12/2020 19:39:01 Transporto a moas hacia Mapa1 X:21 Y:61
14/12/2020 19:39:02 Transporto a moas hacia Mapa1 X:26 Y:58
14/12/2020 19:39:02 Transporto a moas hacia Mapa1 X:25 Y:55
14/12/2020 19:39:03 Transporto a moas hacia Mapa1 X:29 Y:54
14/12/2020 19:39:04 Transporto a moas hacia Mapa1 X:23 Y:54
14/12/2020 19:47:12 Se conecto con ip:127.0.0.1 SE: 1157263925
14/12/2020 19:47:13 Transporto a moas hacia Mapa1 X:28 Y:54
14/12/2020 19:47:14 Transporto a moas hacia Mapa1 X:35 Y:54
14/12/2020 19:47:20 Transporto a moas hacia Mapa1 X:30 Y:51
14/12/2020 20:14:40 Se conecto con ip:127.0.0.1 SE: 1157263925
14/12/2020 20:14:42 Transporto a moas hacia Mapa1 X:36 Y:55
14/12/2020 20:14:43 Transporto a moas hacia Mapa1 X:43 Y:56
14/12/2020 20:14:43 Transporto a moas hacia Mapa1 X:51 Y:55
14/12/2020 20:14:43 Transporto a moas hacia Mapa1 X:59 Y:54
14/12/2020 20:14:44 Transporto a moas hacia Mapa1 X:66 Y:53
14/12/2020 20:14:44 Transporto a moas hacia Mapa1 X:73 Y:52
14/12/2020 20:14:44 Transporto a moas hacia Mapa1 X:80 Y:52
14/12/2020 20:14:45 Transporto a moas hacia Mapa1 X:77 Y:49
14/12/2020 20:16:09 Se conecto con ip:127.0.0.1 SE: 1157263925
14/12/2020 21:00:58 Se conecto con ip:127.0.0.1 SE: 1157263925
14/12/2020 21:01:20 Transporto a moas hacia Mapa1 X:75 Y:43
14/12/2020 21:01:21 Transporto a moas hacia Mapa1 X:74 Y:35
14/12/2020 21:01:45 Transporto a moas hacia Mapa1 X:79 Y:34
14/12/2020 21:01:53 Transporto a moas hacia Mapa1 X:72 Y:38
14/12/2020 21:01:53 Transporto a moas hacia Mapa1 X:65 Y:43
14/12/2020 21:01:53 Transporto a moas hacia Mapa1 X:58 Y:48
14/12/2020 21:01:53 Transporto a moas hacia Mapa1 X:51 Y:50
14/12/2020 21:01:58 Transporto a moas hacia Mapa1 X:51 Y:55
14/12/2020 21:02:00 Transporto a moas hacia Mapa1 X:48 Y:63
14/12/2020 21:02:01 Transporto a moas hacia Mapa1 X:53 Y:66
14/12/2020 21:08:32 Se conecto con ip:127.0.0.1 SE: 1157263925
14/12/2020 21:09:57 /INVISIBLE
14/12/2020 21:09:59 Transporto a moas hacia Mapa1 X:46 Y:68
14/12/2020 21:09:59 Transporto a moas hacia Mapa1 X:40 Y:66
14/12/2020 21:10:00 Transporto a moas hacia Mapa1 X:37 Y:63
14/12/2020 21:10:00 Transporto a moas hacia Mapa1 X:39 Y:59
14/12/2020 21:10:03 /INVISIBLE
14/12/2020 21:10:10 Transporto a moas hacia Mapa1 X:56 Y:59
14/12/2020 21:10:11 Transporto a moas hacia Mapa1 X:60 Y:64
14/12/2020 21:10:19 Transporto a moas hacia Mapa1 X:67 Y:63
14/12/2020 21:10:19 Transporto a moas hacia Mapa1 X:64 Y:59
14/12/2020 21:10:19 Transporto a moas hacia Mapa1 X:61 Y:56
14/12/2020 21:10:19 Transporto a moas hacia Mapa1 X:57 Y:53
14/12/2020 21:10:20 Transporto a moas hacia Mapa1 X:55 Y:54
14/12/2020 21:12:58 /mod yo OBJETOX 318
14/12/2020 21:12:59 Agarro:1000 Objeto:Invisibilidad
14/12/2020 21:13:09 /mod yo exp 9999999
14/12/2020 21:13:19 /mod yo exp 99999999
14/12/2020 21:13:31 /mod yo exp 99999999
14/12/2020 21:13:32 /mod yo exp 99999999
14/12/2020 21:13:32 /mod yo exp 99999999
14/12/2020 21:13:33 /mod yo exp 99999999
14/12/2020 21:13:33 /mod yo exp 99999999
14/12/2020 21:13:33 /mod yo exp 99999999
14/12/2020 21:13:57 /mod yo exp 99999999
14/12/2020 21:13:58 /mod yo exp 99999999/mod yo exp 99999999
14/12/2020 21:13:58 /mod yo exp 99999999
14/12/2020 21:13:59 /mod yo exp 99999999
14/12/2020 21:13:59 /mod yo exp 99999999
14/12/2020 21:13:59 /mod yo exp 99999999
14/12/2020 21:14:00 /mod yo exp 99999999
14/12/2020 21:14:00 /mod yo exp 99999999
14/12/2020 21:14:00 /mod yo exp 99999999/mod yo exp 99999999
14/12/2020 21:14:01 /mod yo exp 99999999
14/12/2020 21:14:01 /mod yo exp 99999999
14/12/2020 21:14:01 /mod yo exp 99999999
14/12/2020 21:14:02 /mod yo exp 99999999
14/12/2020 21:14:02 /mod yo exp 99999999
14/12/2020 21:14:03 /mod yo exp 99999999
14/12/2020 21:14:05 /mod yo exp 99999999
14/12/2020 21:14:06 /mod yo exp 99999999
14/12/2020 21:14:27 Transporto a moas hacia Mapa34 X:34 Y:29
14/12/2020 21:14:27 Transporto a moas hacia Mapa34 X:34 Y:25
14/12/2020 21:14:28 Transporto a moas hacia Mapa34 X:34 Y:19
14/12/2020 21:14:28 Transporto a moas hacia Mapa34 X:34 Y:13
14/12/2020 21:14:53 Transporto a moas hacia Mapa34 X:31 Y:13
14/12/2020 21:14:54 Transporto a moas hacia Mapa34 X:36 Y:16
14/12/2020 21:14:54 Transporto a moas hacia Mapa34 X:41 Y:20
14/12/2020 21:14:55 Transporto a moas hacia Mapa34 X:42 Y:25
14/12/2020 21:14:55 Transporto a moas hacia Mapa34 X:42 Y:30
14/12/2020 21:14:56 Transporto a moas hacia Mapa34 X:46 Y:33
14/12/2020 21:14:56 Transporto a moas hacia Mapa34 X:50 Y:36
14/12/2020 21:14:57 Transporto a moas hacia Mapa34 X:54 Y:40
14/12/2020 21:14:58 Transporto a moas hacia Mapa34 X:63 Y:39
14/12/2020 21:14:58 Transporto a moas hacia Mapa34 X:72 Y:37
14/12/2020 21:15:00 Transporto a moas hacia Mapa34 X:75 Y:32
14/12/2020 21:15:08 Transporto a moas hacia Mapa34 X:69 Y:28
14/12/2020 21:15:08 Transporto a moas hacia Mapa34 X:65 Y:26
14/12/2020 21:15:08 Transporto a moas hacia Mapa34 X:60 Y:24
14/12/2020 21:15:08 Transporto a moas hacia Mapa34 X:55 Y:21
14/12/2020 21:15:08 Transporto a moas hacia Mapa34 X:51 Y:17
14/12/2020 21:15:09 Transporto a moas hacia Mapa34 X:48 Y:12
14/12/2020 21:15:09 Transporto a moas hacia Mapa34 X:42 Y:12
14/12/2020 21:15:11 Transporto a moas hacia Mapa34 X:35 Y:11
14/12/2020 21:15:49 Transporto a moas hacia Mapa35 X:27 Y:70
14/12/2020 21:42:41 Se conecto con ip:127.0.0.1 SE: 1157263925
14/12/2020 21:50:12 Se conecto con ip:127.0.0.1 SE: 1157263925
14/12/2020 21:51:17 /mod yo objetox 882
14/12/2020 21:51:18 Agarro:1000 Objeto:Amuleto Ankh
14/12/2020 21:51:30 /mod yo nivel 55
14/12/2020 21:52:07 /mod yo level 55
14/12/2020 21:52:55 Transporto a moas hacia Mapa34 X:34 Y:34
14/12/2020 21:52:56 Transporto a moas hacia Mapa34 X:27 Y:42
14/12/2020 22:10:49 Se conecto con ip:127.0.0.1 SE: 1157263925
14/12/2020 22:15:10 Se conecto con ip:127.0.0.1 SE: 1157263925
14/12/2020 23:05:53 Se conecto con ip:127.0.0.1 SE: 1157263925
14/12/2020 23:07:24 Se conecto con ip:127.0.0.1 SE: 1157263925
14/12/2020 23:09:13 Se conecto con ip:127.0.0.1 SE: 1157263925
27/12/2020 20:12:20 Se conecto con ip:127.0.0.1 SE: 1157263925
27/12/2020 20:13:51 Transporto a moas hacia Mapa34 X:46 Y:48
27/12/2020 20:13:55 Transporto a moas hacia Mapa1 X:50 Y:50
27/12/2020 20:13:56 Transporto a moas hacia Mapa1 X:51 Y:46
27/12/2020 20:13:57 Transporto a moas hacia Mapa1 X:48 Y:43
27/12/2020 20:13:58 Transporto a moas hacia Mapa1 X:45 Y:40
27/12/2020 20:13:58 Transporto a moas hacia Mapa1 X:39 Y:38
27/12/2020 20:13:58 Transporto a moas hacia Mapa1 X:34 Y:34
27/12/2020 20:13:59 Transporto a moas hacia Mapa1 X:30 Y:30
27/12/2020 20:13:59 Transporto a moas hacia Mapa1 X:35 Y:32
27/12/2020 20:14:00 Transporto a moas hacia Mapa1 X:42 Y:33
27/12/2020 20:14:00 Transporto a moas hacia Mapa1 X:49 Y:33
27/12/2020 20:14:00 Transporto a moas hacia Mapa1 X:56 Y:32
27/12/2020 20:14:01 Transporto a moas hacia Mapa1 X:62 Y:33
27/12/2020 20:14:01 Transporto a moas hacia Mapa1 X:67 Y:37
27/12/2020 20:14:01 Transporto a moas hacia Mapa1 X:73 Y:39
27/12/2020 20:14:02 Transporto a moas hacia Mapa1 X:74 Y:45
27/12/2020 20:14:02 Transporto a moas hacia Mapa1 X:74 Y:50
27/12/2020 20:14:03 Transporto a moas hacia Mapa1 X:73 Y:55
27/12/2020 20:14:03 Transporto a moas hacia Mapa1 X:71 Y:58
27/12/2020 20:14:04 Transporto a moas hacia Mapa1 X:67 Y:60
27/12/2020 20:14:04 Transporto a moas hacia Mapa1 X:64 Y:63
27/12/2020 20:14:05 Transporto a moas hacia Mapa1 X:63 Y:68
27/12/2020 20:14:13 Transporto a moas hacia Mapa1 X:76 Y:70
27/12/2020 20:14:16 Transporto a moas hacia Mapa1 X:64 Y:69
27/12/2020 20:14:23 Transporto a moas hacia Mapa1 X:72 Y:61
27/12/2020 20:14:24 Transporto a moas hacia Mapa1 X:77 Y:57
27/12/2020 20:14:32 Transporto a moas hacia Mapa1 X:74 Y:47
27/12/2020 20:14:32 Transporto a moas hacia Mapa1 X:72 Y:44
27/12/2020 20:14:33 Transporto a moas hacia Mapa1 X:74 Y:41
27/12/2020 20:14:44 Transporto a moas hacia Mapa1 X:66 Y:38
27/12/2020 20:14:55 Transporto a moas hacia Mapa1 X:67 Y:39
27/12/2020 20:14:56 Transporto a moas hacia Mapa1 X:69 Y:47
27/12/2020 20:14:58 Transporto a moas hacia Mapa1 X:71 Y:57
27/12/2020 20:15:04 Transporto a moas hacia Mapa1 X:72 Y:61
27/12/2020 20:15:17 Transporto a moas hacia Mapa1 X:62 Y:60
27/12/2020 20:15:21 Transporto a moas hacia Mapa59 X:50 Y:50
27/12/2020 20:15:24 Transporto a moas hacia Mapa59 X:46 Y:53
27/12/2020 20:15:25 Transporto a moas hacia Mapa59 X:46 Y:59
27/12/2020 20:15:25 Transporto a moas hacia Mapa59 X:46 Y:65
27/12/2020 20:15:25 Transporto a moas hacia Mapa59 X:48 Y:70
27/12/2020 20:15:26 Transporto a moas hacia Mapa59 X:52 Y:73
27/12/2020 20:15:26 Transporto a moas hacia Mapa59 X:57 Y:75
27/12/2020 20:15:26 Transporto a moas hacia Mapa59 X:64 Y:74
27/12/2020 20:15:27 Transporto a moas hacia Mapa59 X:71 Y:71
27/12/2020 20:15:28 Transporto a moas hacia Mapa59 X:78 Y:68
27/12/2020 20:15:28 Transporto a moas hacia Mapa59 X:84 Y:69
27/12/2020 20:15:29 Transporto a moas hacia Mapa59 X:88 Y:69
27/12/2020 20:15:42 Transporto a moas hacia Mapa59 X:83 Y:62
27/12/2020 20:15:43 Transporto a moas hacia Mapa59 X:83 Y:55
27/12/2020 20:15:44 Transporto a moas hacia Mapa59 X:83 Y:49
27/12/2020 20:15:55 Transporto a moas hacia Mapa59 X:65 Y:39
27/12/2020 20:15:55 Transporto a moas hacia Mapa59 X:62 Y:36
27/12/2020 20:15:56 Transporto a moas hacia Mapa59 X:60 Y:32
27/12/2020 20:15:57 Transporto a moas hacia Mapa59 X:56 Y:33
27/12/2020 20:15:57 Transporto a moas hacia Mapa59 X:51 Y:35
27/12/2020 20:15:57 Transporto a moas hacia Mapa59 X:46 Y:35
27/12/2020 20:15:58 Transporto a moas hacia Mapa59 X:41 Y:34
27/12/2020 20:15:58 Transporto a moas hacia Mapa59 X:35 Y:30
27/12/2020 20:15:59 Transporto a moas hacia Mapa59 X:32 Y:24
27/12/2020 20:16:01 Transporto a moas hacia Mapa59 X:30 Y:23
27/12/2020 20:16:02 Transporto a moas hacia Mapa59 X:23 Y:22
27/12/2020 20:16:04 Transporto a moas hacia Mapa59 X:26 Y:17
27/12/2020 20:16:05 Transporto a moas hacia Mapa59 X:27 Y:27
27/12/2020 20:16:06 Transporto a moas hacia Mapa59 X:33 Y:29
27/12/2020 20:16:15 Transporto a moas hacia Mapa59 X:24 Y:50
27/12/2020 20:16:16 Transporto a moas hacia Mapa59 X:24 Y:57
27/12/2020 20:16:19 Transporto a moas hacia Mapa59 X:26 Y:68
27/12/2020 20:16:21 Transporto a moas hacia Mapa59 X:23 Y:76
27/12/2020 20:16:22 Transporto a moas hacia Mapa59 X:21 Y:84
27/12/2020 20:16:24 Transporto a moas hacia Mapa59 X:14 Y:90
27/12/2020 20:16:29 Transporto a moas hacia Mapa59 X:23 Y:92
27/12/2020 20:16:29 Transporto a moas hacia Mapa59 X:24 Y:92
27/12/2020 20:16:29 Transporto a moas hacia Mapa59 X:25 Y:90
27/12/2020 20:16:30 Transporto a moas hacia Mapa59 X:26 Y:90
27/12/2020 20:16:30 Transporto a moas hacia Mapa59 X:26 Y:89
27/12/2020 20:16:30 Transporto a moas hacia Mapa59 X:25 Y:85
27/12/2020 20:16:31 Transporto a moas hacia Mapa59 X:29 Y:86
27/12/2020 20:16:31 Transporto a moas hacia Mapa59 X:35 Y:88
27/12/2020 20:16:32 Transporto a moas hacia Mapa59 X:42 Y:89
27/12/2020 20:19:09 Se conecto con ip:127.0.0.1 SE: 1157263925
27/12/2020 20:25:40 Se conecto con ip:127.0.0.1 SE: 1157263925
27/12/2020 20:50:23 Se conecto con ip:127.0.0.1 SE: 1157263925
27/12/2020 20:56:36 Se conecto con ip:127.0.0.1 SE: 1157263925
27/12/2020 20:57:00 Transporto a moas hacia Mapa34 X:50 Y:50
27/12/2020 20:57:01 Transporto a moas hacia Mapa34 X:45 Y:54
27/12/2020 20:57:01 Transporto a moas hacia Mapa34 X:39 Y:58
27/12/2020 20:57:02 Transporto a moas hacia Mapa34 X:33 Y:63
27/12/2020 20:57:02 Transporto a moas hacia Mapa34 X:27 Y:68
27/12/2020 20:57:03 Transporto a moas hacia Mapa34 X:25 Y:72
27/12/2020 20:57:03 Transporto a moas hacia Mapa34 X:23 Y:77
27/12/2020 20:57:03 Transporto a moas hacia Mapa34 X:22 Y:82
27/12/2020 20:57:03 Transporto a moas hacia Mapa34 X:22 Y:87
27/12/2020 20:57:04 Transporto a moas hacia Mapa34 X:26 Y:88
27/12/2020 20:58:37 Se conecto con ip:127.0.0.1 SE: 1157263925
27/12/2020 20:59:15 Transporto a moas hacia Mapa59 X:50 Y:50
27/12/2020 20:59:16 Transporto a moas hacia Mapa59 X:47 Y:52
27/12/2020 20:59:16 Transporto a moas hacia Mapa59 X:44 Y:55
27/12/2020 20:59:17 Transporto a moas hacia Mapa59 X:42 Y:59
27/12/2020 20:59:17 Transporto a moas hacia Mapa59 X:42 Y:63
27/12/2020 20:59:17 Transporto a moas hacia Mapa59 X:43 Y:66
27/12/2020 20:59:17 Transporto a moas hacia Mapa59 X:45 Y:70
27/12/2020 20:59:18 Transporto a moas hacia Mapa59 X:44 Y:75
27/12/2020 20:59:18 Transporto a moas hacia Mapa59 X:43 Y:79
27/12/2020 20:59:18 Transporto a moas hacia Mapa59 X:44 Y:83
27/12/2020 20:59:18 Transporto a moas hacia Mapa59 X:46 Y:87
27/12/2020 20:59:19 Transporto a moas hacia Mapa59 X:47 Y:91
27/12/2020 20:59:20 Transporto a moas hacia Mapa59 X:43 Y:92
27/12/2020 20:59:59 Transporto a moas hacia Mapa57 X:22 Y:16
27/12/2020 21:00:10 Transporto a moas hacia Mapa57 X:23 Y:33
27/12/2020 21:00:10 Transporto a moas hacia Mapa57 X:23 Y:34
27/12/2020 21:00:11 Transporto a moas hacia Mapa57 X:21 Y:39
27/12/2020 21:00:12 Transporto a moas hacia Mapa57 X:19 Y:41
27/12/2020 21:00:17 /mod yo item 1306
27/12/2020 21:00:36 /mod yo objeto 1306
27/12/2020 21:00:41 Transporto a moas hacia Mapa57 X:16 Y:48
27/12/2020 21:00:47 Transporto a moas hacia Mapa57 X:20 Y:51
27/12/2020 21:00:48 Transporto a moas hacia Mapa57 X:23 Y:54
27/12/2020 21:00:48 Transporto a moas hacia Mapa57 X:26 Y:60
27/12/2020 21:00:49 Transporto a moas hacia Mapa57 X:28 Y:65
27/12/2020 21:00:49 Transporto a moas hacia Mapa57 X:32 Y:67
27/12/2020 21:00:50 Transporto a moas hacia Mapa57 X:38 Y:71
27/12/2020 21:00:51 Transporto a moas hacia Mapa57 X:42 Y:72
27/12/2020 21:00:51 Transporto a moas hacia Mapa57 X:46 Y:70
27/12/2020 21:00:52 Transporto a moas hacia Mapa57 X:49 Y:68
27/12/2020 21:01:20 Transporto a moas hacia Mapa57 X:50 Y:61
27/12/2020 21:01:20 Transporto a moas hacia Mapa57 X:46 Y:57
27/12/2020 21:01:20 Transporto a moas hacia Mapa57 X:42 Y:53
27/12/2020 21:01:21 Transporto a moas hacia Mapa57 X:35 Y:55
27/12/2020 21:03:24 Transporto a moas hacia Mapa57 X:38 Y:74
27/12/2020 21:03:26 Transporto a moas hacia Mapa57 X:38 Y:80
27/12/2020 21:03:30 Transporto a moas hacia Mapa54 X:36 Y:20
27/12/2020 21:03:33 Transporto a moas hacia Mapa54 X:26 Y:28
27/12/2020 21:03:35 Transporto a moas hacia Mapa54 X:15 Y:29
27/12/2020 21:03:38 Transporto a moas hacia Mapa70 X:78 Y:29
27/12/2020 21:03:39 Transporto a moas hacia Mapa70 X:70 Y:31
27/12/2020 21:03:39 Transporto a moas hacia Mapa70 X:62 Y:30
27/12/2020 21:03:40 Transporto a moas hacia Mapa70 X:58 Y:27
27/12/2020 21:03:41 Transporto a moas hacia Mapa70 X:53 Y:27
27/12/2020 21:03:41 Transporto a moas hacia Mapa70 X:48 Y:29
27/12/2020 21:03:41 Transporto a moas hacia Mapa70 X:44 Y:31
27/12/2020 21:03:42 Transporto a moas hacia Mapa70 X:45 Y:33
27/12/2020 21:03:42 Transporto a moas hacia Mapa70 X:46 Y:35
27/12/2020 21:03:42 Transporto a moas hacia Mapa70 X:44 Y:38
27/12/2020 21:03:42 Transporto a moas hacia Mapa70 X:41 Y:41
27/12/2020 21:03:43 Transporto a moas hacia Mapa70 X:38 Y:45
27/12/2020 21:03:43 Transporto a moas hacia Mapa70 X:33 Y:47
27/12/2020 21:03:59 Transporto a moas hacia Mapa70 X:36 Y:47
27/12/2020 21:03:59 Transporto a moas hacia Mapa70 X:38 Y:44
27/12/2020 21:04:00 Transporto a moas hacia Mapa70 X:40 Y:41
27/12/2020 21:04:01 Transporto a moas hacia Mapa70 X:47 Y:37
27/12/2020 21:04:01 Transporto a moas hacia Mapa70 X:56 Y:37
27/12/2020 21:04:02 Transporto a moas hacia Mapa70 X:65 Y:37
27/12/2020 21:04:03 Transporto a moas hacia Mapa70 X:72 Y:37
27/12/2020 21:04:06 Transporto a moas hacia Mapa70 X:86 Y:36
27/12/2020 21:04:10 Transporto a moas hacia Mapa54 X:18 Y:39
27/12/2020 21:04:11 Transporto a moas hacia Mapa54 X:25 Y:39
27/12/2020 21:04:11 Transporto a moas hacia Mapa54 X:30 Y:36
27/12/2020 21:04:12 Transporto a moas hacia Mapa54 X:33 Y:30
27/12/2020 21:04:13 Transporto a moas hacia Mapa54 X:36 Y:29
27/12/2020 21:04:14 Transporto a moas hacia Mapa54 X:39 Y:25
27/12/2020 21:04:25 Transporto a moas hacia Mapa57 X:28 Y:88
27/12/2020 21:04:26 Transporto a moas hacia Mapa57 X:19 Y:90
27/12/2020 21:04:41 Transporto a moas hacia Mapa67 X:70 Y:88
27/12/2020 21:04:45 Transporto a moas hacia Mapa70 X:56 Y:18
27/12/2020 21:04:46 Transporto a moas hacia Mapa70 X:51 Y:20
27/12/2020 21:04:47 Transporto a moas hacia Mapa70 X:43 Y:19
27/12/2020 21:09:42 Se conecto con ip:127.0.0.1 SE: 1157263925
27/12/2020 21:10:06 Transporto a moas hacia Mapa70 X:47 Y:13
27/12/2020 21:17:40 Se conecto con ip:127.0.0.1 SE: 1157263925
27/12/2020 21:19:05 Se conecto con ip:127.0.0.1 SE: 1157263925
27/12/2020 22:02:51 Se conecto con ip:127.0.0.1 SE: 1157263925
27/12/2020 22:15:16 Se conecto con ip:127.0.0.1 SE: 1157263925
27/12/2020 22:15:19 Transporto a moas hacia Mapa67 X:31 Y:65
27/12/2020 22:15:20 Transporto a moas hacia Mapa67 X:35 Y:67
27/12/2020 22:15:20 Transporto a moas hacia Mapa67 X:40 Y:69
27/12/2020 22:15:20 Transporto a moas hacia Mapa67 X:45 Y:72
27/12/2020 22:15:20 Transporto a moas hacia Mapa67 X:48 Y:75
27/12/2020 22:15:21 Transporto a moas hacia Mapa67 X:54 Y:77
27/12/2020 22:15:21 Transporto a moas hacia Mapa67 X:58 Y:79
27/12/2020 22:15:22 Transporto a moas hacia Mapa67 X:62 Y:81
27/12/2020 22:15:22 Transporto a moas hacia Mapa67 X:66 Y:77
27/12/2020 22:15:23 Transporto a moas hacia Mapa67 X:70 Y:74
27/12/2020 22:15:23 Transporto a moas hacia Mapa67 X:74 Y:71
27/12/2020 22:18:17 Se conecto con ip:127.0.0.1 SE: 1157263925
27/12/2020 22:20:15 Se conecto con ip:127.0.0.1 SE: 1157263925
27/12/2020 22:20:19 Transporto a moas hacia Mapa57 X:43 Y:55
27/12/2020 22:21:03 Transporto a moas hacia Mapa57 X:44 Y:64
27/12/2020 22:21:13 Transporto a moas hacia Mapa57 X:41 Y:67
27/12/2020 22:21:15 Transporto a moas hacia Mapa57 X:33 Y:76
27/12/2020 22:21:17 Transporto a moas hacia Mapa57 X:25 Y:79
27/12/2020 22:21:21 Transporto a moas hacia Mapa57 X:26 Y:92
27/12/2020 22:21:29 Transporto a moas hacia Mapa54 X:23 Y:18
27/12/2020 22:21:30 Transporto a moas hacia Mapa54 X:15 Y:20
27/12/2020 22:21:32 Transporto a moas hacia Mapa54 X:20 Y:28
27/12/2020 22:21:33 Transporto a moas hacia Mapa54 X:25 Y:31
27/12/2020 22:21:33 Transporto a moas hacia Mapa54 X:31 Y:33
27/12/2020 22:21:34 Transporto a moas hacia Mapa54 X:37 Y:35
27/12/2020 22:21:34 Transporto a moas hacia Mapa54 X:43 Y:37
27/12/2020 22:21:35 Transporto a moas hacia Mapa54 X:49 Y:40
27/12/2020 22:21:35 Transporto a moas hacia Mapa54 X:52 Y:44
27/12/2020 22:21:43 Transporto a moas hacia Mapa54 X:59 Y:53
27/12/2020 22:21:44 Transporto a moas hacia Mapa54 X:63 Y:57
27/12/2020 22:22:24 Transporto a moas hacia Mapa54 X:60 Y:51
27/12/2020 22:22:25 Transporto a moas hacia Mapa54 X:57 Y:45
27/12/2020 22:22:26 Transporto a moas hacia Mapa54 X:53 Y:39
27/12/2020 22:22:27 Transporto a moas hacia Mapa54 X:50 Y:32
27/12/2020 22:22:28 Transporto a moas hacia Mapa54 X:44 Y:26
27/12/2020 22:22:29 Transporto a moas hacia Mapa54 X:43 Y:23
27/12/2020 22:22:31 Transporto a moas hacia Mapa54 X:36 Y:15
27/12/2020 22:22:34 Transporto a moas hacia Mapa57 X:24 Y:90
27/12/2020 22:22:39 Transporto a moas hacia Mapa67 X:81 Y:90
27/12/2020 22:25:14 Se conecto con ip:127.0.0.1 SE: 1157263925
27/12/2020 22:25:26 Transporto a moas hacia Mapa70 X:54 Y:36
27/12/2020 22:25:26 Transporto a moas hacia Mapa70 X:57 Y:31
27/12/2020 22:25:27 Transporto a moas hacia Mapa70 X:60 Y:26
27/12/2020 22:25:27 Transporto a moas hacia Mapa70 X:61 Y:22
27/12/2020 22:25:31 Transporto a moas hacia Mapa67 X:60 Y:84
27/12/2020 22:25:31 Transporto a moas hacia Mapa67 X:58 Y:81
27/12/2020 22:25:31 Transporto a moas hacia Mapa67 X:59 Y:77
27/12/2020 22:25:31 Transporto a moas hacia Mapa67 X:60 Y:73
27/12/2020 22:25:32 Transporto a moas hacia Mapa67 X:61 Y:69
27/12/2020 22:25:32 Transporto a moas hacia Mapa67 X:59 Y:66
27/12/2020 22:25:32 Transporto a moas hacia Mapa67 X:57 Y:64
27/12/2020 22:25:32 Transporto a moas hacia Mapa67 X:58 Y:61
27/12/2020 22:25:32 Transporto a moas hacia Mapa67 X:61 Y:57
27/12/2020 22:25:33 Transporto a moas hacia Mapa67 X:65 Y:53
27/12/2020 22:25:33 Transporto a moas hacia Mapa67 X:70 Y:51
27/12/2020 22:25:33 Transporto a moas hacia Mapa67 X:76 Y:50
27/12/2020 22:25:33 Transporto a moas hacia Mapa67 X:82 Y:49
27/12/2020 22:25:34 Transporto a moas hacia Mapa67 X:87 Y:47
27/12/2020 22:25:35 Transporto a moas hacia Mapa57 X:20 Y:46
27/12/2020 22:25:36 Transporto a moas hacia Mapa57 X:31 Y:47
27/12/2020 22:25:36 Transporto a moas hacia Mapa57 X:37 Y:51
27/12/2020 22:25:42 Transporto a moas hacia Mapa57 X:42 Y:39
27/12/2020 22:25:42 Transporto a moas hacia Mapa57 X:39 Y:35
27/12/2020 22:25:43 Transporto a moas hacia Mapa57 X:35 Y:31
27/12/2020 22:25:43 Transporto a moas hacia Mapa57 X:30 Y:28
27/12/2020 22:25:43 Transporto a moas hacia Mapa57 X:25 Y:25
27/12/2020 22:25:44 Transporto a moas hacia Mapa57 X:26 Y:20
27/12/2020 22:26:47 Transporto a moas hacia Mapa57 X:34 Y:19
27/12/2020 22:26:59 Transporto a moas hacia Mapa57 X:38 Y:14
27/12/2020 22:27:02 Transporto a moas hacia Mapa59 X:32 Y:90
27/12/2020 22:27:08 Transporto a moas hacia Mapa59 X:29 Y:90
27/12/2020 22:27:09 Transporto a moas hacia Mapa59 X:39 Y:90
27/12/2020 22:27:12 Transporto a moas hacia Mapa57 X:36 Y:21
27/12/2020 22:27:13 Transporto a moas hacia Mapa57 X:39 Y:23
27/12/2020 22:27:13 Transporto a moas hacia Mapa57 X:42 Y:21
27/12/2020 22:27:14 Transporto a moas hacia Mapa57 X:45 Y:19
27/12/2020 22:27:14 Transporto a moas hacia Mapa57 X:43 Y:14
27/12/2020 22:27:21 Transporto a moas hacia Mapa59 X:42 Y:68
27/12/2020 22:27:22 Transporto a moas hacia Mapa59 X:38 Y:63
27/12/2020 22:27:23 Transporto a moas hacia Mapa59 X:42 Y:60
27/12/2020 22:27:42 Transporto a moas hacia Mapa59 X:44 Y:40
27/12/2020 22:27:48 Transporto a moas hacia Mapa59 X:50 Y:35
27/12/2020 22:27:55 Transporto a moas hacia Mapa170 X:48 Y:58
27/12/2020 22:27:56 Transporto a moas hacia Mapa170 X:43 Y:61
27/12/2020 22:27:56 Transporto a moas hacia Mapa170 X:38 Y:64
27/12/2020 22:27:56 Transporto a moas hacia Mapa170 X:33 Y:67
27/12/2020 22:27:57 Transporto a moas hacia Mapa170 X:32 Y:71
27/12/2020 22:27:57 Transporto a moas hacia Mapa170 X:30 Y:76
27/12/2020 22:27:58 Transporto a moas hacia Mapa170 X:27 Y:77
27/12/2020 22:28:00 Transporto a moas hacia Mapa170 X:25 Y:78
27/12/2020 22:28:03 Transporto a moas hacia Mapa59 X:49 Y:44
27/12/2020 22:28:03 Transporto a moas hacia Mapa59 X:50 Y:36
27/12/2020 22:28:06 Transporto a moas hacia Mapa81 X:47 Y:52
27/12/2020 22:28:10 Transporto a moas hacia Mapa81 X:46 Y:65
27/12/2020 22:28:11 Transporto a moas hacia Mapa81 X:42 Y:71
27/12/2020 22:28:11 Transporto a moas hacia Mapa81 X:38 Y:74
27/12/2020 22:28:11 Transporto a moas hacia Mapa81 X:34 Y:78
27/12/2020 22:28:12 Transporto a moas hacia Mapa81 X:36 Y:82
27/12/2020 22:28:12 Transporto a moas hacia Mapa81 X:39 Y:85
27/12/2020 22:28:14 Transporto a moas hacia Mapa81 X:42 Y:88
27/12/2020 22:28:14 Transporto a moas hacia Mapa81 X:48 Y:91
27/12/2020 22:28:15 Transporto a moas hacia Mapa81 X:52 Y:89
27/12/2020 22:28:17 Transporto a moas hacia Mapa81 X:45 Y:90
27/12/2020 22:28:19 Transporto a moas hacia Mapa82 X:43 Y:18
27/12/2020 22:28:23 Transporto a moas hacia Mapa82 X:31 Y:26
27/12/2020 22:40:44 Se conecto con ip:127.0.0.1 SE: 1157263925
27/12/2020 22:40:46 Transporto a moas hacia Mapa82 X:33 Y:30
27/12/2020 22:40:47 Transporto a moas hacia Mapa82 X:34 Y:36
27/12/2020 22:40:47 Transporto a moas hacia Mapa82 X:33 Y:41
27/12/2020 22:40:48 Transporto a moas hacia Mapa82 X:38 Y:51
27/12/2020 22:40:49 Transporto a moas hacia Mapa82 X:36 Y:57
27/12/2020 22:40:49 Transporto a moas hacia Mapa82 X:32 Y:62
27/12/2020 22:40:50 Transporto a moas hacia Mapa82 X:28 Y:65
27/12/2020 22:40:50 Transporto a moas hacia Mapa82 X:29 Y:69
27/12/2020 22:40:50 Transporto a moas hacia Mapa82 X:31 Y:73
27/12/2020 22:40:51 Transporto a moas hacia Mapa82 X:33 Y:77
27/12/2020 22:40:51 Transporto a moas hacia Mapa82 X:30 Y:80
27/12/2020 22:40:51 Transporto a moas hacia Mapa82 X:26 Y:84
27/12/2020 22:40:52 Transporto a moas hacia Mapa82 X:22 Y:85
27/12/2020 22:40:52 Transporto a moas hacia Mapa82 X:19 Y:84
27/12/2020 22:40:52 Transporto a moas hacia Mapa82 X:16 Y:83
27/12/2020 22:40:52 Transporto a moas hacia Mapa82 X:13 Y:80
27/12/2020 22:40:53 Transporto a moas hacia Mapa53 X:84 Y:82
27/12/2020 22:40:54 Transporto a moas hacia Mapa53 X:82 Y:85
27/12/2020 22:40:54 Transporto a moas hacia Mapa53 X:79 Y:82
27/12/2020 22:41:00 Transporto a moas hacia Mapa53 X:69 Y:76
27/12/2020 22:41:06 Transporto a moas hacia Mapa53 X:70 Y:86
27/12/2020 22:41:09 Transporto a moas hacia Mapa53 X:66 Y:80
27/12/2020 22:41:42 Transporto a moas hacia Mapa53 X:41 Y:81
27/12/2020 22:41:43 Transporto a moas hacia Mapa53 X:35 Y:86
27/12/2020 22:41:43 Transporto a moas hacia Mapa53 X:29 Y:90
27/12/2020 22:42:44 Transporto a moas hacia Mapa1 X:24 Y:10
27/12/2020 22:42:45 Transporto a moas hacia Mapa1 X:22 Y:8
27/12/2020 22:42:46 Transporto a moas hacia Mapa1 X:18 Y:9
27/12/2020 22:42:50 Transporto a moas hacia Mapa71 X:77 Y:84
27/12/2020 22:42:52 Transporto a moas hacia Mapa71 X:71 Y:78
4/1/2021 21:54:12 Se conecto con ip:127.0.0.1 SE: 1157263925
4/1/2021 22:46:51 Se conecto con ip:127.0.0.1 SE: 1157263925
4/1/2021 22:47:03 /mod yo oro 500000
4/1/2021 22:47:11 /mod yo oro 95000
4/1/2021 22:47:16 Transporto a moas hacia Mapa1 X:50 Y:50
4/1/2021 22:47:17 Transporto a moas hacia Mapa1 X:53 Y:51
4/1/2021 22:47:18 Transporto a moas hacia Mapa1 X:56 Y:56
4/1/2021 22:47:18 Transporto a moas hacia Mapa1 X:58 Y:61
4/1/2021 22:47:19 Transporto a moas hacia Mapa1 X:62 Y:65
4/1/2021 22:47:43 Transporto a moas hacia Mapa1 X:67 Y:63
4/1/2021 22:47:44 Transporto a moas hacia Mapa1 X:69 Y:59
4/1/2021 22:47:44 Transporto a moas hacia Mapa1 X:70 Y:55
4/1/2021 22:47:44 Transporto a moas hacia Mapa1 X:71 Y:51
4/1/2021 22:47:44 Transporto a moas hacia Mapa1 X:72 Y:47
4/1/2021 22:47:44 Transporto a moas hacia Mapa1 X:74 Y:43
4/1/2021 22:47:45 Transporto a moas hacia Mapa1 X:74 Y:39
4/1/2021 22:47:48 /INVISIBLE
4/1/2021 22:47:49 Transporto a moas hacia Mapa1 X:76 Y:36
4/1/2021 22:47:52 /INVISIBLE
4/1/2021 22:47:53 Transporto a moas hacia Mapa1 X:78 Y:34
4/1/2021 22:48:00 Transporto a moas hacia Mapa1 X:74 Y:34
4/1/2021 22:48:25 Transporto a moas hacia Mapa1 X:70 Y:38
4/1/2021 22:48:26 Transporto a moas hacia Mapa1 X:65 Y:42
4/1/2021 22:48:26 Transporto a moas hacia Mapa1 X:60 Y:47
4/1/2021 22:48:26 Transporto a moas hacia Mapa1 X:55 Y:52
4/1/2021 22:48:31 Transporto a moas hacia Mapa1 X:50 Y:60
4/1/2021 22:48:31 Transporto a moas hacia Mapa1 X:47 Y:63
4/1/2021 22:48:38 Transporto a moas hacia Mapa1 X:46 Y:58
4/1/2021 22:48:39 Transporto a moas hacia Mapa1 X:44 Y:55
4/1/2021 22:48:39 Transporto a moas hacia Mapa1 X:41 Y:52
4/1/2021 22:48:39 Transporto a moas hacia Mapa1 X:38 Y:50
4/1/2021 22:48:40 Transporto a moas hacia Mapa1 X:41 Y:47
4/1/2021 22:48:40 Transporto a moas hacia Mapa1 X:45 Y:45
4/1/2021 22:48:40 Transporto a moas hacia Mapa1 X:49 Y:43
4/1/2021 22:48:40 Transporto a moas hacia Mapa1 X:54 Y:42
4/1/2021 22:48:41 Transporto a moas hacia Mapa1 X:57 Y:47
4/1/2021 22:48:42 Transporto a moas hacia Mapa1 X:57 Y:51
7/1/2021 02:32:40 Se conecto con ip:127.0.0.1 SE: 1157263925
7/1/2021 02:48:44 Se conecto con ip:127.0.0.1 SE: 1157263925
7/1/2021 02:48:46 Transporto a moas hacia Mapa1 X:55 Y:49
7/1/2021 02:48:47 Transporto a moas hacia Mapa1 X:51 Y:46
7/1/2021 02:48:48 Transporto a moas hacia Mapa1 X:54 Y:50
7/1/2021 02:48:49 Transporto a moas hacia Mapa1 X:55 Y:53
9/1/2021 02:05:37 Se conecto con ip:127.0.0.1 SE: 1157263925
9/1/2021 02:05:51 Transporto a moas hacia Mapa1 X:38 Y:67
9/1/2021 02:05:52 Transporto a moas hacia Mapa1 X:39 Y:64
9/1/2021 02:05:53 Transporto a moas hacia Mapa1 X:41 Y:59
9/1/2021 02:05:53 Transporto a moas hacia Mapa1 X:40 Y:54
9/1/2021 02:05:55 Transporto a moas hacia Mapa1 X:39 Y:51
9/1/2021 02:05:56 Transporto a moas hacia Mapa1 X:39 Y:45
9/1/2021 02:05:58 Transporto a moas hacia Mapa1 X:39 Y:48
9/1/2021 02:05:59 Transporto a moas hacia Mapa1 X:38 Y:55
9/1/2021 02:06:00 Transporto a moas hacia Mapa1 X:37 Y:62
9/1/2021 02:06:33 Transporto a moas hacia Mapa1 X:35 Y:65
9/1/2021 02:18:53 Se conecto con ip:127.0.0.1 SE: 1157263925
19/1/2021 02:35:02 Se conecto con ip:127.0.0.1 SE: 1157263925
19/1/2021 02:51:11 Se conecto con ip:127.0.0.1 SE: 1157263925
19/1/2021 02:51:57 Transporto a moas hacia Mapa1 X:20 Y:18
19/1/2021 02:52:01 /INVISIBLE
19/1/2021 02:52:03 Transporto a moas hacia Mapa1 X:25 Y:18
19/1/2021 02:52:06 /INVISIBLE
19/1/2021 02:52:07 Transporto a moas hacia Mapa1 X:22 Y:18
19/1/2021 02:53:52 Transporto a moas hacia Mapa1 X:25 Y:18
19/1/2021 02:54:52 Se conecto con ip:127.0.0.1 SE: 1157263925
19/1/2021 02:55:19 Se conecto con ip:127.0.0.1 SE: 1157263925
19/1/2021 02:58:45 /SUM Ranked Map:1 X:25 Y:17
19/1/2021 03:01:06 Se conecto con ip:127.0.0.1 SE: 1157263925
19/1/2021 03:01:33 Transporto a moas hacia Mapa1 X:23 Y:17
19/1/2021 03:01:36 /SUM Ranked Map:1 X:23 Y:17
19/1/2021 03:01:37 Transporto a moas hacia Mapa1 X:25 Y:17
19/1/2021 03:01:58 Transporto a moas hacia Mapa211 X:31 Y:42
19/1/2021 03:01:58 Transporto a moas hacia Mapa211 X:34 Y:45
19/1/2021 03:01:58 Transporto a moas hacia Mapa211 X:38 Y:48
19/1/2021 03:01:59 Transporto a moas hacia Mapa211 X:41 Y:51
19/1/2021 03:01:59 Transporto a moas hacia Mapa211 X:44 Y:55
19/1/2021 03:01:59 Transporto a moas hacia Mapa211 X:48 Y:59
19/1/2021 03:02:01 Transporto a moas hacia Mapa211 X:54 Y:59
19/1/2021 03:02:05 Transporto a moas hacia Mapa211 X:52 Y:58
19/1/2021 03:02:24 Transporto a moas hacia Mapa211 X:55 Y:58
19/1/2021 03:02:27 Transporto a moas hacia Mapa211 X:51 Y:57
19/1/2021 03:02:34 /mod yo objetox 129
19/1/2021 03:02:35 Transporto a moas hacia Mapa211 X:50 Y:56
19/1/2021 03:02:39 Agarro:1000 Objeto:Hacha de Guerra dos Filos (10-18)
19/1/2021 03:02:41 Transporto a moas hacia Mapa211 X:55 Y:58
19/1/2021 03:04:28 Se conecto con ip:127.0.0.1 SE: 1157263925
19/1/2021 03:11:00 Se conecto con ip:127.0.0.1 SE: 1157263925
19/1/2021 03:11:02 Transporto a moas hacia Mapa1 X:27 Y:17
19/1/2021 03:19:36 Se conecto con ip:127.0.0.1 SE: 1157263925
19/1/2021 03:19:37 Transporto a moas hacia Mapa1 X:25 Y:16
19/1/2021 03:21:11 Transporto a moas hacia Mapa211 X:54 Y:59
19/1/2021 03:22:25 Transporto a moas hacia Mapa211 X:36 Y:49
19/1/2021 03:22:26 Transporto a moas hacia Mapa211 X:42 Y:57
19/1/2021 03:22:27 Transporto a moas hacia Mapa211 X:53 Y:58
19/1/2021 03:40:59 Se conecto con ip:127.0.0.1 SE: 1157263925
19/1/2021 03:41:21 Transporto a moas hacia Mapa211 X:41 Y:52
19/1/2021 03:41:24 Transporto a moas hacia Mapa211 X:51 Y:59
19/1/2021 03:41:39 Transporto a moas hacia Mapa211 X:34 Y:45
19/1/2021 03:41:40 Transporto a moas hacia Mapa211 X:40 Y:53
19/1/2021 03:46:22 Transporto a moas hacia Mapa211 X:45 Y:52
19/1/2021 03:46:23 Transporto a moas hacia Mapa211 X:37 Y:49
19/1/2021 03:46:23 Transporto a moas hacia Mapa211 X:31 Y:45
19/1/2021 03:46:24 Transporto a moas hacia Mapa211 X:29 Y:40
19/1/2021 03:48:15 Se conecto con ip:127.0.0.1 SE: 1157263925
19/1/2021 03:48:31 Transporto a moas hacia Mapa212 X:40 Y:50
19/1/2021 03:48:32 Transporto a moas hacia Mapa212 X:35 Y:44
19/1/2021 03:49:25 Transporto a moas hacia Mapa1 X:50 Y:50
19/1/2021 03:49:30 Se conecto con ip:127.0.0.1 SE: 1157263925
19/1/2021 03:51:04 Transporto a moas hacia Mapa211 X:29 Y:40
19/1/2021 03:51:08 /SUM Ranked Map:211 X:31 Y:40
19/1/2021 03:51:37 Transporto a moas hacia Mapa211 X:30 Y:41
19/1/2021 03:51:44 Transporto a moas hacia Mapa211 X:29 Y:40
19/1/2021 03:51:52 Transporto a moas hacia Mapa1 X:36 Y:34
19/1/2021 03:51:52 Transporto a moas hacia Mapa1 X:34 Y:31
19/1/2021 03:51:52 Transporto a moas hacia Mapa1 X:31 Y:27
19/1/2021 03:51:54 Transporto a moas hacia Mapa1 X:26 Y:19
19/1/2021 03:52:04 /SUM Ranked Map:1 X:26 Y:17
19/1/2021 04:00:05 Se conecto con ip:127.0.0.1 SE: 1157263925
23/1/2021 00:22:04 Se conecto con ip:127.0.0.1 SE: 1157263925
23/1/2021 00:22:53 Se conecto con ip:127.0.0.1 SE: 1157263925
23/1/2021 00:53:11 Se conecto con ip:127.0.0.1 SE: 1157263925
23/1/2021 01:01:13 Se conecto con ip:127.0.0.1 SE: 1157263925
23/1/2021 01:02:49 Se conecto con ip:127.0.0.1 SE: 1157263925
23/1/2021 01:03:56 Se conecto con ip:127.0.0.1 SE: 1157263925
23/1/2021 01:08:44 Se conecto con ip:127.0.0.1 SE: 1157263925
23/1/2021 01:11:36 Se conecto con ip:127.0.0.1 SE: 1157263925
23/1/2021 01:13:54 Se conecto con ip:127.0.0.1 SE: 1157263925
23/1/2021 01:15:15 Se conecto con ip:127.0.0.1 SE: 1157263925
23/1/2021 01:15:56 Se conecto con ip:127.0.0.1 SE: 1157263925
23/1/2021 01:16:55 Se conecto con ip:127.0.0.1 SE: 1157263925
23/1/2021 01:33:37 Se conecto con ip:127.0.0.1 SE: 1157263925
23/1/2021 01:37:42 Se conecto con ip:127.0.0.1 SE: 1157263925
23/1/2021 01:40:04 Se conecto con ip:127.0.0.1 SE: 1157263925
23/1/2021 01:48:20 Se conecto con ip:127.0.0.1 SE: 1157263925
23/1/2021 01:50:26 Se conecto con ip:127.0.0.1 SE: 1157263925
23/1/2021 02:03:56 Se conecto con ip:127.0.0.1 SE: 1157263925
23/1/2021 02:04:31 Se conecto con ip:127.0.0.1 SE: 1157263925
23/1/2021 02:05:45 Se conecto con ip:127.0.0.1 SE: 1157263925
23/1/2021 02:36:01 Se conecto con ip:127.0.0.1 SE: 1157263925
23/1/2021 02:36:44 Se conecto con ip:127.0.0.1 SE: 1157263925
23/1/2021 02:38:26 Se conecto con ip:127.0.0.1 SE: 1157263925
23/1/2021 02:42:00 Se conecto con ip:127.0.0.1 SE: 1157263925
23/1/2021 03:37:28 Se conecto con ip:127.0.0.1 SE: 1157263925
3/3/2021 13:15:48 Se conecto con ip:127.0.0.1 SE: 1157263925
3/3/2021 13:15:58 /INVISIBLE
3/3/2021 13:16:13 Transporto a moas hacia Mapa53 X:29 Y:76
3/3/2021 13:16:13 Transporto a moas hacia Mapa53 X:26 Y:74
3/3/2021 13:16:13 Transporto a moas hacia Mapa53 X:23 Y:73
3/3/2021 13:16:14 Transporto a moas hacia Mapa53 X:19 Y:73
3/3/2021 13:16:14 Transporto a moas hacia Mapa53 X:15 Y:73
3/3/2021 13:16:15 Transporto a moas hacia Mapa53 X:13 Y:77
3/3/2021 13:16:15 Transporto a moas hacia Mapa53 X:14 Y:81
3/3/2021 13:16:15 Transporto a moas hacia Mapa53 X:16 Y:86
3/3/2021 13:16:15 Transporto a moas hacia Mapa53 X:18 Y:91
3/3/2021 13:16:17 Transporto a moas hacia Mapa1 X:23 Y:12
3/3/2021 13:16:18 Transporto a moas hacia Mapa1 X:25 Y:16
3/3/2021 13:16:19 Transporto a moas hacia Mapa1 X:25 Y:21
3/3/2021 13:16:19 Transporto a moas hacia Mapa1 X:24 Y:24
3/3/2021 13:16:19 Transporto a moas hacia Mapa1 X:23 Y:29
3/3/2021 13:16:19 Transporto a moas hacia Mapa1 X:22 Y:33
3/3/2021 13:16:20 Transporto a moas hacia Mapa1 X:21 Y:37
3/3/2021 13:16:21 Transporto a moas hacia Mapa1 X:27 Y:36
3/3/2021 13:16:23 Transporto a moas hacia Mapa1 X:25 Y:31
3/3/2021 13:16:29 /INVISIBLE
3/3/2021 13:16:31 Transporto a moas hacia Mapa1 X:33 Y:28
3/3/2021 13:21:11 Se conecto con ip:127.0.0.1 SE: 1157263925
3/3/2021 13:21:23 /INVISIBLE
3/3/2021 13:23:23 Se conecto con ip:127.0.0.1 SE: 1157263925
3/3/2021 13:23:33 /INVISIBLE
3/3/2021 13:29:56 Se conecto con ip:127.0.0.1 SE: 1157263925
3/3/2021 13:35:15 Se conecto con ip:127.0.0.1 SE: 1157263925
3/3/2021 13:35:50 Se conecto con ip:127.0.0.1 SE: 1157263925
3/3/2021 13:36:17 Transporto a moas hacia Mapa1 X:33 Y:35
3/3/2021 13:36:17 Transporto a moas hacia Mapa1 X:33 Y:39
3/3/2021 13:36:18 Transporto a moas hacia Mapa1 X:30 Y:43
3/3/2021 13:36:18 Transporto a moas hacia Mapa1 X:27 Y:48
3/3/2021 13:36:19 Transporto a moas hacia Mapa1 X:19 Y:48
3/3/2021 13:36:20 Transporto a moas hacia Mapa1 X:22 Y:43
3/3/2021 13:36:20 Transporto a moas hacia Mapa1 X:25 Y:38
3/3/2021 13:36:21 Transporto a moas hacia Mapa1 X:29 Y:33
3/3/2021 13:36:21 Transporto a moas hacia Mapa1 X:25 Y:30
3/3/2021 13:36:21 Transporto a moas hacia Mapa1 X:20 Y:28
3/3/2021 13:36:22 Transporto a moas hacia Mapa1 X:24 Y:25
3/3/2021 13:36:23 Transporto a moas hacia Mapa1 X:30 Y:22
3/3/2021 13:36:28 Transporto a moas hacia Mapa53 X:30 Y:79
3/3/2021 13:36:28 Transporto a moas hacia Mapa53 X:29 Y:74
3/3/2021 13:36:28 Transporto a moas hacia Mapa53 X:28 Y:70
3/3/2021 13:36:29 Transporto a moas hacia Mapa53 X:26 Y:66
3/3/2021 13:36:29 Transporto a moas hacia Mapa53 X:26 Y:62
3/3/2021 13:36:29 Transporto a moas hacia Mapa53 X:30 Y:58
3/3/2021 13:36:29 Transporto a moas hacia Mapa53 X:35 Y:55
3/3/2021 13:36:36 Transporto a moas hacia Mapa53 X:34 Y:70
3/3/2021 13:36:37 Transporto a moas hacia Mapa53 X:33 Y:72
3/3/2021 13:36:38 Transporto a moas hacia Mapa53 X:29 Y:69
3/3/2021 13:36:38 Transporto a moas hacia Mapa53 X:25 Y:65
3/3/2021 13:36:39 Transporto a moas hacia Mapa53 X:24 Y:68
3/3/2021 13:36:39 Transporto a moas hacia Mapa53 X:31 Y:69
3/3/2021 13:36:40 Transporto a moas hacia Mapa53 X:38 Y:70
3/3/2021 13:36:40 Transporto a moas hacia Mapa53 X:34 Y:70
3/3/2021 13:36:45 Transporto a moas hacia Mapa53 X:33 Y:54
3/3/2021 13:36:46 Transporto a moas hacia Mapa53 X:36 Y:49
3/3/2021 13:36:46 Transporto a moas hacia Mapa53 X:40 Y:46
3/3/2021 13:36:46 Transporto a moas hacia Mapa53 X:45 Y:43
3/3/2021 13:36:47 Transporto a moas hacia Mapa53 X:45 Y:36
3/3/2021 13:36:47 Transporto a moas hacia Mapa53 X:45 Y:32
3/3/2021 13:36:57 Transporto a moas hacia Mapa53 X:45 Y:35
3/3/2021 13:36:58 Transporto a moas hacia Mapa53 X:47 Y:30
3/3/2021 13:37:00 Transporto a moas hacia Mapa53 X:46 Y:22
3/3/2021 13:37:00 Transporto a moas hacia Mapa53 X:47 Y:17
3/3/2021 13:37:00 Transporto a moas hacia Mapa53 X:48 Y:13
3/3/2021 13:37:01 Transporto a moas hacia Mapa54 X:47 Y:87
3/3/2021 13:37:01 Transporto a moas hacia Mapa54 X:46 Y:83
3/3/2021 13:37:03 Transporto a moas hacia Mapa54 X:45 Y:74
3/3/2021 13:37:03 Transporto a moas hacia Mapa54 X:42 Y:71
3/3/2021 13:37:03 Transporto a moas hacia Mapa54 X:38 Y:70
3/3/2021 13:37:04 Transporto a moas hacia Mapa54 X:33 Y:69
3/3/2021 13:37:04 Transporto a moas hacia Mapa54 X:28 Y:69
3/3/2021 13:37:17 Transporto a moas hacia Mapa54 X:26 Y:59
3/3/2021 13:37:18 Transporto a moas hacia Mapa54 X:24 Y:55
3/3/2021 13:37:18 Transporto a moas hacia Mapa54 X:22 Y:52
3/3/2021 13:37:18 Transporto a moas hacia Mapa54 X:20 Y:49
3/3/2021 13:37:19 Transporto a moas hacia Mapa54 X:23 Y:44
3/3/2021 13:37:19 Transporto a moas hacia Mapa54 X:27 Y:40
3/3/2021 13:37:19 Transporto a moas hacia Mapa54 X:31 Y:37
3/3/2021 13:37:19 Transporto a moas hacia Mapa54 X:36 Y:35
3/3/2021 13:37:20 Transporto a moas hacia Mapa54 X:41 Y:32
3/3/2021 13:37:20 Transporto a moas hacia Mapa54 X:47 Y:29
3/3/2021 13:37:20 Transporto a moas hacia Mapa54 X:52 Y:26
3/3/2021 13:37:20 Transporto a moas hacia Mapa54 X:51 Y:23
3/3/2021 13:37:20 Transporto a moas hacia Mapa54 X:48 Y:20
3/3/2021 13:37:21 Transporto a moas hacia Mapa54 X:43 Y:18
3/3/2021 13:37:21 Transporto a moas hacia Mapa54 X:38 Y:16
3/3/2021 13:37:21 Transporto a moas hacia Mapa54 X:36 Y:13
3/3/2021 13:37:22 Transporto a moas hacia Mapa54 X:37 Y:11
3/3/2021 13:37:22 Transporto a moas hacia Mapa57 X:39 Y:88
3/3/2021 13:37:22 Transporto a moas hacia Mapa57 X:38 Y:83
3/3/2021 13:37:23 Transporto a moas hacia Mapa57 X:37 Y:80
3/3/2021 13:37:23 Transporto a moas hacia Mapa57 X:37 Y:75
3/3/2021 13:37:24 Transporto a moas hacia Mapa57 X:40 Y:72
3/3/2021 13:37:26 Transporto a moas hacia Mapa57 X:43 Y:63
3/3/2021 13:37:26 Transporto a moas hacia Mapa57 X:45 Y:59
3/3/2021 13:37:27 Transporto a moas hacia Mapa57 X:47 Y:56
3/3/2021 13:37:27 Transporto a moas hacia Mapa57 X:47 Y:53
3/3/2021 13:37:27 Transporto a moas hacia Mapa57 X:47 Y:50
3/3/2021 13:37:28 Transporto a moas hacia Mapa57 X:48 Y:44
3/3/2021 13:37:29 Transporto a moas hacia Mapa57 X:46 Y:40
3/3/2021 13:37:29 Transporto a moas hacia Mapa57 X:44 Y:38
3/3/2021 13:37:29 Transporto a moas hacia Mapa57 X:41 Y:36
3/3/2021 13:37:30 Transporto a moas hacia Mapa57 X:38 Y:32
3/3/2021 13:37:30 Transporto a moas hacia Mapa57 X:41 Y:30
3/3/2021 13:37:31 Transporto a moas hacia Mapa57 X:44 Y:27
3/3/2021 13:37:31 Transporto a moas hacia Mapa57 X:42 Y:22
3/3/2021 13:37:36 Transporto a moas hacia Mapa59 X:42 Y:79
3/3/2021 13:37:36 Transporto a moas hacia Mapa59 X:42 Y:75
3/3/2021 13:37:37 Transporto a moas hacia Mapa59 X:43 Y:71
3/3/2021 13:37:37 Transporto a moas hacia Mapa59 X:45 Y:68
3/3/2021 13:37:37 Transporto a moas hacia Mapa59 X:47 Y:64
3/3/2021 13:37:37 Transporto a moas hacia Mapa59 X:48 Y:60
3/3/2021 13:37:37 Transporto a moas hacia Mapa59 X:48 Y:57
3/3/2021 13:37:38 Transporto a moas hacia Mapa59 X:48 Y:54
3/3/2021 13:37:43 Transporto a moas hacia Mapa59 X:50 Y:40
3/3/2021 13:37:56 Transporto a moas hacia Mapa59 X:49 Y:55
3/3/2021 13:37:57 Transporto a moas hacia Mapa59 X:52 Y:58
3/3/2021 13:37:58 Transporto a moas hacia Mapa59 X:47 Y:63
3/3/2021 13:37:59 Transporto a moas hacia Mapa59 X:55 Y:69
3/3/2021 13:38:11 Transporto a moas hacia Mapa59 X:64 Y:65
3/3/2021 13:38:11 Transporto a moas hacia Mapa59 X:71 Y:68
3/3/2021 13:38:12 Transporto a moas hacia Mapa59 X:74 Y:65
3/3/2021 13:38:12 Transporto a moas hacia Mapa59 X:75 Y:61
3/3/2021 13:38:12 Transporto a moas hacia Mapa59 X:75 Y:58
3/3/2021 13:38:13 Transporto a moas hacia Mapa59 X:74 Y:55
3/3/2021 13:38:13 Transporto a moas hacia Mapa59 X:73 Y:53
3/3/2021 13:38:13 Transporto a moas hacia Mapa59 X:70 Y:50
3/3/2021 13:38:13 Transporto a moas hacia Mapa59 X:68 Y:46
3/3/2021 13:38:13 Transporto a moas hacia Mapa59 X:65 Y:43
3/3/2021 13:38:14 Transporto a moas hacia Mapa59 X:61 Y:42
3/3/2021 13:38:14 Transporto a moas hacia Mapa59 X:56 Y:42
3/3/2021 13:38:15 Transporto a moas hacia Mapa59 X:51 Y:42
3/3/2021 13:38:15 Transporto a moas hacia Mapa59 X:46 Y:42
3/3/2021 13:38:16 Transporto a moas hacia Mapa59 X:47 Y:38
3/3/2021 13:38:16 Transporto a moas hacia Mapa59 X:48 Y:34
3/3/2021 13:38:17 Transporto a moas hacia Mapa59 X:44 Y:32
3/3/2021 13:38:18 Transporto a moas hacia Mapa59 X:39 Y:33
3/3/2021 13:38:18 Transporto a moas hacia Mapa59 X:34 Y:35
3/3/2021 13:38:18 Transporto a moas hacia Mapa59 X:30 Y:38
3/3/2021 13:38:18 Transporto a moas hacia Mapa59 X:34 Y:42
3/3/2021 13:38:19 Transporto a moas hacia Mapa59 X:35 Y:40
3/3/2021 13:38:20 Transporto a moas hacia Mapa59 X:37 Y:35
3/3/2021 13:38:22 Transporto a moas hacia Mapa59 X:48 Y:30
10/3/2021 19:06:47 Se conecto con ip:127.0.0.1 SE: 1157263925
10/3/2021 19:06:57 Transporto a moas hacia Mapa1 X:51 Y:45
10/3/2021 19:06:57 Transporto a moas hacia Mapa1 X:47 Y:44
10/3/2021 19:06:58 Transporto a moas hacia Mapa1 X:42 Y:44
10/3/2021 19:06:58 Transporto a moas hacia Mapa1 X:37 Y:44
10/3/2021 19:06:58 Transporto a moas hacia Mapa1 X:32 Y:45
10/3/2021 19:06:59 Transporto a moas hacia Mapa1 X:28 Y:43
10/3/2021 19:07:01 Transporto a moas hacia Mapa1 X:37 Y:40
10/3/2021 19:07:02 Transporto a moas hacia Mapa1 X:34 Y:32
10/3/2021 19:07:03 Transporto a moas hacia Mapa1 X:30 Y:28
10/3/2021 19:07:03 Transporto a moas hacia Mapa1 X:28 Y:24
10/3/2021 19:07:03 Transporto a moas hacia Mapa1 X:28 Y:20
10/3/2021 19:07:04 Transporto a moas hacia Mapa1 X:29 Y:26
10/3/2021 19:07:06 Transporto a moas hacia Mapa1 X:33 Y:31
10/3/2021 19:14:25 Se conecto con ip:127.0.0.1 SE: 1157263925
10/3/2021 19:20:17 Se conecto con ip:127.0.0.1 SE: 1157263925
10/3/2021 19:20:35 /INVISIBLE
10/3/2021 19:20:40 /INVISIBLE
10/3/2021 19:21:23 /INVISIBLE
10/3/2021 19:30:51 Se conecto con ip:127.0.0.1 SE: 1157263925
10/3/2021 19:31:26 Se conecto con ip:127.0.0.1 SE: 1157263925
10/3/2021 19:37:23 Se conecto con ip:127.0.0.1 SE: 1157263925
10/3/2021 19:40:53 Se conecto con ip:127.0.0.1 SE: 1157263925
10/3/2021 19:44:11 Se conecto con ip:127.0.0.1 SE: 1157263925
10/3/2021 19:45:09 Transporto a moas hacia Mapa1 X:46 Y:39
10/3/2021 19:45:11 Transporto a moas hacia Mapa1 X:49 Y:34
10/3/2021 19:45:26 Transporto a moas hacia Mapa1 X:41 Y:42
10/3/2021 19:50:27 Se conecto con ip:127.0.0.1 SE: 1157263925
10/3/2021 19:53:21 Transporto a moas hacia Mapa1 X:18 Y:63
10/3/2021 19:53:23 Transporto a moas hacia Mapa1 X:22 Y:62
10/3/2021 19:53:24 Transporto a moas hacia Mapa1 X:26 Y:65
10/3/2021 19:53:25 Transporto a moas hacia Mapa1 X:28 Y:69
10/3/2021 19:53:26 Transporto a moas hacia Mapa1 X:25 Y:72
10/3/2021 19:53:29 Transporto a moas hacia Mapa1 X:32 Y:82
10/3/2021 19:53:29 Transporto a moas hacia Mapa1 X:33 Y:86
10/3/2021 19:53:30 Transporto a moas hacia Mapa1 X:34 Y:83
10/3/2021 19:53:32 Transporto a moas hacia Mapa1 X:34 Y:75
