25/1/2021 22:30:30 Se conecto con ip:127.0.0.1 SE: 77391571
25/1/2021 22:30:35 Transporto a Snow Bros hacia Mapa3 X:50 Y:50
25/1/2021 22:30:41 Transporto a Snow Bros hacia Mapa3 X:53 Y:40
25/1/2021 22:30:42 Transporto a Snow Bros hacia Mapa3 X:52 Y:34
25/1/2021 22:30:42 Transporto a Snow Bros hacia Mapa3 X:50 Y:28
25/1/2021 22:30:42 Transporto a Snow Bros hacia Mapa3 X:46 Y:24
25/1/2021 22:30:43 Transporto a Snow Bros hacia Mapa3 X:40 Y:20
25/1/2021 22:30:44 Transporto a Snow Bros hacia Mapa3 X:40 Y:17
25/1/2021 22:30:45 Transporto a Snow Bros hacia Mapa3 X:44 Y:20
25/1/2021 22:30:46 Transporto a Snow Bros hacia Mapa3 X:50 Y:21
25/1/2021 22:30:46 Transporto a Snow Bros hacia Mapa3 X:58 Y:21
25/1/2021 22:30:46 Transporto a Snow Bros hacia Mapa3 X:67 Y:20
25/1/2021 22:30:47 Transporto a Snow Bros hacia Mapa3 X:74 Y:21
25/1/2021 22:30:47 Transporto a Snow Bros hacia Mapa3 X:75 Y:25
25/1/2021 22:30:47 Transporto a Snow Bros hacia Mapa3 X:72 Y:29
25/1/2021 22:30:47 Transporto a Snow Bros hacia Mapa3 X:67 Y:33
25/1/2021 22:30:47 Transporto a Snow Bros hacia Mapa3 X:62 Y:37
25/1/2021 22:30:48 Transporto a Snow Bros hacia Mapa3 X:61 Y:41
25/1/2021 22:30:48 Transporto a Snow Bros hacia Mapa3 X:60 Y:45
25/1/2021 22:30:48 Transporto a Snow Bros hacia Mapa3 X:57 Y:49
25/1/2021 22:30:48 Transporto a Snow Bros hacia Mapa3 X:52 Y:52
25/1/2021 22:30:48 Transporto a Snow Bros hacia Mapa3 X:47 Y:53
25/1/2021 22:30:49 Transporto a Snow Bros hacia Mapa3 X:48 Y:46
25/1/2021 22:30:49 Transporto a Snow Bros hacia Mapa3 X:51 Y:40
25/1/2021 22:30:49 Transporto a Snow Bros hacia Mapa3 X:54 Y:35
25/1/2021 22:31:27 Se conecto con ip:127.0.0.1 SE: 77391571
25/1/2021 22:31:29 Transporto a Snow Bros hacia Mapa3 X:54 Y:28
25/1/2021 22:31:30 Transporto a Snow Bros hacia Mapa3 X:54 Y:22
25/1/2021 22:31:30 Transporto a Snow Bros hacia Mapa3 X:49 Y:18
25/1/2021 22:31:31 Transporto a Snow Bros hacia Mapa3 X:43 Y:20
25/1/2021 22:31:31 Transporto a Snow Bros hacia Mapa3 X:40 Y:24
25/1/2021 22:31:31 Transporto a Snow Bros hacia Mapa3 X:41 Y:27
25/1/2021 22:31:32 Transporto a Snow Bros hacia Mapa3 X:44 Y:30
25/1/2021 22:31:32 Transporto a Snow Bros hacia Mapa3 X:48 Y:33
25/1/2021 22:31:32 Transporto a Snow Bros hacia Mapa3 X:50 Y:38
25/1/2021 22:31:32 Transporto a Snow Bros hacia Mapa3 X:51 Y:43
25/1/2021 22:31:33 Transporto a Snow Bros hacia Mapa3 X:53 Y:48
25/1/2021 22:31:33 Transporto a Snow Bros hacia Mapa3 X:53 Y:53
25/1/2021 22:31:33 Transporto a Snow Bros hacia Mapa3 X:53 Y:58
25/1/2021 22:31:34 Transporto a Snow Bros hacia Mapa3 X:60 Y:56
25/1/2021 22:31:34 Transporto a Snow Bros hacia Mapa3 X:68 Y:54
25/1/2021 22:31:34 Transporto a Snow Bros hacia Mapa3 X:69 Y:51
25/1/2021 22:31:34 Transporto a Snow Bros hacia Mapa3 X:65 Y:48
25/1/2021 22:31:35 Transporto a Snow Bros hacia Mapa3 X:58 Y:43
25/1/2021 22:31:35 Transporto a Snow Bros hacia Mapa3 X:51 Y:38
25/1/2021 22:31:35 Transporto a Snow Bros hacia Mapa3 X:46 Y:33
25/1/2021 22:31:35 Transporto a Snow Bros hacia Mapa3 X:52 Y:32
25/1/2021 22:31:36 Transporto a Snow Bros hacia Mapa3 X:60 Y:33
25/1/2021 22:31:36 Transporto a Snow Bros hacia Mapa3 X:68 Y:35
25/1/2021 22:31:36 Transporto a Snow Bros hacia Mapa3 X:77 Y:38
25/1/2021 22:31:36 Transporto a Snow Bros hacia Mapa3 X:84 Y:41
25/1/2021 22:31:37 Transporto a Snow Bros hacia Mapa3 X:85 Y:46
25/1/2021 22:31:37 Transporto a Snow Bros hacia Mapa3 X:81 Y:45
25/1/2021 22:31:37 Transporto a Snow Bros hacia Mapa3 X:73 Y:47
25/1/2021 22:31:37 Transporto a Snow Bros hacia Mapa3 X:67 Y:50
25/1/2021 22:31:38 Transporto a Snow Bros hacia Mapa3 X:62 Y:54
25/1/2021 22:31:38 Transporto a Snow Bros hacia Mapa3 X:55 Y:52
25/1/2021 22:32:46 Se conecto con ip:127.0.0.1 SE: 77391571
25/1/2021 22:32:47 Transporto a Snow Bros hacia Mapa3 X:52 Y:56
25/1/2021 22:32:48 Transporto a Snow Bros hacia Mapa3 X:54 Y:61
25/1/2021 22:32:50 Transporto a Snow Bros hacia Mapa3 X:43 Y:53
25/1/2021 22:32:51 Transporto a Snow Bros hacia Mapa3 X:33 Y:51
25/1/2021 22:32:51 Transporto a Snow Bros hacia Mapa3 X:29 Y:48
25/1/2021 22:32:51 Transporto a Snow Bros hacia Mapa3 X:31 Y:41
25/1/2021 22:32:51 Transporto a Snow Bros hacia Mapa3 X:36 Y:34
25/1/2021 22:32:52 Transporto a Snow Bros hacia Mapa3 X:42 Y:28
25/1/2021 22:32:52 Transporto a Snow Bros hacia Mapa3 X:44 Y:23
25/1/2021 22:32:52 Transporto a Snow Bros hacia Mapa3 X:43 Y:18
25/1/2021 22:32:53 Transporto a Snow Bros hacia Mapa3 X:50 Y:20
25/1/2021 22:32:53 Transporto a Snow Bros hacia Mapa3 X:57 Y:22
25/1/2021 22:32:53 Transporto a Snow Bros hacia Mapa3 X:62 Y:24
25/1/2021 22:32:54 Transporto a Snow Bros hacia Mapa3 X:70 Y:22
25/1/2021 22:32:54 Transporto a Snow Bros hacia Mapa3 X:75 Y:21
25/1/2021 22:32:54 Transporto a Snow Bros hacia Mapa3 X:76 Y:19
25/1/2021 22:32:54 Transporto a Snow Bros hacia Mapa3 X:73 Y:24
25/1/2021 22:32:55 Transporto a Snow Bros hacia Mapa3 X:65 Y:26
25/1/2021 22:32:55 Transporto a Snow Bros hacia Mapa3 X:58 Y:27
25/1/2021 22:32:55 Transporto a Snow Bros hacia Mapa3 X:55 Y:25
25/1/2021 22:32:56 Transporto a Snow Bros hacia Mapa3 X:51 Y:22
25/1/2021 22:32:57 Transporto a Snow Bros hacia Mapa3 X:58 Y:21
25/1/2021 22:32:58 Transporto a Snow Bros hacia Mapa3 X:60 Y:27
25/1/2021 22:32:58 Transporto a Snow Bros hacia Mapa3 X:58 Y:32
25/1/2021 22:32:58 Transporto a Snow Bros hacia Mapa3 X:57 Y:37
25/1/2021 22:32:58 Transporto a Snow Bros hacia Mapa3 X:58 Y:42
25/1/2021 22:32:58 Transporto a Snow Bros hacia Mapa3 X:59 Y:47
25/1/2021 22:32:59 Transporto a Snow Bros hacia Mapa3 X:57 Y:50
25/1/2021 22:32:59 Transporto a Snow Bros hacia Mapa3 X:53 Y:51
25/1/2021 22:32:59 Transporto a Snow Bros hacia Mapa3 X:53 Y:56
25/1/2021 22:33:48 Se conecto con ip:127.0.0.1 SE: 77391571
25/1/2021 22:35:01 Se conecto con ip:127.0.0.1 SE: 77391571
25/1/2021 22:35:03 Transporto a Snow Bros hacia Mapa3 X:50 Y:50
25/1/2021 22:35:04 Transporto a Snow Bros hacia Mapa3 X:49 Y:54
25/1/2021 22:35:04 Transporto a Snow Bros hacia Mapa3 X:53 Y:53
25/1/2021 22:35:05 Transporto a Snow Bros hacia Mapa3 X:57 Y:50
25/1/2021 22:35:05 Transporto a Snow Bros hacia Mapa3 X:55 Y:45
25/1/2021 22:35:05 Transporto a Snow Bros hacia Mapa3 X:53 Y:39
25/1/2021 22:35:05 Transporto a Snow Bros hacia Mapa3 X:51 Y:33
25/1/2021 22:35:05 Transporto a Snow Bros hacia Mapa3 X:51 Y:27
25/1/2021 22:35:06 Transporto a Snow Bros hacia Mapa3 X:52 Y:21
25/1/2021 22:35:06 Transporto a Snow Bros hacia Mapa3 X:52 Y:15
25/1/2021 22:35:06 Transporto a Snow Bros hacia Mapa3 X:45 Y:15
25/1/2021 22:35:07 Transporto a Snow Bros hacia Mapa3 X:38 Y:15
25/1/2021 22:35:07 Transporto a Snow Bros hacia Mapa3 X:31 Y:17
25/1/2021 22:35:07 Transporto a Snow Bros hacia Mapa3 X:35 Y:21
25/1/2021 22:35:07 Transporto a Snow Bros hacia Mapa3 X:40 Y:25
25/1/2021 22:35:08 Transporto a Snow Bros hacia Mapa3 X:44 Y:29
25/1/2021 22:35:08 Transporto a Snow Bros hacia Mapa3 X:43 Y:34
25/1/2021 22:35:08 Transporto a Snow Bros hacia Mapa3 X:41 Y:39
25/1/2021 22:35:08 Transporto a Snow Bros hacia Mapa3 X:41 Y:44
25/1/2021 22:35:08 Transporto a Snow Bros hacia Mapa3 X:44 Y:49
25/1/2021 22:35:09 Transporto a Snow Bros hacia Mapa3 X:49 Y:54
25/1/2021 22:35:09 Transporto a Snow Bros hacia Mapa3 X:55 Y:59
25/1/2021 22:35:09 Transporto a Snow Bros hacia Mapa3 X:61 Y:60
25/1/2021 22:35:09 Transporto a Snow Bros hacia Mapa3 X:69 Y:58
25/1/2021 22:35:09 Transporto a Snow Bros hacia Mapa3 X:77 Y:54
25/1/2021 22:35:10 Transporto a Snow Bros hacia Mapa3 X:83 Y:51
25/1/2021 22:35:10 Transporto a Snow Bros hacia Mapa3 X:84 Y:47
25/1/2021 22:35:10 Transporto a Snow Bros hacia Mapa3 X:83 Y:42
25/1/2021 22:35:10 Transporto a Snow Bros hacia Mapa3 X:79 Y:36
25/1/2021 22:35:11 Transporto a Snow Bros hacia Mapa3 X:74 Y:30
25/1/2021 22:35:11 Transporto a Snow Bros hacia Mapa3 X:70 Y:25
25/1/2021 22:35:11 Transporto a Snow Bros hacia Mapa3 X:65 Y:21
25/1/2021 22:35:11 Transporto a Snow Bros hacia Mapa3 X:58 Y:21
25/1/2021 22:35:11 Transporto a Snow Bros hacia Mapa3 X:51 Y:23
25/1/2021 22:35:11 Transporto a Snow Bros hacia Mapa3 X:47 Y:27
25/1/2021 22:35:12 Transporto a Snow Bros hacia Mapa3 X:47 Y:31
25/1/2021 22:35:12 Transporto a Snow Bros hacia Mapa3 X:50 Y:34
25/1/2021 22:35:12 Transporto a Snow Bros hacia Mapa3 X:53 Y:36
25/1/2021 22:35:16 Transporto a Snow Bros hacia Mapa174 X:50 Y:50
25/1/2021 22:35:16 Transporto a Snow Bros hacia Mapa174 X:46 Y:55
25/1/2021 22:35:16 Transporto a Snow Bros hacia Mapa174 X:40 Y:58
25/1/2021 22:35:17 Transporto a Snow Bros hacia Mapa174 X:33 Y:58
25/1/2021 22:35:17 Transporto a Snow Bros hacia Mapa174 X:28 Y:56
25/1/2021 22:35:17 Transporto a Snow Bros hacia Mapa174 X:26 Y:51
25/1/2021 22:35:17 Transporto a Snow Bros hacia Mapa174 X:27 Y:47
25/1/2021 22:35:17 Transporto a Snow Bros hacia Mapa174 X:30 Y:44
25/1/2021 22:35:18 Transporto a Snow Bros hacia Mapa174 X:32 Y:41
25/1/2021 22:35:18 Transporto a Snow Bros hacia Mapa174 X:25 Y:37
25/1/2021 22:35:18 Transporto a Snow Bros hacia Mapa174 X:18 Y:36
25/1/2021 22:35:18 Transporto a Snow Bros hacia Mapa174 X:13 Y:37
25/1/2021 22:35:19 Transporto a Snow Bros hacia Mapa174 X:18 Y:43
25/1/2021 22:35:19 Transporto a Snow Bros hacia Mapa174 X:24 Y:49
25/1/2021 22:35:19 Transporto a Snow Bros hacia Mapa174 X:25 Y:55
25/1/2021 22:35:19 Transporto a Snow Bros hacia Mapa174 X:24 Y:61
25/1/2021 22:35:20 Transporto a Snow Bros hacia Mapa174 X:24 Y:67
25/1/2021 22:35:20 Transporto a Snow Bros hacia Mapa174 X:26 Y:72
25/1/2021 22:35:20 Transporto a Snow Bros hacia Mapa174 X:30 Y:77
25/1/2021 22:35:20 Transporto a Snow Bros hacia Mapa174 X:35 Y:82
25/1/2021 22:35:20 Transporto a Snow Bros hacia Mapa174 X:40 Y:87
25/1/2021 22:35:21 Transporto a Snow Bros hacia Mapa174 X:41 Y:92
25/1/2021 22:35:22 Transporto a Snow Bros hacia Mapa174 X:51 Y:92
25/1/2021 22:35:22 Transporto a Snow Bros hacia Mapa174 X:60 Y:90
25/1/2021 22:42:17 Se conecto con ip:127.0.0.1 SE: 77391571
25/1/2021 23:03:44 Se conecto con ip:127.0.0.1 SE: 1157263925
25/1/2021 23:10:44 Se conecto con ip:127.0.0.1 SE: 77391571
25/1/2021 23:15:07 Se conecto con ip:127.0.0.1 SE: 77391571
26/1/2021 08:40:02 Se conecto con ip:127.0.0.1 SE: 77391571
26/1/2021 08:42:44 Se conecto con ip:127.0.0.1 SE: 77391571
26/1/2021 09:10:16 Se conecto con ip:127.0.0.1 SE: 77391571
26/1/2021 09:10:20 Transporto a Snow Bros hacia Mapa34 X:40 Y:84
26/1/2021 09:10:20 Transporto a Snow Bros hacia Mapa34 X:49 Y:88
26/1/2021 09:10:20 Transporto a Snow Bros hacia Mapa34 X:57 Y:92
26/1/2021 09:10:21 Transporto a Snow Bros hacia Mapa34 X:63 Y:89
26/1/2021 09:10:21 Transporto a Snow Bros hacia Mapa34 X:69 Y:85
26/1/2021 09:10:21 Transporto a Snow Bros hacia Mapa34 X:74 Y:81
26/1/2021 09:10:21 Transporto a Snow Bros hacia Mapa34 X:80 Y:79
26/1/2021 09:10:22 Transporto a Snow Bros hacia Mapa34 X:83 Y:76
26/1/2021 09:10:22 Transporto a Snow Bros hacia Mapa34 X:82 Y:70
26/1/2021 09:10:22 Transporto a Snow Bros hacia Mapa34 X:79 Y:64
26/1/2021 09:10:22 Transporto a Snow Bros hacia Mapa34 X:76 Y:58
26/1/2021 09:10:22 Transporto a Snow Bros hacia Mapa34 X:75 Y:52
26/1/2021 09:10:23 Transporto a Snow Bros hacia Mapa34 X:75 Y:46
26/1/2021 09:10:23 Transporto a Snow Bros hacia Mapa34 X:76 Y:40
26/1/2021 09:10:23 Transporto a Snow Bros hacia Mapa34 X:77 Y:34
26/1/2021 09:10:23 Transporto a Snow Bros hacia Mapa34 X:77 Y:28
26/1/2021 09:10:24 Transporto a Snow Bros hacia Mapa34 X:76 Y:23
26/1/2021 09:10:24 Transporto a Snow Bros hacia Mapa34 X:74 Y:18
26/1/2021 09:10:24 Transporto a Snow Bros hacia Mapa34 X:71 Y:14
26/1/2021 09:10:24 Transporto a Snow Bros hacia Mapa34 X:66 Y:10
26/1/2021 09:10:24 Transporto a Snow Bros hacia Mapa34 X:60 Y:8
26/1/2021 09:10:25 Transporto a Snow Bros hacia Mapa34 X:51 Y:10
26/1/2021 09:10:25 Transporto a Snow Bros hacia Mapa34 X:43 Y:14
26/1/2021 09:10:25 Transporto a Snow Bros hacia Mapa34 X:34 Y:18
26/1/2021 09:10:25 Transporto a Snow Bros hacia Mapa34 X:25 Y:21
26/1/2021 09:10:26 Transporto a Snow Bros hacia Mapa34 X:18 Y:24
26/1/2021 09:10:26 Transporto a Snow Bros hacia Mapa34 X:14 Y:28
26/1/2021 09:10:26 Transporto a Snow Bros hacia Mapa34 X:17 Y:32
26/1/2021 09:10:26 Transporto a Snow Bros hacia Mapa34 X:21 Y:36
26/1/2021 09:10:26 Transporto a Snow Bros hacia Mapa34 X:26 Y:39
26/1/2021 09:10:27 Transporto a Snow Bros hacia Mapa34 X:29 Y:42
26/1/2021 09:10:27 Transporto a Snow Bros hacia Mapa34 X:30 Y:47
26/1/2021 09:10:27 Transporto a Snow Bros hacia Mapa34 X:30 Y:51
26/1/2021 09:10:27 Transporto a Snow Bros hacia Mapa34 X:29 Y:55
26/1/2021 09:10:36 Transporto a Snow Bros hacia Mapa79 X:50 Y:50
26/1/2021 09:10:37 Transporto a Snow Bros hacia Mapa79 X:42 Y:51
26/1/2021 09:10:37 Transporto a Snow Bros hacia Mapa79 X:45 Y:52
26/1/2021 09:10:37 Transporto a Snow Bros hacia Mapa79 X:50 Y:54
26/1/2021 09:10:38 Transporto a Snow Bros hacia Mapa79 X:56 Y:57
26/1/2021 09:10:38 Transporto a Snow Bros hacia Mapa79 X:63 Y:59
26/1/2021 09:10:38 Transporto a Snow Bros hacia Mapa79 X:68 Y:61
26/1/2021 09:10:38 Transporto a Snow Bros hacia Mapa79 X:74 Y:59
26/1/2021 09:10:38 Transporto a Snow Bros hacia Mapa79 X:79 Y:56
26/1/2021 09:10:39 Transporto a Snow Bros hacia Mapa79 X:78 Y:51
26/1/2021 09:10:39 Transporto a Snow Bros hacia Mapa79 X:74 Y:46
26/1/2021 09:10:39 Transporto a Snow Bros hacia Mapa79 X:68 Y:42
26/1/2021 09:10:39 Transporto a Snow Bros hacia Mapa79 X:62 Y:38
26/1/2021 09:10:39 Transporto a Snow Bros hacia Mapa79 X:55 Y:38
26/1/2021 09:10:40 Transporto a Snow Bros hacia Mapa79 X:53 Y:41
26/1/2021 09:10:40 Transporto a Snow Bros hacia Mapa79 X:52 Y:45
26/1/2021 09:10:40 Transporto a Snow Bros hacia Mapa79 X:51 Y:50
26/1/2021 09:10:41 Transporto a Snow Bros hacia Mapa79 X:51 Y:54
26/1/2021 09:10:43 Transporto a Snow Bros hacia Mapa147 X:24 Y:53
26/1/2021 09:10:43 Transporto a Snow Bros hacia Mapa147 X:33 Y:53
26/1/2021 09:10:43 Transporto a Snow Bros hacia Mapa147 X:40 Y:52
26/1/2021 09:10:43 Transporto a Snow Bros hacia Mapa147 X:46 Y:49
26/1/2021 09:10:43 Transporto a Snow Bros hacia Mapa147 X:49 Y:44
26/1/2021 09:10:44 Transporto a Snow Bros hacia Mapa147 X:48 Y:38
26/1/2021 09:10:44 Transporto a Snow Bros hacia Mapa147 X:43 Y:32
26/1/2021 09:10:44 Transporto a Snow Bros hacia Mapa147 X:35 Y:28
26/1/2021 09:10:44 Transporto a Snow Bros hacia Mapa147 X:29 Y:24
26/1/2021 09:10:44 Transporto a Snow Bros hacia Mapa147 X:32 Y:20
26/1/2021 09:10:45 Transporto a Snow Bros hacia Mapa147 X:41 Y:21
26/1/2021 09:10:45 Transporto a Snow Bros hacia Mapa147 X:49 Y:25
26/1/2021 09:10:45 Transporto a Snow Bros hacia Mapa147 X:57 Y:31
26/1/2021 09:10:45 Transporto a Snow Bros hacia Mapa147 X:66 Y:36
26/1/2021 09:10:45 Transporto a Snow Bros hacia Mapa147 X:76 Y:39
26/1/2021 09:10:46 Transporto a Snow Bros hacia Mapa147 X:82 Y:41
26/1/2021 09:10:46 Transporto a Snow Bros hacia Mapa147 X:81 Y:47
26/1/2021 09:10:46 Transporto a Snow Bros hacia Mapa147 X:78 Y:51
26/1/2021 09:10:46 Transporto a Snow Bros hacia Mapa147 X:74 Y:55
26/1/2021 09:10:46 Transporto a Snow Bros hacia Mapa147 X:69 Y:59
26/1/2021 09:10:47 Transporto a Snow Bros hacia Mapa147 X:64 Y:61
26/1/2021 09:10:47 Transporto a Snow Bros hacia Mapa147 X:64 Y:65
26/1/2021 09:10:47 Transporto a Snow Bros hacia Mapa147 X:69 Y:69
26/1/2021 09:10:47 Transporto a Snow Bros hacia Mapa147 X:75 Y:73
26/1/2021 09:10:47 Transporto a Snow Bros hacia Mapa147 X:83 Y:75
26/1/2021 09:10:48 Transporto a Snow Bros hacia Mapa147 X:86 Y:70
26/1/2021 09:10:48 Transporto a Snow Bros hacia Mapa147 X:85 Y:64
26/1/2021 09:10:53 Transporto a Snow Bros hacia Mapa303 X:50 Y:50
26/1/2021 09:15:04 Se conecto con ip:127.0.0.1 SE: 77391571
26/1/2021 09:15:10 Transporto a Snow Bros hacia Mapa303 X:50 Y:50
26/1/2021 09:15:13 Transporto a Snow Bros hacia Mapa303 X:42 Y:42
26/1/2021 09:15:14 Transporto a Snow Bros hacia Mapa303 X:35 Y:44
26/1/2021 09:15:14 Transporto a Snow Bros hacia Mapa303 X:31 Y:48
26/1/2021 09:15:15 Transporto a Snow Bros hacia Mapa303 X:36 Y:52
26/1/2021 09:15:15 Transporto a Snow Bros hacia Mapa303 X:46 Y:54
26/1/2021 09:15:15 Transporto a Snow Bros hacia Mapa303 X:52 Y:52
26/1/2021 09:15:16 Transporto a Snow Bros hacia Mapa303 X:55 Y:48
26/1/2021 09:15:23 Transporto a Snow Bros hacia Mapa1 X:50 Y:50
26/1/2021 09:15:24 Transporto a Snow Bros hacia Mapa1 X:50 Y:45
26/1/2021 09:15:24 Transporto a Snow Bros hacia Mapa1 X:49 Y:39
26/1/2021 09:15:24 Transporto a Snow Bros hacia Mapa1 X:46 Y:36
26/1/2021 09:15:24 Transporto a Snow Bros hacia Mapa1 X:42 Y:37
26/1/2021 09:15:25 Transporto a Snow Bros hacia Mapa1 X:39 Y:41
26/1/2021 09:15:25 Transporto a Snow Bros hacia Mapa1 X:39 Y:45
26/1/2021 09:15:25 Transporto a Snow Bros hacia Mapa1 X:41 Y:49
26/1/2021 09:15:26 Transporto a Snow Bros hacia Mapa1 X:41 Y:54
26/1/2021 09:15:26 Transporto a Snow Bros hacia Mapa1 X:48 Y:55
26/1/2021 09:15:26 Transporto a Snow Bros hacia Mapa1 X:57 Y:58
26/1/2021 09:15:27 Transporto a Snow Bros hacia Mapa1 X:63 Y:62
26/1/2021 09:15:27 Transporto a Snow Bros hacia Mapa1 X:66 Y:66
26/1/2021 09:15:27 Transporto a Snow Bros hacia Mapa1 X:63 Y:70
26/1/2021 09:15:27 Transporto a Snow Bros hacia Mapa1 X:61 Y:74
26/1/2021 09:15:28 Transporto a Snow Bros hacia Mapa1 X:60 Y:76
26/1/2021 09:15:32 Transporto a Snow Bros hacia Mapa2 X:50 Y:50
26/1/2021 09:15:33 Transporto a Snow Bros hacia Mapa2 X:52 Y:46
26/1/2021 09:15:33 Transporto a Snow Bros hacia Mapa2 X:51 Y:40
26/1/2021 09:15:33 Transporto a Snow Bros hacia Mapa2 X:47 Y:36
26/1/2021 09:15:34 Transporto a Snow Bros hacia Mapa2 X:42 Y:34
26/1/2021 09:15:34 Transporto a Snow Bros hacia Mapa2 X:35 Y:36
26/1/2021 09:15:34 Transporto a Snow Bros hacia Mapa2 X:29 Y:40
26/1/2021 09:15:34 Transporto a Snow Bros hacia Mapa2 X:28 Y:46
26/1/2021 09:15:34 Transporto a Snow Bros hacia Mapa2 X:27 Y:52
26/1/2021 09:15:35 Transporto a Snow Bros hacia Mapa2 X:27 Y:58
26/1/2021 09:15:35 Transporto a Snow Bros hacia Mapa2 X:30 Y:64
26/1/2021 09:15:35 Transporto a Snow Bros hacia Mapa2 X:36 Y:70
26/1/2021 09:15:35 Transporto a Snow Bros hacia Mapa2 X:44 Y:76
26/1/2021 09:15:35 Transporto a Snow Bros hacia Mapa2 X:53 Y:81
26/1/2021 09:15:35 Transporto a Snow Bros hacia Mapa2 X:63 Y:86
26/1/2021 09:15:36 Transporto a Snow Bros hacia Mapa2 X:73 Y:90
26/1/2021 09:15:36 Transporto a Snow Bros hacia Mapa2 X:82 Y:91
26/1/2021 09:15:36 Transporto a Snow Bros hacia Mapa2 X:88 Y:90
26/1/2021 09:15:37 Transporto a Snow Bros hacia Mapa2 X:89 Y:83
26/1/2021 09:15:37 Transporto a Snow Bros hacia Mapa2 X:88 Y:76
26/1/2021 09:15:37 Transporto a Snow Bros hacia Mapa2 X:84 Y:69
26/1/2021 09:15:37 Transporto a Snow Bros hacia Mapa2 X:81 Y:62
26/1/2021 09:15:38 Transporto a Snow Bros hacia Mapa2 X:80 Y:55
26/1/2021 09:15:38 Transporto a Snow Bros hacia Mapa2 X:77 Y:49
26/1/2021 09:15:38 Transporto a Snow Bros hacia Mapa2 X:71 Y:50
26/1/2021 09:15:38 Transporto a Snow Bros hacia Mapa2 X:65 Y:52
26/1/2021 09:15:46 Transporto a Snow Bros hacia Mapa35 X:50 Y:50
26/1/2021 09:15:46 Transporto a Snow Bros hacia Mapa35 X:44 Y:48
26/1/2021 09:15:47 Transporto a Snow Bros hacia Mapa35 X:35 Y:44
26/1/2021 09:15:47 Transporto a Snow Bros hacia Mapa35 X:27 Y:41
26/1/2021 09:15:47 Transporto a Snow Bros hacia Mapa35 X:20 Y:40
26/1/2021 09:15:47 Transporto a Snow Bros hacia Mapa35 X:14 Y:42
26/1/2021 09:15:48 Transporto a Snow Bros hacia Mapa35 X:15 Y:47
26/1/2021 09:15:48 Transporto a Snow Bros hacia Mapa35 X:18 Y:51
26/1/2021 09:15:49 Transporto a Snow Bros hacia Mapa35 X:23 Y:56
26/1/2021 09:15:49 Transporto a Snow Bros hacia Mapa35 X:25 Y:62
26/1/2021 09:15:49 Transporto a Snow Bros hacia Mapa35 X:26 Y:68
26/1/2021 09:15:49 Transporto a Snow Bros hacia Mapa35 X:27 Y:74
26/1/2021 09:15:49 Transporto a Snow Bros hacia Mapa35 X:31 Y:80
26/1/2021 09:15:50 Transporto a Snow Bros hacia Mapa35 X:39 Y:85
26/1/2021 09:15:50 Transporto a Snow Bros hacia Mapa35 X:50 Y:86
26/1/2021 09:15:50 Transporto a Snow Bros hacia Mapa35 X:61 Y:87
26/1/2021 09:15:50 Transporto a Snow Bros hacia Mapa35 X:70 Y:86
26/1/2021 09:15:51 Transporto a Snow Bros hacia Mapa35 X:77 Y:83
26/1/2021 09:15:51 Transporto a Snow Bros hacia Mapa35 X:80 Y:79
26/1/2021 09:15:51 Transporto a Snow Bros hacia Mapa35 X:83 Y:74
26/1/2021 09:15:51 Transporto a Snow Bros hacia Mapa35 X:85 Y:67
26/1/2021 09:15:51 Transporto a Snow Bros hacia Mapa35 X:86 Y:59
26/1/2021 09:15:52 Transporto a Snow Bros hacia Mapa35 X:86 Y:51
26/1/2021 09:15:52 Transporto a Snow Bros hacia Mapa35 X:85 Y:44
26/1/2021 09:15:52 Transporto a Snow Bros hacia Mapa35 X:84 Y:38
26/1/2021 09:15:52 Transporto a Snow Bros hacia Mapa35 X:83 Y:32
26/1/2021 09:15:53 Transporto a Snow Bros hacia Mapa35 X:85 Y:26
26/1/2021 09:15:53 Transporto a Snow Bros hacia Mapa35 X:88 Y:20
26/1/2021 09:15:53 Transporto a Snow Bros hacia Mapa35 X:87 Y:14
26/1/2021 09:15:53 Transporto a Snow Bros hacia Mapa35 X:84 Y:10
26/1/2021 09:15:53 Transporto a Snow Bros hacia Mapa35 X:79 Y:10
26/1/2021 09:15:54 Transporto a Snow Bros hacia Mapa35 X:73 Y:12
26/1/2021 09:15:54 Transporto a Snow Bros hacia Mapa35 X:67 Y:15
26/1/2021 09:15:54 Transporto a Snow Bros hacia Mapa35 X:62 Y:18
26/1/2021 09:15:54 Transporto a Snow Bros hacia Mapa35 X:58 Y:21
26/1/2021 09:15:54 Transporto a Snow Bros hacia Mapa35 X:58 Y:25
26/1/2021 09:15:55 Transporto a Snow Bros hacia Mapa35 X:63 Y:30
26/1/2021 09:15:55 Transporto a Snow Bros hacia Mapa35 X:69 Y:34
26/1/2021 09:15:55 Transporto a Snow Bros hacia Mapa35 X:75 Y:39
26/1/2021 09:15:55 Transporto a Snow Bros hacia Mapa35 X:77 Y:45
26/1/2021 09:15:55 Transporto a Snow Bros hacia Mapa35 X:76 Y:51
26/1/2021 09:15:56 Transporto a Snow Bros hacia Mapa35 X:74 Y:57
26/1/2021 09:15:56 Transporto a Snow Bros hacia Mapa35 X:73 Y:62
26/1/2021 09:15:56 Transporto a Snow Bros hacia Mapa35 X:73 Y:66
26/1/2021 09:15:56 Transporto a Snow Bros hacia Mapa35 X:73 Y:70
26/1/2021 09:15:58 Transporto a Snow Bros hacia Mapa35 X:73 Y:75
26/1/2021 09:17:49 Se conecto con ip:127.0.0.1 SE: 77391571
26/1/2021 09:17:53 Transporto a Snow Bros hacia Mapa174 X:50 Y:50
26/1/2021 09:17:54 Transporto a Snow Bros hacia Mapa174 X:49 Y:56
26/1/2021 09:17:54 Transporto a Snow Bros hacia Mapa174 X:49 Y:62
26/1/2021 09:17:55 Transporto a Snow Bros hacia Mapa174 X:49 Y:66
26/1/2021 09:17:58 Transporto a Snow Bros hacia Mapa174 X:55 Y:75
26/1/2021 09:17:58 Transporto a Snow Bros hacia Mapa174 X:56 Y:80
26/1/2021 09:17:58 Transporto a Snow Bros hacia Mapa174 X:57 Y:83
26/1/2021 09:17:59 Transporto a Snow Bros hacia Mapa174 X:59 Y:81
26/1/2021 17:43:52 Se conecto con ip:127.0.0.1 SE: 77391571
26/1/2021 17:43:56 /ACC Bicho:377 Map:35 X:73 Y:75
26/1/2021 17:43:59 /MATA NPC SIN INICIAR
3/2/2021 21:35:43 Se conecto con ip:127.0.0.1 SE: 77391571
3/2/2021 21:35:49 Transporto a Snow Bros hacia Mapa35 X:67 Y:77
3/2/2021 21:35:49 Transporto a Snow Bros hacia Mapa35 X:62 Y:81
3/2/2021 21:35:49 Transporto a Snow Bros hacia Mapa35 X:60 Y:86
3/2/2021 21:35:49 Transporto a Snow Bros hacia Mapa35 X:61 Y:91
3/2/2021 21:35:50 Transporto a Snow Bros hacia Mapa35 X:69 Y:92
3/2/2021 21:35:54 Transporto a Snow Bros hacia Mapa34 X:63 Y:18
3/2/2021 21:35:54 Transporto a Snow Bros hacia Mapa34 X:55 Y:25
3/2/2021 21:35:55 Transporto a Snow Bros hacia Mapa34 X:48 Y:32
3/2/2021 21:35:55 Transporto a Snow Bros hacia Mapa34 X:40 Y:38
3/2/2021 21:35:55 Transporto a Snow Bros hacia Mapa34 X:30 Y:43
3/2/2021 21:35:56 Transporto a Snow Bros hacia Mapa34 X:20 Y:48
3/2/2021 21:35:56 Transporto a Snow Bros hacia Mapa34 X:28 Y:52
3/2/2021 21:35:57 Transporto a Snow Bros hacia Mapa34 X:27 Y:49
3/2/2021 21:36:40 Transporto a Snow Bros hacia Mapa34 X:29 Y:46
3/2/2021 21:36:40 Transporto a Snow Bros hacia Mapa34 X:26 Y:51
3/2/2021 21:36:54 Transporto a Snow Bros hacia Mapa34 X:46 Y:63
3/2/2021 21:36:55 Transporto a Snow Bros hacia Mapa34 X:49 Y:57
3/2/2021 21:36:55 Transporto a Snow Bros hacia Mapa34 X:55 Y:55
3/2/2021 21:36:56 Transporto a Snow Bros hacia Mapa34 X:59 Y:57
3/2/2021 21:36:56 Transporto a Snow Bros hacia Mapa34 X:60 Y:60
3/2/2021 21:36:56 Transporto a Snow Bros hacia Mapa34 X:55 Y:60
3/2/2021 21:36:57 Transporto a Snow Bros hacia Mapa34 X:62 Y:59
3/2/2021 21:36:57 Transporto a Snow Bros hacia Mapa34 X:66 Y:59
3/2/2021 21:36:58 Transporto a Snow Bros hacia Mapa34 X:73 Y:59
3/2/2021 21:36:58 Transporto a Snow Bros hacia Mapa34 X:79 Y:59
3/2/2021 21:36:58 Transporto a Snow Bros hacia Mapa34 X:80 Y:60
3/2/2021 21:36:58 Transporto a Snow Bros hacia Mapa34 X:75 Y:59
3/2/2021 21:36:58 Transporto a Snow Bros hacia Mapa34 X:70 Y:55
3/2/2021 21:36:59 Transporto a Snow Bros hacia Mapa34 X:70 Y:51
3/2/2021 21:36:59 Transporto a Snow Bros hacia Mapa34 X:72 Y:47
3/2/2021 21:36:59 Transporto a Snow Bros hacia Mapa34 X:75 Y:43
3/2/2021 21:37:00 Transporto a Snow Bros hacia Mapa34 X:71 Y:39
3/2/2021 21:37:00 Transporto a Snow Bros hacia Mapa34 X:67 Y:35
3/2/2021 21:37:00 Transporto a Snow Bros hacia Mapa34 X:68 Y:31
3/2/2021 21:37:00 Transporto a Snow Bros hacia Mapa34 X:70 Y:27
3/2/2021 21:37:01 Transporto a Snow Bros hacia Mapa34 X:68 Y:22
3/2/2021 21:37:01 Transporto a Snow Bros hacia Mapa34 X:65 Y:19
3/2/2021 21:37:02 Transporto a Snow Bros hacia Mapa34 X:57 Y:18
3/2/2021 21:37:02 Transporto a Snow Bros hacia Mapa34 X:51 Y:19
3/2/2021 21:37:02 Transporto a Snow Bros hacia Mapa34 X:46 Y:20
3/2/2021 21:37:02 Transporto a Snow Bros hacia Mapa34 X:42 Y:21
3/2/2021 21:37:02 Transporto a Snow Bros hacia Mapa34 X:37 Y:21
3/2/2021 21:37:03 Transporto a Snow Bros hacia Mapa34 X:33 Y:22
3/2/2021 21:37:03 Transporto a Snow Bros hacia Mapa34 X:31 Y:24
3/2/2021 21:37:03 Transporto a Snow Bros hacia Mapa34 X:33 Y:28
3/2/2021 21:37:03 Transporto a Snow Bros hacia Mapa34 X:36 Y:30
3/2/2021 21:37:04 Transporto a Snow Bros hacia Mapa34 X:37 Y:27
3/2/2021 21:37:04 Transporto a Snow Bros hacia Mapa34 X:33 Y:27
3/2/2021 21:37:04 Transporto a Snow Bros hacia Mapa34 X:30 Y:28
3/2/2021 21:37:04 Transporto a Snow Bros hacia Mapa34 X:32 Y:25
3/2/2021 21:37:04 Transporto a Snow Bros hacia Mapa34 X:34 Y:21
3/2/2021 21:37:05 Transporto a Snow Bros hacia Mapa34 X:37 Y:17
3/2/2021 21:37:05 Transporto a Snow Bros hacia Mapa34 X:33 Y:14
3/2/2021 21:37:14 /mod yo objetox 5
3/2/2021 21:37:17 /DEST: 5/1000
3/2/2021 21:37:25 /mod yo objetox 10
3/2/2021 21:37:27 /DEST: 10/1000
3/2/2021 21:37:31 Transporto a Snow Bros hacia Mapa49 X:50 Y:50
3/2/2021 21:37:31 Transporto a Snow Bros hacia Mapa49 X:46 Y:57
3/2/2021 21:37:32 Transporto a Snow Bros hacia Mapa49 X:41 Y:60
6/2/2021 19:00:52 Se conecto con ip:127.0.0.1 SE: 77391571
6/2/2021 19:01:02 Transporto a Snow Bros hacia Mapa34 X:32 Y:42
6/2/2021 19:01:03 Transporto a Snow Bros hacia Mapa34 X:32 Y:36
6/2/2021 19:01:03 Transporto a Snow Bros hacia Mapa34 X:32 Y:30
6/2/2021 19:01:03 Transporto a Snow Bros hacia Mapa34 X:34 Y:25
6/2/2021 19:01:03 Transporto a Snow Bros hacia Mapa34 X:36 Y:20
6/2/2021 19:01:03 Transporto a Snow Bros hacia Mapa34 X:37 Y:15
6/2/2021 19:01:04 Transporto a Snow Bros hacia Mapa34 X:36 Y:11
6/2/2021 19:01:04 Transporto a Snow Bros hacia Mapa34 X:35 Y:13
12/2/2021 22:36:25 Se conecto con ip:127.0.0.1 SE: 77391571
12/2/2021 22:42:21 Se conecto con ip:127.0.0.1 SE: 77391571
12/2/2021 22:42:36 Transporto a Snow Bros hacia Mapa34 X:32 Y:64
12/2/2021 22:42:36 Transporto a Snow Bros hacia Mapa34 X:33 Y:57
12/2/2021 22:42:36 Transporto a Snow Bros hacia Mapa34 X:32 Y:51
12/2/2021 22:42:37 Transporto a Snow Bros hacia Mapa34 X:31 Y:45
12/2/2021 22:42:37 Transporto a Snow Bros hacia Mapa34 X:31 Y:38
12/2/2021 22:42:37 Transporto a Snow Bros hacia Mapa34 X:32 Y:31
12/2/2021 22:42:37 Transporto a Snow Bros hacia Mapa34 X:33 Y:25
12/2/2021 22:42:37 Transporto a Snow Bros hacia Mapa34 X:34 Y:19
12/2/2021 22:43:14 Se conecto con ip:127.0.0.1 SE: 77391571
12/2/2021 22:43:19 Transporto a Snow Bros hacia Mapa34 X:35 Y:74
12/2/2021 22:43:20 Transporto a Snow Bros hacia Mapa34 X:37 Y:68
12/2/2021 22:43:20 Transporto a Snow Bros hacia Mapa34 X:39 Y:62
12/2/2021 22:43:20 Transporto a Snow Bros hacia Mapa34 X:41 Y:56
12/2/2021 22:43:20 Transporto a Snow Bros hacia Mapa34 X:37 Y:50
12/2/2021 22:43:20 Transporto a Snow Bros hacia Mapa34 X:32 Y:44
12/2/2021 22:43:21 Transporto a Snow Bros hacia Mapa34 X:30 Y:38
12/2/2021 22:43:21 Transporto a Snow Bros hacia Mapa34 X:30 Y:32
12/2/2021 22:43:21 Transporto a Snow Bros hacia Mapa34 X:33 Y:26
12/2/2021 22:43:21 Transporto a Snow Bros hacia Mapa34 X:35 Y:20
12/2/2021 22:43:22 Transporto a Snow Bros hacia Mapa34 X:34 Y:14
12/2/2021 22:45:48 Se conecto con ip:127.0.0.1 SE: 77391571
12/2/2021 22:47:13 Se conecto con ip:127.0.0.1 SE: 77391571
12/2/2021 22:47:28 Transporto a Snow Bros hacia Mapa34 X:31 Y:82
12/2/2021 22:47:28 Transporto a Snow Bros hacia Mapa34 X:31 Y:76
12/2/2021 22:47:29 Transporto a Snow Bros hacia Mapa34 X:32 Y:69
12/2/2021 22:47:29 Transporto a Snow Bros hacia Mapa34 X:32 Y:62
12/2/2021 22:47:29 Transporto a Snow Bros hacia Mapa34 X:31 Y:55
12/2/2021 22:47:29 Transporto a Snow Bros hacia Mapa34 X:31 Y:48
12/2/2021 22:47:29 Transporto a Snow Bros hacia Mapa34 X:31 Y:42
12/2/2021 22:47:30 Transporto a Snow Bros hacia Mapa34 X:32 Y:36
12/2/2021 22:47:30 Transporto a Snow Bros hacia Mapa34 X:33 Y:30
12/2/2021 22:47:30 Transporto a Snow Bros hacia Mapa34 X:33 Y:24
12/2/2021 22:47:30 Transporto a Snow Bros hacia Mapa34 X:33 Y:18
12/2/2021 22:47:31 Transporto a Snow Bros hacia Mapa34 X:33 Y:12
12/2/2021 22:50:24 Se conecto con ip:127.0.0.1 SE: 77391571
12/2/2021 22:52:13 Se conecto con ip:127.0.0.1 SE: 77391571
12/2/2021 22:52:49 Se conecto con ip:127.0.0.1 SE: 77391571
12/2/2021 23:00:56 Se conecto con ip:127.0.0.1 SE: 77391571
13/2/2021 12:33:28 Se conecto con ip:127.0.0.1 SE: 77391571
13/2/2021 12:33:31 Transporto a Snow Bros hacia Mapa34 X:33 Y:77
13/2/2021 12:33:31 Transporto a Snow Bros hacia Mapa34 X:34 Y:72
13/2/2021 12:33:32 Transporto a Snow Bros hacia Mapa34 X:34 Y:66
13/2/2021 12:33:32 Transporto a Snow Bros hacia Mapa34 X:33 Y:60
13/2/2021 12:33:32 Transporto a Snow Bros hacia Mapa34 X:33 Y:54
13/2/2021 12:33:32 Transporto a Snow Bros hacia Mapa34 X:34 Y:49
13/2/2021 12:33:36 Transporto a Snow Bros hacia Mapa34 X:34 Y:45
13/2/2021 12:33:36 Transporto a Snow Bros hacia Mapa34 X:34 Y:40
13/2/2021 12:33:36 Transporto a Snow Bros hacia Mapa34 X:34 Y:35
13/2/2021 12:33:36 Transporto a Snow Bros hacia Mapa34 X:34 Y:30
13/2/2021 12:33:37 Transporto a Snow Bros hacia Mapa34 X:34 Y:26
13/2/2021 12:33:37 Transporto a Snow Bros hacia Mapa34 X:35 Y:22
13/2/2021 12:33:37 Transporto a Snow Bros hacia Mapa34 X:36 Y:18
13/2/2021 12:33:37 Transporto a Snow Bros hacia Mapa34 X:36 Y:14
13/2/2021 12:33:37 Transporto a Snow Bros hacia Mapa34 X:34 Y:10
13/2/2021 12:33:38 Transporto a Snow Bros hacia Mapa34 X:34 Y:13
13/2/2021 12:33:40 Transporto a Snow Bros hacia Mapa35 X:37 Y:86
13/2/2021 12:33:40 Transporto a Snow Bros hacia Mapa35 X:42 Y:82
13/2/2021 12:33:40 Transporto a Snow Bros hacia Mapa35 X:46 Y:77
13/2/2021 12:33:40 Transporto a Snow Bros hacia Mapa35 X:46 Y:72
13/2/2021 12:33:41 Transporto a Snow Bros hacia Mapa35 X:46 Y:68
13/2/2021 12:33:41 Transporto a Snow Bros hacia Mapa35 X:51 Y:65
13/2/2021 12:33:41 Transporto a Snow Bros hacia Mapa35 X:58 Y:62
13/2/2021 12:33:41 Transporto a Snow Bros hacia Mapa35 X:65 Y:60
13/2/2021 12:33:41 Transporto a Snow Bros hacia Mapa35 X:71 Y:59
13/2/2021 12:33:42 Transporto a Snow Bros hacia Mapa35 X:77 Y:59
13/2/2021 12:33:42 Transporto a Snow Bros hacia Mapa35 X:84 Y:60
13/2/2021 12:33:42 Transporto a Snow Bros hacia Mapa35 X:89 Y:63
13/2/2021 12:33:43 Transporto a Snow Bros hacia Mapa35 X:88 Y:64
13/2/2021 12:33:46 Transporto a Snow Bros hacia Mapa4 X:19 Y:67
13/2/2021 12:33:46 Transporto a Snow Bros hacia Mapa4 X:23 Y:71
13/2/2021 12:33:47 Transporto a Snow Bros hacia Mapa4 X:25 Y:74
13/2/2021 12:33:47 Transporto a Snow Bros hacia Mapa4 X:25 Y:76
13/2/2021 12:33:47 Transporto a Snow Bros hacia Mapa4 X:25 Y:78
13/2/2021 12:33:47 Transporto a Snow Bros hacia Mapa4 X:25 Y:83
13/2/2021 12:33:47 Transporto a Snow Bros hacia Mapa4 X:25 Y:88
13/2/2021 12:33:48 Transporto a Snow Bros hacia Mapa4 X:25 Y:93
13/2/2021 12:33:49 Transporto a Snow Bros hacia Mapa4 X:27 Y:92
13/2/2021 12:33:51 Transporto a Snow Bros hacia Mapa32 X:29 Y:19
13/2/2021 12:33:51 Transporto a Snow Bros hacia Mapa32 X:33 Y:26
13/2/2021 12:33:52 Transporto a Snow Bros hacia Mapa32 X:33 Y:33
13/2/2021 12:33:52 Transporto a Snow Bros hacia Mapa32 X:31 Y:39
13/2/2021 12:33:52 Transporto a Snow Bros hacia Mapa32 X:28 Y:45
13/2/2021 12:33:52 Transporto a Snow Bros hacia Mapa32 X:24 Y:50
13/2/2021 12:33:52 Transporto a Snow Bros hacia Mapa32 X:28 Y:57
13/2/2021 12:33:53 Transporto a Snow Bros hacia Mapa32 X:34 Y:63
13/2/2021 12:33:53 Transporto a Snow Bros hacia Mapa32 X:42 Y:68
13/2/2021 12:33:53 Transporto a Snow Bros hacia Mapa32 X:48 Y:71
13/2/2021 12:33:53 Transporto a Snow Bros hacia Mapa32 X:47 Y:75
13/2/2021 12:33:53 Transporto a Snow Bros hacia Mapa32 X:42 Y:80
13/2/2021 12:33:54 Transporto a Snow Bros hacia Mapa32 X:35 Y:84
13/2/2021 12:33:54 Transporto a Snow Bros hacia Mapa32 X:35 Y:89
24/02/2021 13:24:01 Se conecto con ip:127.0.0.1 SE: -894315119
3/3/2021 12:48:34 Se conecto con ip:127.0.0.1 SE: 77391571
3/3/2021 12:48:39 Transporto a Snow Bros hacia Mapa31 X:31 Y:20
3/3/2021 12:48:39 Transporto a Snow Bros hacia Mapa31 X:28 Y:26
3/3/2021 12:48:39 Transporto a Snow Bros hacia Mapa31 X:28 Y:32
3/3/2021 12:48:40 Transporto a Snow Bros hacia Mapa31 X:28 Y:37
3/3/2021 12:48:40 Transporto a Snow Bros hacia Mapa31 X:31 Y:43
3/3/2021 12:48:40 Transporto a Snow Bros hacia Mapa31 X:30 Y:48
3/3/2021 12:48:40 Transporto a Snow Bros hacia Mapa31 X:29 Y:53
3/3/2021 12:48:40 Transporto a Snow Bros hacia Mapa31 X:26 Y:58
3/3/2021 12:48:40 Transporto a Snow Bros hacia Mapa31 X:25 Y:63
3/3/2021 12:48:45 Transporto a Snow Bros hacia Mapa34 X:50 Y:50
3/3/2021 12:48:45 Transporto a Snow Bros hacia Mapa34 X:45 Y:54
3/3/2021 12:48:46 Transporto a Snow Bros hacia Mapa34 X:42 Y:51
3/3/2021 12:48:46 Transporto a Snow Bros hacia Mapa34 X:38 Y:47
3/3/2021 12:48:46 Transporto a Snow Bros hacia Mapa34 X:31 Y:43
3/3/2021 12:48:46 Transporto a Snow Bros hacia Mapa34 X:24 Y:45
3/3/2021 12:48:47 Transporto a Snow Bros hacia Mapa34 X:22 Y:50
3/3/2021 12:48:47 Transporto a Snow Bros hacia Mapa34 X:23 Y:56
3/3/2021 12:48:47 Transporto a Snow Bros hacia Mapa34 X:26 Y:61
3/3/2021 12:48:47 Transporto a Snow Bros hacia Mapa34 X:29 Y:66
3/3/2021 12:48:47 Transporto a Snow Bros hacia Mapa34 X:30 Y:72
3/3/2021 12:48:48 Transporto a Snow Bros hacia Mapa34 X:30 Y:77
3/3/2021 12:48:48 Transporto a Snow Bros hacia Mapa34 X:27 Y:82
3/3/2021 12:48:48 Transporto a Snow Bros hacia Mapa34 X:29 Y:85
3/3/2021 12:48:48 Transporto a Snow Bros hacia Mapa34 X:32 Y:88
3/3/2021 12:48:48 Transporto a Snow Bros hacia Mapa34 X:40 Y:89
3/3/2021 12:48:49 Transporto a Snow Bros hacia Mapa34 X:41 Y:87
3/3/2021 12:48:49 Transporto a Snow Bros hacia Mapa34 X:37 Y:84
3/3/2021 12:48:49 Transporto a Snow Bros hacia Mapa34 X:30 Y:80
3/3/2021 12:48:49 Transporto a Snow Bros hacia Mapa34 X:22 Y:77
3/3/2021 12:48:50 Transporto a Snow Bros hacia Mapa34 X:25 Y:74
3/3/2021 12:48:50 Transporto a Snow Bros hacia Mapa34 X:30 Y:72
3/3/2021 12:48:50 Transporto a Snow Bros hacia Mapa34 X:35 Y:74
3/3/2021 12:48:50 Transporto a Snow Bros hacia Mapa34 X:34 Y:79
3/3/2021 12:48:50 Transporto a Snow Bros hacia Mapa34 X:30 Y:84
3/3/2021 12:48:51 Transporto a Snow Bros hacia Mapa34 X:25 Y:88
3/3/2021 12:48:51 Transporto a Snow Bros hacia Mapa34 X:21 Y:92
10/3/2021 22:09:03 Se conecto con ip:127.0.0.1 SE: 77391571
10/3/2021 22:10:05 Se conecto con ip:127.0.0.1 SE: 77391571
10/3/2021 22:10:21 Se conecto con ip:127.0.0.1 SE: 77391571
10/3/2021 22:11:18 Se conecto con ip:127.0.0.1 SE: 77391571
10/3/2021 22:12:13 Se conecto con ip:127.0.0.1 SE: 77391571
10/3/2021 22:16:35 Se conecto con ip:127.0.0.1 SE: 77391571
10/3/2021 22:19:15 Se conecto con ip:127.0.0.1 SE: 77391571
10/3/2021 23:26:26 Se conecto con ip:127.0.0.1 SE: 77391571
10/3/2021 23:26:40 Transporto a Snow Bros hacia Mapa34 X:31 Y:64
10/3/2021 23:26:41 Transporto a Snow Bros hacia Mapa34 X:31 Y:57
10/3/2021 23:26:41 Transporto a Snow Bros hacia Mapa34 X:31 Y:50
10/3/2021 23:26:41 Transporto a Snow Bros hacia Mapa34 X:31 Y:42
10/3/2021 23:26:41 Transporto a Snow Bros hacia Mapa34 X:33 Y:35
10/3/2021 23:26:41 Transporto a Snow Bros hacia Mapa34 X:35 Y:27
10/3/2021 23:26:42 Transporto a Snow Bros hacia Mapa34 X:36 Y:20
10/3/2021 23:26:42 Transporto a Snow Bros hacia Mapa34 X:37 Y:13
10/3/2021 23:26:42 Transporto a Snow Bros hacia Mapa34 X:34 Y:18
10/3/2021 23:26:43 Transporto a Snow Bros hacia Mapa34 X:33 Y:13
11/3/2021 00:05:41 Se conecto con ip:127.0.0.1 SE: 77391571
11/3/2021 00:07:09 Se conecto con ip:127.0.0.1 SE: 77391571
11/3/2021 00:10:17 Se conecto con ip:127.0.0.1 SE: 77391571
11/3/2021 00:11:54 Se conecto con ip:127.0.0.1 SE: 77391571
11/3/2021 00:12:36 Se conecto con ip:127.0.0.1 SE: 77391571
11/3/2021 00:14:05 Se conecto con ip:127.0.0.1 SE: 77391571
11/03/2021 0:25:51 Se conecto con ip:127.0.0.1 SE: -894315119
11/03/2021 0:27:32 Se conecto con ip:127.0.0.1 SE: -894315119
11/03/2021 0:29:06 Se conecto con ip:127.0.0.1 SE: -894315119
13/3/2021 00:40:13 Se conecto con ip:127.0.0.1 SE: 77391571
13/3/2021 00:41:19 Se conecto con ip:127.0.0.1 SE: 77391571
13/3/2021 00:42:03 Se conecto con ip:127.0.0.1 SE: 77391571
13/3/2021 00:43:00 Se conecto con ip:127.0.0.1 SE: 77391571
13/3/2021 00:43:55 Se conecto con ip:127.0.0.1 SE: 77391571
13/3/2021 00:51:23 Se conecto con ip:127.0.0.1 SE: 77391571
13/03/2021 1:05:33 Se conecto con ip:127.0.0.1 SE: -894315119
13/03/2021 1:06:05 Se conecto con ip:127.0.0.1 SE: -894315119
13/03/2021 1:06:20 Se conecto con ip:127.0.0.1 SE: -894315119
13/3/2021 01:29:37 Se conecto con ip:127.0.0.1 SE: 77391571
13/3/2021 17:52:49 Se conecto con ip:127.0.0.1 SE: 77391571
13/3/2021 17:53:03 Se conecto con ip:127.0.0.1 SE: 77391571
13/3/2021 17:58:44 Se conecto con ip:127.0.0.1 SE: 77391571
13/3/2021 17:59:38 Se conecto con ip:127.0.0.1 SE: 77391571
13/3/2021 18:03:35 Se conecto con ip:127.0.0.1 SE: 77391571
13/3/2021 18:05:05 Se conecto con ip:127.0.0.1 SE: 77391571
13/3/2021 18:05:07 Transporto a Snow Bros hacia Mapa34 X:33 Y:81
13/3/2021 18:05:07 Transporto a Snow Bros hacia Mapa34 X:34 Y:75
13/3/2021 18:05:07 Transporto a Snow Bros hacia Mapa34 X:34 Y:69
13/3/2021 18:05:08 Transporto a Snow Bros hacia Mapa34 X:34 Y:65
13/3/2021 18:05:08 Transporto a Snow Bros hacia Mapa34 X:35 Y:62
13/3/2021 18:05:23 /mod snow exp 50000000
13/3/2021 18:05:23 /mod snow exp 50000000
13/3/2021 18:05:23 /mod snow exp 50000000
13/3/2021 18:05:24 /mod snow exp 50000000
13/3/2021 18:05:24 /mod snow exp 50000000
13/3/2021 18:05:24 /mod snow exp 50000000
13/3/2021 18:05:24 /mod snow exp 50000000
13/3/2021 18:05:25 /mod snow exp 50000000
13/3/2021 18:05:25 /mod snow exp 50000000
13/3/2021 18:05:25 /mod snow exp 50000000
13/3/2021 18:05:26 /mod snow exp 50000000
13/3/2021 18:05:26 /mod snow exp 50000000
13/3/2021 18:05:26 /mod snow exp 50000000
13/3/2021 18:05:27 /mod snow exp 50000000
13/3/2021 18:05:27 /mod snow exp 50000000
13/3/2021 18:05:27 /mod snow exp 50000000
13/3/2021 18:05:27 /mod snow exp 50000000
13/3/2021 18:05:28 /mod snow exp 50000000
13/3/2021 18:05:28 /mod snow exp 50000000
13/3/2021 18:05:28 /mod snow exp 50000000
13/3/2021 18:05:29 /mod snow exp 50000000
13/3/2021 18:05:29 /mod snow exp 50000000
13/3/2021 18:05:29 /mod snow exp 50000000
13/3/2021 18:05:30 /mod snow exp 50000000
13/3/2021 18:05:30 /mod snow exp 50000000
13/3/2021 18:05:30 /mod snow exp 50000000
13/3/2021 18:05:31 /mod snow exp 50000000
13/3/2021 18:05:31 /mod snow exp 50000000
13/3/2021 18:05:31 /mod snow exp 50000000
13/3/2021 18:05:32 /mod snow exp 50000000
13/3/2021 18:05:33 Transporto a Snow Bros hacia Mapa34 X:40 Y:34
13/3/2021 18:05:33 Transporto a Snow Bros hacia Mapa34 X:49 Y:34
13/3/2021 18:05:33 Transporto a Snow Bros hacia Mapa34 X:58 Y:34
13/3/2021 18:05:33 Transporto a Snow Bros hacia Mapa34 X:65 Y:34
13/3/2021 18:05:34 Transporto a Snow Bros hacia Mapa34 X:71 Y:33
13/3/2021 18:05:34 Transporto a Snow Bros hacia Mapa34 X:74 Y:32
13/3/2021 18:05:35 Transporto a Snow Bros hacia Mapa34 X:67 Y:32
13/3/2021 18:05:39 Transporto a Snow Bros hacia Mapa34 X:58 Y:27
13/3/2021 18:05:39 Transporto a Snow Bros hacia Mapa34 X:50 Y:22
13/3/2021 18:05:39 Transporto a Snow Bros hacia Mapa34 X:45 Y:17
13/3/2021 18:05:39 Transporto a Snow Bros hacia Mapa34 X:40 Y:12
13/3/2021 18:05:40 Transporto a Snow Bros hacia Mapa34 X:34 Y:14
13/3/2021 18:06:04 Transporto a Snow Bros hacia Mapa34 X:38 Y:20
13/3/2021 18:06:05 Transporto a Snow Bros hacia Mapa34 X:43 Y:26
13/3/2021 18:06:05 Transporto a Snow Bros hacia Mapa34 X:48 Y:32
13/3/2021 18:06:05 Transporto a Snow Bros hacia Mapa34 X:52 Y:38
13/3/2021 18:06:05 Transporto a Snow Bros hacia Mapa34 X:54 Y:44
13/3/2021 18:06:13 Transporto a Snow Bros hacia Mapa34 X:51 Y:38
13/3/2021 18:06:13 Transporto a Snow Bros hacia Mapa34 X:46 Y:32
13/3/2021 18:06:13 Transporto a Snow Bros hacia Mapa34 X:41 Y:28
13/3/2021 18:06:14 Transporto a Snow Bros hacia Mapa34 X:38 Y:23
13/3/2021 18:06:14 Transporto a Snow Bros hacia Mapa34 X:36 Y:18
13/3/2021 18:06:14 Transporto a Snow Bros hacia Mapa34 X:35 Y:14
13/3/2021 18:20:25 Se conecto con ip:127.0.0.1 SE: 77391571
13/3/2021 18:21:28 Se conecto con ip:127.0.0.1 SE: 77391571
13/3/2021 18:22:52 Se conecto con ip:127.0.0.1 SE: 77391571
13/3/2021 18:23:36 Se conecto con ip:127.0.0.1 SE: 77391571
13/3/2021 18:25:09 Se conecto con ip:127.0.0.1 SE: 77391571
13/3/2021 18:26:21 Se conecto con ip:127.0.0.1 SE: 77391571
13/3/2021 18:27:09 Se conecto con ip:127.0.0.1 SE: 77391571
13/3/2021 18:30:01 Se conecto con ip:127.0.0.1 SE: 77391571
13/3/2021 18:30:15 Se conecto con ip:127.0.0.1 SE: 77391571
13/3/2021 18:30:25 Transporto a Snow Bros hacia Mapa34 X:33 Y:52
13/3/2021 18:30:25 Transporto a Snow Bros hacia Mapa34 X:34 Y:45
13/3/2021 18:30:26 Transporto a Snow Bros hacia Mapa34 X:33 Y:38
13/3/2021 18:30:26 Transporto a Snow Bros hacia Mapa34 X:31 Y:31
13/3/2021 18:30:26 Transporto a Snow Bros hacia Mapa34 X:30 Y:24
13/3/2021 18:30:26 Transporto a Snow Bros hacia Mapa34 X:32 Y:18
13/3/2021 18:30:26 Transporto a Snow Bros hacia Mapa34 X:34 Y:12
13/3/2021 18:41:18 Se conecto con ip:127.0.0.1 SE: 77391571
13/3/2021 19:09:37 Se conecto con ip:127.0.0.1 SE: 77391571
13/3/2021 19:09:45 Transporto a Snow Bros hacia Mapa34 X:33 Y:60
13/3/2021 19:09:45 Transporto a Snow Bros hacia Mapa34 X:32 Y:54
13/3/2021 19:09:45 Transporto a Snow Bros hacia Mapa34 X:31 Y:48
13/3/2021 19:09:45 Transporto a Snow Bros hacia Mapa34 X:31 Y:41
13/3/2021 19:09:45 Transporto a Snow Bros hacia Mapa34 X:32 Y:35
13/3/2021 19:09:45 Transporto a Snow Bros hacia Mapa34 X:33 Y:29
13/3/2021 19:09:46 Transporto a Snow Bros hacia Mapa34 X:34 Y:23
13/3/2021 19:09:46 Transporto a Snow Bros hacia Mapa34 X:34 Y:17
13/3/2021 19:09:46 Transporto a Snow Bros hacia Mapa34 X:34 Y:11
13/3/2021 19:09:47 Transporto a Snow Bros hacia Mapa34 X:34 Y:12
13/3/2021 19:09:47 Transporto a Snow Bros hacia Mapa34 X:34 Y:13
13/3/2021 19:11:15 Se conecto con ip:127.0.0.1 SE: 77391571
14/3/2021 12:08:45 Se conecto con ip:127.0.0.1 SE: 77391571
14/3/2021 12:15:06 Se conecto con ip:127.0.0.1 SE: 77391571
14/3/2021 12:17:02 Se conecto con ip:127.0.0.1 SE: 77391571
17/3/2021 10:05:16 Se conecto con ip:127.0.0.1 SE: 77391571
17/3/2021 10:05:26 /mod yo objetox 5
17/3/2021 10:05:28 /DEST: 5/1000
17/3/2021 10:06:08 /mod yo objetox 58
17/3/2021 10:06:09 Agarro:1000 Objeto:Leña
17/3/2021 10:06:10 /mod yo objetox 58
17/3/2021 10:06:10 /mod yo objetox 58
17/3/2021 10:06:10 /mod yo objetox 58
17/3/2021 10:06:11 /mod yo objetox 58
17/3/2021 10:06:11 /mod yo objetox 58
17/3/2021 10:06:11 /mod yo objetox 58
17/3/2021 10:06:11 /mod yo objetox 58
17/3/2021 10:06:12 /mod yo objetox 58
17/3/2021 10:06:12 /mod yo objetox 58
17/3/2021 10:06:12 /mod yo objetox 58
17/3/2021 10:06:13 /mod yo objetox 58
17/3/2021 10:06:14 Agarro:1000 Objeto:Leña
17/3/2021 10:06:14 Agarro:1000 Objeto:Leña
17/3/2021 10:06:14 Agarro:1000 Objeto:Leña
17/3/2021 10:06:15 Agarro:1000 Objeto:Leña
17/3/2021 10:06:15 Agarro:1000 Objeto:Leña
17/3/2021 10:06:15 Agarro:1000 Objeto:Leña
17/3/2021 10:06:15 Agarro:1000 Objeto:Leña
17/3/2021 10:06:16 Agarro:1000 Objeto:Leña
17/3/2021 10:06:16 Agarro:1000 Objeto:Leña
17/3/2021 10:06:16 Agarro:1000 Objeto:Leña
17/3/2021 10:06:17 Agarro:1000 Objeto:Leña
17/3/2021 10:06:21 Transporto a Snow Bros hacia Mapa34 X:31 Y:64
17/3/2021 10:06:22 Transporto a Snow Bros hacia Mapa34 X:31 Y:57
17/3/2021 10:06:22 Transporto a Snow Bros hacia Mapa34 X:31 Y:51
17/3/2021 10:06:23 Transporto a Snow Bros hacia Mapa34 X:31 Y:46
17/3/2021 10:06:23 Transporto a Snow Bros hacia Mapa34 X:31 Y:40
17/3/2021 10:06:24 Transporto a Snow Bros hacia Mapa34 X:31 Y:35
17/3/2021 10:06:25 Transporto a Snow Bros hacia Mapa34 X:31 Y:33
17/3/2021 10:09:34 Se conecto con ip:127.0.0.1 SE: 77391571
17/3/2021 10:09:43 /mod yo objetox 57
17/3/2021 10:09:46 /DEST: 57/1000
17/3/2021 10:09:52 /mod yo objetox 58
17/3/2021 10:09:52 /mod yo objetox 58
17/3/2021 10:09:53 /mod yo objetox 58
17/3/2021 10:09:53 /mod yo objetox 58
17/3/2021 10:09:53 /mod yo objetox 58
17/3/2021 10:09:54 /mod yo objetox 58
17/3/2021 10:09:54 /mod yo objetox 58
17/3/2021 10:09:54 /mod yo objetox 58
17/3/2021 10:09:54 /mod yo objetox 58
17/3/2021 10:09:55 /mod yo objetox 58
17/3/2021 10:09:55 /mod yo objetox 58
17/3/2021 10:09:55 /mod yo objetox 58
17/3/2021 10:09:56 /mod yo objetox 58
17/3/2021 10:09:56 /mod yo objetox 58
17/3/2021 10:09:56 /mod yo objetox 58
17/3/2021 10:09:57 /mod yo objetox 58
17/3/2021 10:09:57 /mod yo objetox 58
17/3/2021 10:09:57 /mod yo objetox 58
17/3/2021 10:09:58 /mod yo objetox 58
17/3/2021 10:09:59 Agarro:1000 Objeto:Leña
17/3/2021 10:09:59 Agarro:1000 Objeto:Leña
17/3/2021 10:10:00 Agarro:1000 Objeto:Leña
17/3/2021 10:10:00 Agarro:1000 Objeto:Leña
17/3/2021 10:10:00 Agarro:1000 Objeto:Leña
17/3/2021 10:10:01 Agarro:1000 Objeto:Leña
17/3/2021 10:10:01 Agarro:1000 Objeto:Leña
17/3/2021 10:10:01 Agarro:1000 Objeto:Leña
17/3/2021 10:10:02 Agarro:1000 Objeto:Leña
17/3/2021 10:10:02 Agarro:1000 Objeto:Leña
17/3/2021 10:10:02 Agarro:1000 Objeto:Leña
17/3/2021 10:10:02 Agarro:1000 Objeto:Leña
17/3/2021 10:10:03 Agarro:1000 Objeto:Leña
17/3/2021 10:10:03 Agarro:1000 Objeto:Leña
17/3/2021 10:10:03 Agarro:1000 Objeto:Leña
17/3/2021 10:10:04 Agarro:1000 Objeto:Leña
17/3/2021 10:10:04 Agarro:1000 Objeto:Leña
17/3/2021 10:10:04 Agarro:1000 Objeto:Leña
17/3/2021 10:10:04 Agarro:1000 Objeto:Leña
17/3/2021 10:10:06 Transporto a Snow Bros hacia Mapa34 X:32 Y:80
17/3/2021 10:10:06 Transporto a Snow Bros hacia Mapa34 X:35 Y:74
17/3/2021 10:10:06 Transporto a Snow Bros hacia Mapa34 X:37 Y:68
17/3/2021 10:10:06 Transporto a Snow Bros hacia Mapa34 X:37 Y:62
17/3/2021 10:10:06 Transporto a Snow Bros hacia Mapa34 X:37 Y:56
17/3/2021 10:10:07 Transporto a Snow Bros hacia Mapa34 X:34 Y:50
17/3/2021 10:10:07 Transporto a Snow Bros hacia Mapa34 X:31 Y:44
17/3/2021 10:10:07 Transporto a Snow Bros hacia Mapa34 X:31 Y:39
17/3/2021 10:10:08 Transporto a Snow Bros hacia Mapa34 X:32 Y:34
