24/11/2020 20:33:20 Se conecto con ip:127.0.0.1 SE: 77391571
24/11/2020 20:34:58 Se conecto con ip:127.0.0.1 SE: 77391571
24/11/2020 20:44:35 Se conecto con ip:127.0.0.1 SE: 77391571
24/11/2020 20:45:31 Se conecto con ip:127.0.0.1 SE: 77391571
9/12/2020 10:42:28 Se conecto con ip:127.0.0.1 SE: 77391571
15/12/2020 09:31:26 Se conecto con ip:127.0.0.1 SE: 77391571
15/12/2020 09:31:28 Transporto a Snow hacia Mapa34 X:37 Y:83
15/12/2020 09:31:28 Transporto a Snow hacia Mapa34 X:40 Y:78
15/12/2020 09:31:28 Transporto a Snow hacia Mapa34 X:39 Y:74
15/12/2020 09:31:29 Transporto a Snow hacia Mapa34 X:36 Y:70
15/12/2020 09:31:29 Transporto a Snow hacia Mapa34 X:31 Y:67
15/12/2020 09:31:29 Transporto a Snow hacia Mapa34 X:28 Y:71
15/12/2020 09:31:30 Transporto a Snow hacia Mapa34 X:31 Y:66
15/12/2020 09:31:30 Transporto a Snow hacia Mapa34 X:34 Y:61
15/12/2020 09:31:31 Transporto a Snow hacia Mapa34 X:33 Y:57
15/12/2020 09:31:32 Transporto a Snow hacia Mapa34 X:32 Y:63
15/12/2020 09:31:33 Transporto a Snow hacia Mapa34 X:31 Y:69
15/12/2020 09:31:34 Transporto a Snow hacia Mapa34 X:36 Y:70
15/12/2020 09:31:35 Transporto a Snow hacia Mapa34 X:39 Y:75
15/12/2020 09:31:35 Transporto a Snow hacia Mapa34 X:40 Y:81
15/12/2020 09:31:35 Transporto a Snow hacia Mapa34 X:38 Y:85
15/12/2020 09:31:36 Transporto a Snow hacia Mapa34 X:33 Y:90
15/12/2020 09:31:36 Transporto a Snow hacia Mapa34 X:32 Y:86
15/12/2020 09:31:37 Transporto a Snow hacia Mapa34 X:34 Y:79
15/12/2020 09:31:37 Transporto a Snow hacia Mapa34 X:36 Y:73
15/12/2020 09:31:37 Transporto a Snow hacia Mapa34 X:36 Y:68
15/12/2020 09:31:37 Transporto a Snow hacia Mapa34 X:37 Y:64
15/12/2020 09:31:37 Transporto a Snow hacia Mapa34 X:46 Y:63
15/12/2020 09:31:38 Transporto a Snow hacia Mapa34 X:55 Y:63
15/12/2020 09:31:38 Transporto a Snow hacia Mapa34 X:63 Y:64
15/12/2020 09:31:38 Transporto a Snow hacia Mapa34 X:68 Y:66
15/12/2020 09:31:38 Transporto a Snow hacia Mapa34 X:73 Y:67
15/12/2020 09:31:39 Transporto a Snow hacia Mapa34 X:77 Y:64
15/12/2020 09:31:39 Transporto a Snow hacia Mapa34 X:77 Y:60
15/12/2020 09:31:39 Transporto a Snow hacia Mapa34 X:73 Y:56
15/12/2020 09:31:39 Transporto a Snow hacia Mapa34 X:68 Y:53
15/12/2020 09:31:39 Transporto a Snow hacia Mapa34 X:62 Y:51
15/12/2020 09:31:40 Transporto a Snow hacia Mapa34 X:55 Y:50
15/12/2020 09:31:40 Transporto a Snow hacia Mapa34 X:49 Y:50
15/12/2020 09:31:41 Transporto a Snow hacia Mapa34 X:44 Y:52
15/12/2020 09:31:41 Transporto a Snow hacia Mapa34 X:37 Y:53
15/12/2020 09:31:41 Transporto a Snow hacia Mapa34 X:34 Y:49
15/12/2020 09:32:58 Transporto a Snow hacia Mapa34 X:24 Y:85
15/12/2020 09:32:58 Transporto a Snow hacia Mapa34 X:31 Y:86
15/12/2020 09:32:58 Transporto a Snow hacia Mapa34 X:37 Y:87
15/12/2020 09:32:58 Transporto a Snow hacia Mapa34 X:43 Y:86
15/12/2020 09:32:59 Transporto a Snow hacia Mapa34 X:47 Y:83
15/12/2020 09:32:59 Transporto a Snow hacia Mapa34 X:52 Y:80
15/12/2020 09:32:59 Transporto a Snow hacia Mapa34 X:59 Y:78
15/12/2020 09:32:59 Transporto a Snow hacia Mapa34 X:65 Y:77
15/12/2020 09:32:59 Transporto a Snow hacia Mapa34 X:72 Y:77
15/12/2020 09:33:00 Transporto a Snow hacia Mapa34 X:79 Y:77
15/12/2020 09:33:00 Transporto a Snow hacia Mapa34 X:85 Y:76
15/12/2020 09:33:04 Transporto a Snow hacia Mapa32 X:25 Y:80
15/12/2020 09:33:05 Transporto a Snow hacia Mapa32 X:28 Y:85
15/12/2020 09:33:05 Transporto a Snow hacia Mapa32 X:31 Y:90
15/12/2020 09:33:08 Transporto a Snow hacia Mapa31 X:34 Y:17
15/12/2020 09:33:08 Transporto a Snow hacia Mapa31 X:38 Y:21
15/12/2020 09:33:08 Transporto a Snow hacia Mapa31 X:42 Y:26
15/12/2020 09:33:08 Transporto a Snow hacia Mapa31 X:42 Y:31
15/12/2020 09:33:08 Transporto a Snow hacia Mapa31 X:41 Y:36
15/12/2020 09:33:08 Transporto a Snow hacia Mapa31 X:41 Y:42
15/12/2020 09:33:09 Transporto a Snow hacia Mapa31 X:43 Y:47
15/12/2020 09:33:09 Transporto a Snow hacia Mapa31 X:46 Y:52
15/12/2020 09:33:09 Transporto a Snow hacia Mapa31 X:48 Y:57
15/12/2020 09:33:09 Transporto a Snow hacia Mapa31 X:48 Y:63
15/12/2020 09:33:10 Transporto a Snow hacia Mapa31 X:47 Y:69
15/12/2020 09:33:10 Transporto a Snow hacia Mapa31 X:48 Y:75
15/12/2020 09:33:10 Transporto a Snow hacia Mapa31 X:50 Y:80
15/12/2020 09:33:19 Transporto a Snow hacia Mapa167 X:41 Y:72
15/12/2020 09:33:19 Transporto a Snow hacia Mapa167 X:40 Y:66
15/12/2020 09:33:20 Transporto a Snow hacia Mapa167 X:36 Y:60
15/12/2020 09:33:20 Transporto a Snow hacia Mapa167 X:31 Y:54
15/12/2020 09:33:20 Transporto a Snow hacia Mapa167 X:31 Y:49
15/12/2020 09:33:20 Transporto a Snow hacia Mapa167 X:31 Y:44
15/12/2020 09:33:21 Transporto a Snow hacia Mapa167 X:39 Y:41
15/12/2020 09:37:47 Se conecto con ip:127.0.0.1 SE: 77391571
15/12/2020 09:37:55 Transporto a Snow hacia Mapa35 X:50 Y:50
15/12/2020 09:37:56 Transporto a Snow hacia Mapa35 X:45 Y:54
15/12/2020 09:37:57 Transporto a Snow hacia Mapa35 X:38 Y:59
15/12/2020 09:37:57 Transporto a Snow hacia Mapa35 X:32 Y:64
15/12/2020 09:37:57 Transporto a Snow hacia Mapa35 X:30 Y:71
15/12/2020 09:37:58 Transporto a Snow hacia Mapa35 X:31 Y:77
15/12/2020 09:37:58 Transporto a Snow hacia Mapa35 X:40 Y:78
15/12/2020 09:38:06 Transporto a Snow hacia Mapa35 X:53 Y:82
15/12/2020 09:38:07 Transporto a Snow hacia Mapa35 X:62 Y:82
15/12/2020 09:38:07 Transporto a Snow hacia Mapa35 X:68 Y:84
15/12/2020 09:38:07 Transporto a Snow hacia Mapa35 X:72 Y:87
15/12/2020 09:38:08 Transporto a Snow hacia Mapa35 X:77 Y:89
15/12/2020 09:38:08 Transporto a Snow hacia Mapa35 X:82 Y:91
15/12/2020 09:38:17 Transporto a Snow hacia Mapa32 X:26 Y:24
15/12/2020 09:38:17 Transporto a Snow hacia Mapa32 X:29 Y:29
15/12/2020 09:38:18 Transporto a Snow hacia Mapa32 X:29 Y:35
15/12/2020 09:38:18 Transporto a Snow hacia Mapa32 X:28 Y:40
15/12/2020 09:38:18 Transporto a Snow hacia Mapa32 X:29 Y:44
15/12/2020 09:38:18 Transporto a Snow hacia Mapa32 X:30 Y:48
15/12/2020 09:38:19 Transporto a Snow hacia Mapa32 X:30 Y:42
15/12/2020 09:38:19 Transporto a Snow hacia Mapa32 X:30 Y:36
15/12/2020 09:38:20 Transporto a Snow hacia Mapa32 X:35 Y:38
29/12/2020 12:13:34 RAYO GM: Lobo >> Especial <<
29/12/2020 12:15:18 RAYO GM: Goblin >>  Líder <<
29/12/2020 12:17:40 RAYO GM: Araña gigante
29/12/2020 12:17:42 RAYO GM: Troglodita
29/12/2020 12:17:43 RAYO GM: Troglodita
18/1/2021 11:30:11 Se conecto con ip:127.0.0.1 SE: 77391571
18/1/2021 11:30:28 Transporto a Snow hacia Mapa34 X:33 Y:81
18/1/2021 11:30:28 Transporto a Snow hacia Mapa34 X:33 Y:76
18/1/2021 11:30:29 Transporto a Snow hacia Mapa34 X:32 Y:81
18/1/2021 11:30:29 Transporto a Snow hacia Mapa34 X:31 Y:86
18/1/2021 11:30:30 Transporto a Snow hacia Mapa34 X:25 Y:85
18/1/2021 11:30:35 Transporto a Snow hacia Mapa34 X:28 Y:81
18/1/2021 11:30:35 Transporto a Snow hacia Mapa34 X:38 Y:76
18/1/2021 11:30:36 Transporto a Snow hacia Mapa34 X:42 Y:69
18/1/2021 11:30:36 Transporto a Snow hacia Mapa34 X:41 Y:63
18/1/2021 11:30:36 Transporto a Snow hacia Mapa34 X:39 Y:58
18/1/2021 11:30:37 Transporto a Snow hacia Mapa34 X:47 Y:60
18/1/2021 11:30:37 Transporto a Snow hacia Mapa34 X:52 Y:66
18/1/2021 11:30:39 Transporto a Snow hacia Mapa34 X:61 Y:67
18/1/2021 11:30:39 Transporto a Snow hacia Mapa34 X:67 Y:67
18/1/2021 11:30:40 Transporto a Snow hacia Mapa34 X:72 Y:64
18/1/2021 11:30:45 Transporto a Snow hacia Mapa34 X:80 Y:64
18/1/2021 11:30:45 Transporto a Snow hacia Mapa34 X:80 Y:58
18/1/2021 11:30:45 Transporto a Snow hacia Mapa34 X:79 Y:51
18/1/2021 11:30:45 Transporto a Snow hacia Mapa34 X:76 Y:45
18/1/2021 11:30:45 Transporto a Snow hacia Mapa34 X:72 Y:40
18/1/2021 11:30:46 Transporto a Snow hacia Mapa34 X:71 Y:36
18/1/2021 11:30:46 Transporto a Snow hacia Mapa34 X:70 Y:32
18/1/2021 11:30:46 Transporto a Snow hacia Mapa34 X:67 Y:27
18/1/2021 11:30:46 Transporto a Snow hacia Mapa34 X:63 Y:22
18/1/2021 11:30:47 Transporto a Snow hacia Mapa34 X:60 Y:17
18/1/2021 11:30:47 Transporto a Snow hacia Mapa34 X:56 Y:13
18/1/2021 11:30:47 Transporto a Snow hacia Mapa34 X:52 Y:9
18/1/2021 11:30:48 Transporto a Snow hacia Mapa34 X:43 Y:12
18/1/2021 11:30:48 Transporto a Snow hacia Mapa34 X:34 Y:15
18/1/2021 11:30:52 Transporto a Snow hacia Mapa35 X:39 Y:80
18/1/2021 11:30:52 Transporto a Snow hacia Mapa35 X:44 Y:74
18/1/2021 11:30:52 Transporto a Snow hacia Mapa35 X:49 Y:69
18/1/2021 11:30:53 Transporto a Snow hacia Mapa35 X:54 Y:66
18/1/2021 11:30:54 Transporto a Snow hacia Mapa35 X:56 Y:70
18/1/2021 11:30:56 Transporto a Snow hacia Mapa35 X:62 Y:66
18/1/2021 11:30:56 Transporto a Snow hacia Mapa35 X:65 Y:61
18/1/2021 11:30:56 Transporto a Snow hacia Mapa35 X:66 Y:55
18/1/2021 11:30:57 Transporto a Snow hacia Mapa35 X:64 Y:49
18/1/2021 11:30:57 Transporto a Snow hacia Mapa35 X:61 Y:44
18/1/2021 11:30:57 Transporto a Snow hacia Mapa35 X:57 Y:40
18/1/2021 11:30:57 Transporto a Snow hacia Mapa35 X:54 Y:38
18/1/2021 11:30:57 Transporto a Snow hacia Mapa35 X:51 Y:37
18/1/2021 11:30:58 Transporto a Snow hacia Mapa35 X:47 Y:37
18/1/2021 11:30:58 Transporto a Snow hacia Mapa35 X:42 Y:37
18/1/2021 11:30:58 Transporto a Snow hacia Mapa35 X:37 Y:39
18/1/2021 11:30:58 Transporto a Snow hacia Mapa35 X:33 Y:42
18/1/2021 11:30:59 Transporto a Snow hacia Mapa35 X:32 Y:46
18/1/2021 11:30:59 Transporto a Snow hacia Mapa35 X:33 Y:50
18/1/2021 11:30:59 Transporto a Snow hacia Mapa35 X:32 Y:53
18/1/2021 11:30:59 Transporto a Snow hacia Mapa35 X:25 Y:52
18/1/2021 11:30:59 Transporto a Snow hacia Mapa35 X:17 Y:51
18/1/2021 11:31:00 Transporto a Snow hacia Mapa35 X:16 Y:56
18/1/2021 11:31:00 Transporto a Snow hacia Mapa35 X:17 Y:61
18/1/2021 11:31:00 Transporto a Snow hacia Mapa35 X:19 Y:65
18/1/2021 11:31:01 Transporto a Snow hacia Mapa35 X:17 Y:59
18/1/2021 11:31:02 Transporto a Snow hacia Mapa35 X:20 Y:56
18/1/2021 11:31:03 Transporto a Snow hacia Mapa35 X:22 Y:52
18/1/2021 11:31:03 Transporto a Snow hacia Mapa35 X:18 Y:51
18/1/2021 11:31:03 Transporto a Snow hacia Mapa35 X:16 Y:48
18/1/2021 11:31:03 Transporto a Snow hacia Mapa35 X:15 Y:42
18/1/2021 11:31:03 Transporto a Snow hacia Mapa35 X:15 Y:35
18/1/2021 11:31:05 Transporto a Snow hacia Mapa35 X:21 Y:31
18/1/2021 11:31:05 Transporto a Snow hacia Mapa35 X:29 Y:28
18/1/2021 11:31:06 Transporto a Snow hacia Mapa35 X:37 Y:27
18/1/2021 11:31:06 Transporto a Snow hacia Mapa35 X:45 Y:31
18/1/2021 11:31:06 Transporto a Snow hacia Mapa35 X:52 Y:36
18/1/2021 11:31:06 Transporto a Snow hacia Mapa35 X:59 Y:41
18/1/2021 11:31:07 Transporto a Snow hacia Mapa35 X:63 Y:39
18/1/2021 11:31:07 Transporto a Snow hacia Mapa35 X:70 Y:39
18/1/2021 11:31:07 Transporto a Snow hacia Mapa35 X:76 Y:42
18/1/2021 11:31:07 Transporto a Snow hacia Mapa35 X:81 Y:46
18/1/2021 11:31:08 Transporto a Snow hacia Mapa35 X:86 Y:50
18/1/2021 11:31:10 Transporto a Snow hacia Mapa4 X:25 Y:55
18/1/2021 11:31:10 Transporto a Snow hacia Mapa4 X:32 Y:61
18/1/2021 11:31:10 Transporto a Snow hacia Mapa4 X:30 Y:55
18/1/2021 11:31:10 Transporto a Snow hacia Mapa4 X:27 Y:49
18/1/2021 11:31:18 Transporto a Snow hacia Mapa4 X:28 Y:53
18/1/2021 11:31:18 Transporto a Snow hacia Mapa4 X:34 Y:56
18/1/2021 11:31:18 Transporto a Snow hacia Mapa4 X:37 Y:59
18/1/2021 11:31:19 Transporto a Snow hacia Mapa4 X:38 Y:62
18/1/2021 11:31:19 Transporto a Snow hacia Mapa4 X:38 Y:65
18/1/2021 11:31:19 Transporto a Snow hacia Mapa4 X:38 Y:68
18/1/2021 11:31:19 Transporto a Snow hacia Mapa4 X:45 Y:66
18/1/2021 11:31:20 Transporto a Snow hacia Mapa4 X:51 Y:62
18/1/2021 11:31:20 Transporto a Snow hacia Mapa4 X:57 Y:63
18/1/2021 11:31:20 Transporto a Snow hacia Mapa4 X:63 Y:65
18/1/2021 11:31:21 Transporto a Snow hacia Mapa4 X:65 Y:69
18/1/2021 11:31:21 Transporto a Snow hacia Mapa4 X:65 Y:73
18/1/2021 11:31:21 Transporto a Snow hacia Mapa4 X:63 Y:76
18/1/2021 11:31:21 Transporto a Snow hacia Mapa4 X:59 Y:79
18/1/2021 11:31:22 Transporto a Snow hacia Mapa4 X:55 Y:82
18/1/2021 11:31:25 Transporto a Snow hacia Mapa32 X:65 Y:13
18/1/2021 11:31:26 Transporto a Snow hacia Mapa32 X:66 Y:12
18/1/2021 11:31:27 Transporto a Snow hacia Mapa32 X:71 Y:15
18/1/2021 11:31:28 Transporto a Snow hacia Mapa32 X:70 Y:19
18/1/2021 11:31:28 Transporto a Snow hacia Mapa32 X:68 Y:24
18/1/2021 11:31:28 Transporto a Snow hacia Mapa32 X:65 Y:29
18/1/2021 11:31:29 Transporto a Snow hacia Mapa32 X:64 Y:33
18/1/2021 11:31:29 Transporto a Snow hacia Mapa32 X:65 Y:38
18/1/2021 11:31:29 Transporto a Snow hacia Mapa32 X:68 Y:43
18/1/2021 11:31:30 Transporto a Snow hacia Mapa32 X:67 Y:47
18/1/2021 11:31:30 Transporto a Snow hacia Mapa32 X:65 Y:51
18/1/2021 11:31:30 Transporto a Snow hacia Mapa32 X:60 Y:53
18/1/2021 11:31:30 Transporto a Snow hacia Mapa32 X:54 Y:54
18/1/2021 11:31:30 Transporto a Snow hacia Mapa32 X:49 Y:54
18/1/2021 11:31:31 Transporto a Snow hacia Mapa32 X:47 Y:52
18/1/2021 11:31:31 Transporto a Snow hacia Mapa32 X:47 Y:49
18/1/2021 11:31:31 Transporto a Snow hacia Mapa32 X:46 Y:51
18/1/2021 11:31:31 Transporto a Snow hacia Mapa32 X:44 Y:54
18/1/2021 11:31:32 Transporto a Snow hacia Mapa32 X:41 Y:55
18/1/2021 11:31:33 Transporto a Snow hacia Mapa32 X:38 Y:59
18/1/2021 11:31:33 Transporto a Snow hacia Mapa32 X:34 Y:63
18/1/2021 11:31:33 Transporto a Snow hacia Mapa32 X:37 Y:67
18/1/2021 11:31:34 Transporto a Snow hacia Mapa32 X:42 Y:71
18/1/2021 11:31:34 Transporto a Snow hacia Mapa32 X:46 Y:74
18/1/2021 11:31:35 Transporto a Snow hacia Mapa32 X:45 Y:78
18/1/2021 11:31:35 Transporto a Snow hacia Mapa32 X:45 Y:82
18/1/2021 11:31:35 Transporto a Snow hacia Mapa32 X:47 Y:85
18/1/2021 11:31:35 Transporto a Snow hacia Mapa32 X:47 Y:88
18/1/2021 11:31:35 Transporto a Snow hacia Mapa32 X:45 Y:91
18/1/2021 11:31:36 Transporto a Snow hacia Mapa32 X:50 Y:86
18/1/2021 11:31:36 Transporto a Snow hacia Mapa32 X:56 Y:82
18/1/2021 11:31:36 Transporto a Snow hacia Mapa32 X:59 Y:79
18/1/2021 11:31:36 Transporto a Snow hacia Mapa32 X:60 Y:76
18/1/2021 11:31:37 Transporto a Snow hacia Mapa32 X:57 Y:72
18/1/2021 11:31:37 Transporto a Snow hacia Mapa32 X:52 Y:68
18/1/2021 11:31:37 Transporto a Snow hacia Mapa32 X:49 Y:65
18/1/2021 11:31:37 Transporto a Snow hacia Mapa32 X:47 Y:62
18/1/2021 11:31:37 Transporto a Snow hacia Mapa32 X:45 Y:59
18/1/2021 11:31:44 Transporto a Snow hacia Mapa161 X:50 Y:50
18/1/2021 11:31:45 Transporto a Snow hacia Mapa161 X:45 Y:52
18/1/2021 11:31:45 Transporto a Snow hacia Mapa161 X:37 Y:50
18/1/2021 11:31:47 Transporto a Snow hacia Mapa161 X:30 Y:53
18/1/2021 11:31:50 Transporto a Snow hacia Mapa161 X:39 Y:49
18/1/2021 11:31:50 Transporto a Snow hacia Mapa161 X:46 Y:43
18/1/2021 11:31:51 Transporto a Snow hacia Mapa161 X:40 Y:36
18/1/2021 11:31:51 Transporto a Snow hacia Mapa161 X:35 Y:30
18/1/2021 11:31:51 Transporto a Snow hacia Mapa161 X:39 Y:24
18/1/2021 11:31:53 Transporto a Snow hacia Mapa161 X:48 Y:21
18/1/2021 11:31:54 Transporto a Snow hacia Mapa161 X:56 Y:20
18/1/2021 11:31:56 Transporto a Snow hacia Mapa161 X:62 Y:24
18/1/2021 11:31:57 Transporto a Snow hacia Mapa161 X:64 Y:30
18/1/2021 11:31:57 Transporto a Snow hacia Mapa161 X:66 Y:36
18/1/2021 11:31:57 Transporto a Snow hacia Mapa161 X:67 Y:42
18/1/2021 11:31:58 Transporto a Snow hacia Mapa161 X:65 Y:46
18/1/2021 11:31:58 Transporto a Snow hacia Mapa161 X:63 Y:51
18/1/2021 11:31:58 Transporto a Snow hacia Mapa161 X:64 Y:57
18/1/2021 11:31:59 Transporto a Snow hacia Mapa161 X:72 Y:56
18/1/2021 11:32:00 Transporto a Snow hacia Mapa161 X:77 Y:57
18/1/2021 11:32:00 Transporto a Snow hacia Mapa161 X:84 Y:58
18/1/2021 11:32:03 Transporto a Snow hacia Mapa162 X:28 Y:27
18/1/2021 11:32:03 Transporto a Snow hacia Mapa162 X:38 Y:28
18/1/2021 11:32:04 Transporto a Snow hacia Mapa162 X:46 Y:28
18/1/2021 11:32:04 Transporto a Snow hacia Mapa162 X:52 Y:27
18/1/2021 11:32:04 Transporto a Snow hacia Mapa162 X:54 Y:22
18/1/2021 11:32:05 Transporto a Snow hacia Mapa162 X:53 Y:16
18/1/2021 11:32:05 Transporto a Snow hacia Mapa162 X:52 Y:12
18/1/2021 11:32:05 Transporto a Snow hacia Mapa162 X:54 Y:13
18/1/2021 11:32:05 Transporto a Snow hacia Mapa162 X:58 Y:18
18/1/2021 11:32:05 Transporto a Snow hacia Mapa162 X:62 Y:24
18/1/2021 11:32:06 Transporto a Snow hacia Mapa162 X:60 Y:29
18/1/2021 11:32:06 Transporto a Snow hacia Mapa162 X:56 Y:33
18/1/2021 11:32:06 Transporto a Snow hacia Mapa162 X:50 Y:36
18/1/2021 11:32:07 Transporto a Snow hacia Mapa162 X:47 Y:39
18/1/2021 11:32:16 Transporto a Snow hacia Mapa147 X:50 Y:50
18/1/2021 11:32:16 Transporto a Snow hacia Mapa147 X:46 Y:49
18/1/2021 11:32:17 Transporto a Snow hacia Mapa147 X:41 Y:45
18/1/2021 11:32:18 Transporto a Snow hacia Mapa147 X:38 Y:49
18/1/2021 11:32:38 Transporto a Snow hacia Mapa79 X:50 Y:50
18/1/2021 11:32:39 Transporto a Snow hacia Mapa79 X:50 Y:54
18/1/2021 11:33:01 Transporto a Snow hacia Mapa90 X:50 Y:50
18/1/2021 11:33:01 Transporto a Snow hacia Mapa90 X:46 Y:55
18/1/2021 11:33:02 Transporto a Snow hacia Mapa90 X:40 Y:54
18/1/2021 11:33:29 Transporto a Snow hacia Mapa91 X:32 Y:73
18/1/2021 11:33:29 Transporto a Snow hacia Mapa91 X:36 Y:67
18/1/2021 11:33:30 Transporto a Snow hacia Mapa91 X:39 Y:61
18/1/2021 11:33:31 Transporto a Snow hacia Mapa91 X:32 Y:61
18/1/2021 11:33:32 Transporto a Snow hacia Mapa91 X:23 Y:58
18/1/2021 11:33:32 Transporto a Snow hacia Mapa91 X:22 Y:51
18/1/2021 11:33:33 Transporto a Snow hacia Mapa91 X:21 Y:44
18/1/2021 11:33:33 Transporto a Snow hacia Mapa91 X:22 Y:38
18/1/2021 11:33:34 Transporto a Snow hacia Mapa91 X:26 Y:32
18/1/2021 11:33:34 Transporto a Snow hacia Mapa91 X:32 Y:30
18/1/2021 11:33:34 Transporto a Snow hacia Mapa91 X:39 Y:32
18/1/2021 11:33:34 Transporto a Snow hacia Mapa91 X:45 Y:36
18/1/2021 11:33:34 Transporto a Snow hacia Mapa91 X:51 Y:40
18/1/2021 11:33:35 Transporto a Snow hacia Mapa91 X:55 Y:38
18/1/2021 11:33:36 Transporto a Snow hacia Mapa91 X:61 Y:35
18/1/2021 11:33:36 Transporto a Snow hacia Mapa91 X:67 Y:34
18/1/2021 11:33:37 Transporto a Snow hacia Mapa91 X:73 Y:34
18/1/2021 11:33:37 Transporto a Snow hacia Mapa91 X:70 Y:28
18/1/2021 11:33:39 Transporto a Snow hacia Mapa92 X:53 Y:67
18/1/2021 11:33:39 Transporto a Snow hacia Mapa92 X:60 Y:73
18/1/2021 11:33:40 Transporto a Snow hacia Mapa92 X:63 Y:78
18/1/2021 11:33:40 Transporto a Snow hacia Mapa92 X:59 Y:82
18/1/2021 11:33:45 Transporto a Snow hacia Mapa37 X:50 Y:50
18/1/2021 11:33:46 Transporto a Snow hacia Mapa37 X:52 Y:56
18/1/2021 11:33:47 Transporto a Snow hacia Mapa37 X:57 Y:61
18/1/2021 11:34:04 Transporto a Snow hacia Mapa182 X:50 Y:50
18/1/2021 11:34:05 Transporto a Snow hacia Mapa182 X:52 Y:47
18/1/2021 11:34:14 Transporto a Snow hacia Mapa182 X:48 Y:41
18/1/2021 11:34:14 Transporto a Snow hacia Mapa182 X:45 Y:35
18/1/2021 11:34:15 Transporto a Snow hacia Mapa182 X:48 Y:30
18/1/2021 11:34:15 Transporto a Snow hacia Mapa182 X:43 Y:26
18/1/2021 11:34:16 Transporto a Snow hacia Mapa182 X:35 Y:25
18/1/2021 11:34:16 Transporto a Snow hacia Mapa182 X:29 Y:28
18/1/2021 11:34:16 Transporto a Snow hacia Mapa182 X:33 Y:34
18/1/2021 11:34:17 Transporto a Snow hacia Mapa182 X:39 Y:39
18/1/2021 11:34:17 Transporto a Snow hacia Mapa182 X:44 Y:44
18/1/2021 11:34:17 Transporto a Snow hacia Mapa182 X:47 Y:49
18/1/2021 11:34:17 Transporto a Snow hacia Mapa182 X:49 Y:54
18/1/2021 11:34:23 Transporto a Snow hacia Mapa180 X:50 Y:50
18/1/2021 11:34:26 Transporto a Snow hacia Mapa180 X:50 Y:55
18/1/2021 11:34:26 Transporto a Snow hacia Mapa180 X:49 Y:61
18/1/2021 11:34:26 Transporto a Snow hacia Mapa180 X:48 Y:67
18/1/2021 11:34:26 Transporto a Snow hacia Mapa180 X:48 Y:72
18/1/2021 11:34:27 Transporto a Snow hacia Mapa180 X:47 Y:78
18/1/2021 11:34:27 Transporto a Snow hacia Mapa180 X:46 Y:84
18/1/2021 11:34:28 Transporto a Snow hacia Mapa180 X:45 Y:89
18/1/2021 11:34:31 Transporto a Snow hacia Mapa178 X:50 Y:50
18/1/2021 11:34:32 Transporto a Snow hacia Mapa178 X:47 Y:54
18/1/2021 11:34:32 Transporto a Snow hacia Mapa178 X:42 Y:59
18/1/2021 11:34:43 Transporto a Snow hacia Mapa178 X:32 Y:62
18/1/2021 11:34:44 Transporto a Snow hacia Mapa178 X:26 Y:67
18/1/2021 11:34:44 Transporto a Snow hacia Mapa178 X:23 Y:71
18/1/2021 11:34:44 Transporto a Snow hacia Mapa178 X:27 Y:76
18/1/2021 11:34:45 Transporto a Snow hacia Mapa178 X:31 Y:82
18/1/2021 11:34:53 Transporto a Snow hacia Mapa110 X:50 Y:50
18/1/2021 11:34:54 Transporto a Snow hacia Mapa110 X:47 Y:53
18/1/2021 11:34:56 Transporto a Snow hacia Mapa165 X:77 Y:21
18/1/2021 11:34:56 Transporto a Snow hacia Mapa165 X:68 Y:22
18/1/2021 11:34:57 Transporto a Snow hacia Mapa165 X:61 Y:23
18/1/2021 11:34:57 Transporto a Snow hacia Mapa165 X:52 Y:21
18/1/2021 11:34:57 Transporto a Snow hacia Mapa165 X:44 Y:19
18/1/2021 11:34:57 Transporto a Snow hacia Mapa165 X:36 Y:21
18/1/2021 11:34:58 Transporto a Snow hacia Mapa165 X:28 Y:23
18/1/2021 11:34:58 Transporto a Snow hacia Mapa165 X:23 Y:21
18/1/2021 11:35:08 Transporto a Snow hacia Mapa174 X:50 Y:50
18/1/2021 11:35:09 Transporto a Snow hacia Mapa174 X:47 Y:54
18/1/2021 11:35:09 Transporto a Snow hacia Mapa174 X:49 Y:57
18/1/2021 11:35:10 Transporto a Snow hacia Mapa174 X:55 Y:53
18/1/2021 11:35:10 Transporto a Snow hacia Mapa174 X:60 Y:47
18/1/2021 11:35:58 Se conecto con ip:127.0.0.1 SE: 77391571
18/1/2021 11:38:16 Se conecto con ip:127.0.0.1 SE: 77391571
18/1/2021 11:39:25 Se conecto con ip:127.0.0.1 SE: 77391571
20/1/2021 09:52:28 Se conecto con ip:127.0.0.1 SE: 77391571
20/1/2021 10:01:35 Se conecto con ip:127.0.0.1 SE: 77391571
23/1/2021 03:47:23 Se conecto con ip:127.0.0.1 SE: 77391571
10/3/2021 23:27:48 RAYO GM: Troglodita
10/3/2021 23:27:52 RAYO GM: Araña gigante
10/3/2021 23:27:53 RAYO GM: Troglodita
10/3/2021 23:27:54 RAYO GM: Troglodita
29/03/2021 13:05:16 RAYO GM: Treant Joven
29/03/2021 13:05:17 RAYO GM: Treant Joven
